v;7E05778C6177B60C4C83BAF68126CB173B4FCFA265AA3084258D82661B9A819E;<c.e.f0.o: void f()>;scheduleAtFixedRate;Time before execution;0L
v;F15CE9147C413D1716793A8281AFAB17A73286792EFEF626BD9CEBD7AD653AEC;<net.openvpn.openvpn.OpenVPNClient: void ProressDialog()>;schedule;Period after next execution in ms;100L
v;0A5DEF5D874B39CBF3387215EB775D8F0C459C80C16D4929A9311314B8BCFAFF;<a.c.a.r0: void b(long,java.util.concurrent.TimeUnit)>;scheduleAtFixedRate;TimeUnit;SECONDS
v;627D809A4840D3E1A70CBA1828E5447D7C8F85AF10C9FA40DEA3DE65A2E0715E;<kdpnflfdglluicag.qrnezbenxzjfavl.gbwuhzvwnjditxupd.wotemyasbextbgwdv: void tldlehwvntjrubmgms()>;scheduleAtFixedRate;Time before execution;0L
v;9640C6AAF744B9876E8EE7C3FA19608FD8691236589574DC8D745C8B2D1A44E2;<com.power.clean.antivirus.activities.MainActivity: void t()>;schedule;Period after next execution in ms;5000L
v;794C13BBEF01ACD70EA3E0BD6AF6D3904970B312CF0F6B06A0F60E155C59C1CA;<c.e.q3: void e(android.content.Context,long)>;schedule;Persistent;1
v;9461B35AAC0855C7A305293DFE2B871B17EB9A3458C4250E83F64E49B05B9324;<com.myviocerecorder.voicerecorder.ui.activities.CropActivity: void a(android.view.View)>;scheduleWithFixedDelay;TimeUnit;MILLISECONDS
x;boolean dynamically assigned;305C0E7A8067D2C7291172BE1C7FDBA0C632D5A5E9351D39AD24E2EAA90382AA;<com.appbrain.a.s: java.lang.Exception a(android.app.job.JobScheduler,long,boolean)>;schedule;Persistent;$z0
x;unknown though assigned 5L;0A5DEF5D874B39CBF3387215EB775D8F0C459C80C16D4929A9311314B8BCFAFF;<a.c.a.r0: void b(long,java.util.concurrent.TimeUnit)>;scheduleAtFixedRate;Time before execution;Unknown
v;9BD261A3680C580F01472E2122FADC3977FA8CE41BEF205A5159F73FCEBBA370;<bigdbiz.info.doorstepdelivery.SplashScreenPages.SplashScreen: void onResume()>;schedule;Period after next execution in ms;30000L
x;boolean dynamically assigned;046947FB46BA244BF4D67B9F0E44319214EED075787EC15B143419109FA4569C;<com.appbrain.a.s: java.lang.Exception a(android.app.job.JobScheduler,long,boolean)>;schedule;Persistent;$z0
v;48B48535FF452126774AFB9460774F6D55CD052E98284415196559D3DC133B8E;<c.e.f0.o: void f()>;scheduleAtFixedRate;TimeUnit;SECONDS
v;15E62D2268A9399763DC395F5A1C01699D44C17B9B640AACD9DA8A90F6C1594B;<com.cm.base.infoc.base.ˑʽ: void ˑʼ()>;schedule;Latency;3000000L
v;64A6524793AB6984140BDD30B52F7FF7629AB2C26A5CC99D609AD6FE06DEFF3B;<X.00N: void A00(X.00N,X.04h,java.io.File,java.util.Properties)>;schedule;TimeUnit;SECONDS
v;6CA4753403FCB14963EABED6FA6963AA6189030518F2884F57066A51F009D120;<com.cm.base.infoc.base.ⁱʾ: void ﹶʼ()>;schedule;Requires device idle;1
v;12017948DC1DC4E129DA5F6B6FE9229BB05517F811E0985279D4A003F944DE12;<com.cm.base.infoc.base.ـˏ: void ʼˏ()>;schedule;Latency;3000000L
v;B76B084B67030F5D9E612A59680E5E41552C0669FCE3042B57AA505CF17D6F8D;<com.cm.base.infoc.base.ᴵᵢ: void ʿﾞ()>;schedule;Requires device idle;1
x;called with dozen of values;49F9752CDBD4C5DEE1B2E279FC49414D747A3EF821AA61E0BBFB8BA6D8A141A4;<trew.rewq.rewq.hfgf.ytee: void rewq(long,java.lang.Runnable)>;schedule;Time before execution;Unknown
v;A19658DE39517691D3E11BB404AC1FA7A84620EF2E37597174E924F2CA1E5D56;<com.mfinance.android.app.TwoFAActivity: void d(int)>;schedule;Delay of execution in ms;0L
v;D21D34C3B130C8695F87216C0A47222192C405B34A0C8C5DC321D3BFDE310218;<com.radioimzers.wijayafm.RadioMediaPlayerService: void onCreate()>;schedule;Delay of execution in ms;10000L
v;6AD1D124262FE3D95FD257EB696BA3596A3FDF29AC3F2579EAC4EAB520BBF504;<c.e.f0.o: void f()>;scheduleAtFixedRate;Time before execution;0L
v;3C9729B942A6F6593194D8A1C43A37BC55E0F4B7E42C947A0D76682A46C3DDFB;<c.e.f0.o: void f()>;scheduleAtFixedRate;Time before execution;0L
v;9A20D77B7AAF885B7922A5857D1FC17443DAC57E880C0B5099606985BC231060;<io.dcloud.common.adapter.ui.RefreshView: void startUpdateScreenTimer()>;schedule;Period after next execution in ms;100L
v;CABC5F6014D39DA53EA96C94EA2784495BF12469B8BB0DE648923A9B0C1F39C2;<com.cm.base.infoc.base.ʼﹶ: void ﾞי()>;schedule;Network type;1
v;02C368AF32B734E347C2BA3478585D1AC02CD15EE2C428786F8BBCB3C92B8583;<com.cm.base.infoc.base.ٴˏ: void ʻﹳ()>;schedule;Latency;3000000L
v;2F9764C89BB230F7F7A33D3EB04603A2C9E35E520ADBAF062497365F7BF403B3;<com.reskyt.rdesign.MainActivity: void scheduleJob()>;schedule;Required charging;1
x;called with several values;7F1F52BC986C2E48E28A73721D332679D087790B50126B098251C14048A37010;<fr.bmartel.speedtest.SpeedTestSocket: void initReportTask(int)>;scheduleAtFixedRate;Time before execution;Unknown
v;8343B44A4DC75813F2C3971880B4295DB68339425A6C20B1EF9594538D7B0437;<c.e.f0.o: void f()>;scheduleAtFixedRate;TimeUnit;SECONDS
v;D390946DE2ACFF5F34C76CA29F1B96CE7012301A461683E2789A67D618EF526D;<com.Kidshandprint.emicalculator.EMICalculator: void a()>;schedule;Period after next execution in ms;10L
v;06401948412406C910674BEE8A2D44A714FA8D9F48A54873B6B5C1B5314D46F2;<com.cm.base.infoc.base.ʽ: void ᴵʼ()>;schedule;Latency;3000000L
v;46999193575E1A4FD79A0435E08AB650DC78CF262A6FC7B6A77900627AD7835B;<com.a.a.a.a.e: void a()>;scheduleAtFixedRate;Period after next execution in ms;1000L
v;CD098841827F894A042B3D5B20531B96D389CFB6B28017CB724EACE47F3E7885;<com.cm.base.infoc.base.ﹶˋ: void ˎˈ()>;schedule;Requires device idle;1
v;A58881FAB2B3493CD8BB31973704FBCAA3E3382B830F6E2D06487B889D671432;<com.cm.base.infoc.base.??: void ??()>;schedule;Requires device idle;1
v;7D7989430E21599224855CCD7D1CC8845E2158BBC3D689312C1D6A5AAC084B87;<com.mykeyboard.americankeyboard.KeyboardSetService: void onCreate()>;schedule;Delay of execution in ms;2000L
v;D0EA089CF0AAF040EEA682FF0011BE8782470456E15DB6D6B19F1ED80875FE94;<com.cm.base.infoc.base.ˊי: void ʾˏ()>;schedule;Periodic;3000000L
v;7E338BF1CF47180B28404FB266B9D303EBD099B8299658B1D2F9699050CC6DA6;<com.a.a.a.a.e: void a()>;scheduleAtFixedRate;Delay of execution in ms;0L
v;1EC5674E2C786FD8AED027C68E273EF58EF3116697B0C425EA1550A812CD716A;<c.e.f0.o: void f()>;scheduleAtFixedRate;Time before execution;0L
v;73B271CA74CFD250FBE69D5CD7B65390A67B28B40DE27AD8E401F87F911C1F26;<com.etestinc.atom.MainActivity: void initializeLogic()>;schedule;Delay of execution in ms;500L
v;0096E3A66B892ED050875DD1481D74C5D32246D58B395F1E2CED0EBE28ABD94F;<com.cm.base.infoc.base.ʽˊ: void ˏᵔ()>;schedule;Requires device idle;1
v;F8C684AC87DB034783A545CA180C0466D5E1A1A53794C6CEA813FFCAA9C70C44;<com.cm.base.infoc.base.ˋˑ: void ˉﹳ()>;schedule;Periodic;3000000L
v;DD1092A6DE6D17EFB2113F2F6B56F2540FE582CCF96FAEE81946184F0C6807ED;<com.risingsun.smartboard.SplashscreenActivity: void initializeLogic()>;schedule;Delay of execution in ms;3000L
v;141F8B117E646561426F17A1ABC8DBDE1CF7ECF0DE1C15C49FF4BF52BEB8DAAE;<com.b.a: void d(android.content.Context)>;schedule;Required charging;0
v;D774D66F7FFB381FB21513FC4AB8C41E446CDAA30F7B557918BC503C9ECDF220;<com.shuchu.ReadActivity: void autoChangePage(boolean)>;schedule;Delay of execution in ms;1L
v;0F56934AE3BC4C9F04ED9C7FAE4C37E96A89E2EEBA90EA8E3B0536891AC0366A;<f.a.a.c$c: void n()>;scheduleAtFixedRate;Time before execution;1L
v;0096E3A66B892ED050875DD1481D74C5D32246D58B395F1E2CED0EBE28ABD94F;<com.cm.base.infoc.base.ʽˊ: void ˏᵔ()>;schedule;Periodic;3000000L
v;5269F2355A9195D88A4A73A39AAF4B5A2C3404C33A5C32E8325227861FA08CFD;<com.lualu.mulapp.dualspace.account.report.a: void c()>;schedule;Period after next execution in ms;300000L
v;BD0E20B4697A97104FC08634AEAD7D212255D0C5F66E96D1418958579A0B2718;<ʿ.ᴵᴵ.ˑ.ˎ.ʼ.ˈ: void ʻ(java.lang.String,long,ʿ.ᴵᴵ.ˑ.ˎ.ʼ.ˈ$ʼ)>;schedule;TimeUnit;MILLISECONDS
v;3103E5014959ACE0B14426EB32725159418E8F5A28473FA289E3AA61B78FCA51;<com.cleanvirus.cleaner.anti.virus2021.activities.JunkCleanActivity: void onCreate(android.os.Bundle)>;scheduleAtFixedRate;Delay of execution in ms;80L
v;CBF479D147C4346B1D63570D90BD05EB6569354A25834DC42998063C336B24EF;<com.tv.costarricense.VideoActivity: void _canal(java.lang.String)>;scheduleAtFixedRate;Delay of execution in ms;0L
v;D27C5092E6363CBB5FA7C647FC27D223150FF557C370CCB473294D01B98592E4;<ctesoro.odeohle.odeohle.rlashr.pspTdip: void cbostee()>;schedule;Latency;5000L
v;1200575EC97B204B58F5EE3C0E66200EC1ABA73453D092C1288C8452FC394A16;<com.batch441.android.h.i: void a(long,java.lang.Runnable)>;schedule;TimeUnit;MILLISECONDS
v;CD098841827F894A042B3D5B20531B96D389CFB6B28017CB724EACE47F3E7885;<com.cm.base.infoc.base.ﹶˋ: void ˎˈ()>;schedule;Required charging;1
v;7E05778C6177B60C4C83BAF68126CB173B4FCFA265AA3084258D82661B9A819E;<c.e.f0.o: void f()>;scheduleAtFixedRate;Period after next execution;86400L
v;C6501F38C44D390E4215488AFD41C178D09B91E508F5DBC1E83BC22E316B28EE;<com.cm.base.infoc.base.ˏˎ: void ˋᐧ()>;schedule;Requires device idle;1
v;56ED8BC0914968CEB2E97DF70F753C6A4C78021C5FD5BF0ECDFB68863D12E117;<o.bodyToString: void read(o.BackendApi$Companion$paymentTransferApiCall$1,int)>;schedule;Requires device idle;1
v;D27C5092E6363CBB5FA7C647FC27D223150FF557C370CCB473294D01B98592E4;<ctesoro.odeohle.odeohle.rlashr.pspTdip: void cbostee()>;schedule;Persistent;1
v;BED9764A5D371D28984452689981DC8A464CFDC7D410A9954975FC35D632043B;<com.cm.base.infoc.base.ⁱᴵ: void ᵎᵔ()>;schedule;Latency;3000000L
v;CABC5F6014D39DA53EA96C94EA2784495BF12469B8BB0DE648923A9B0C1F39C2;<com.cm.base.infoc.base.ʼﹶ: void ﾞי()>;schedule;Requires device idle;1
v;7F36D953FF533B546167F726FC4248280CCA41DC200F8D0DDC0DF219DF47D959;<com.a.a.a.a.e: void a()>;scheduleAtFixedRate;Delay of execution in ms;0L
v;3103E5014959ACE0B14426EB32725159418E8F5A28473FA289E3AA61B78FCA51;<com.cleanvirus.cleaner.anti.virus2021.activities.MainActivity: void t()>;schedule;Delay of execution in ms;0L
v;238FE79DCAF76345DC43ABC43B2A5C01D2E9228CDCF41EB1A612CFD928FF92DF;<com.cm.base.infoc.base.ᐧʽ: void ᵎﹳ()>;schedule;Required charging;1
v;2E8F1CA1271840026E6FF7F75354265D86ADDB93F5B20A4344F8523F35277CF6;<com.cm.base.infoc.base.ˑᵢ: void ʿʼ()>;schedule;Latency;3000000L
v;69E256647E9EDFDE62A7D79D01A7F1103E5B62162D154B6C6CD50B1D90A10721;<com.cm.base.infoc.base.ᵢˉ: void ˈˊ()>;schedule;Requires device idle;1
v;81FFB37EFD70FE11FC1076F9CF906D8116B39A0A733138AD0A6B99A40C718AA9;<com.cm.base.infoc.base.??: void ??()>;schedule;Periodic;3000000L
v;56ED8BC0914968CEB2E97DF70F753C6A4C78021C5FD5BF0ECDFB68863D12E117;<o.setAuthentication: void MediaBrowserCompat$SearchResultReceiver()>;scheduleAtFixedRate;Period after next execution;86400L
v;7C84A884DEC8434F6AE425FFA611825A40E04EF06162EEFB9F8A15667301E92D;<com.Kidshandprint.batteryhealthchecker.BatteryHealthChecker: void a()>;schedule;Period after next execution in ms;10L
v;71E8C01411B22BF8570B036ECB0D70E0ECAD5581D04B492D899736FA82D6911D;<o.T: void Ι(o.ai)>;schedule;Time before execution;0L
v;CABC5F6014D39DA53EA96C94EA2784495BF12469B8BB0DE648923A9B0C1F39C2;<com.cm.base.infoc.base.ʼﹶ: void ﾞי()>;schedule;Required charging;1
v;2E45DAF34933C7C08638EA6E8D260E0755E9C88020DE86CC0F400BCE44701CFC;<com.Miickeyy.url.shortener.MainActivity$5: void onClick(android.view.View)>;scheduleAtFixedRate;Delay of execution in ms;0L
v;BC09A405D7E9FD571D6F92DE7A70D855CCD30E98E69AABBCB53B3DB0C657C8FF;<ci: void a(java.lang.String,long,ci$b)>;schedule;TimeUnit;MILLISECONDS
v;385A0EC81AC05ECDB64B16B3B45C9F7227D804622301D5BC9F280636AA6389D8;<com.myviocerecorder.voicerecorder.services.RecorderService: void n()>;scheduleAtFixedRate;Delay of execution in ms;0L
v;42D0974D0C84AF47106861B77929C385EB5C3F39C03AF3C6750363226576271D;<com.kidshandprint.anonymouscall.AnonymousCall: void d()>;schedule;Delay of execution in ms;10L
v;0A3C04C8BC62B81646085B1E5ED8D36B2FBCFD45AF2D66A35BAA728F16E06F7D;<com.mastersecurity.cmphonesecurity.activities.LockMainActivity: void onCreate(android.os.Bundle)>;schedule;Periodic;3000L
v;0A3C04C8BC62B81646085B1E5ED8D36B2FBCFD45AF2D66A35BAA728F16E06F7D;<com.mastersecurity.cmphonesecurity.activities.PhoneInfoActivity: void startTimer()>;schedule;Delay of execution in ms;500L
v;FFD3D2D58361D16295AE806ED882B2115667E4B10C15E013CDB86FC42B220918;<com.virus.cleaner.security.antiviruspro.activities.JunkCleanActivity: void onCreate(android.os.Bundle)>;scheduleAtFixedRate;Delay of execution in ms;80L
v;B143762776618CAB1164603700F384201AACC4E080FAED3B6EE3A29088C15268;<com.cm.base.infoc.base.ﾞˆ: void ʼʼ()>;schedule;Latency;3000000L
v;23D5493E638BDF9C1845FD8B6AE7F389DFC8AEC7E5876C27AFACAB55225673DA;<digitalbinoculars.hdhighzoom.camera.MainActivity: void startTimer()>;schedule;Delay of execution in ms;0L
v;556F99A688A15F2A4CEC276A862E170B040E5205B7A118FDBBC2365F9AA2FFB6;<d.a.h.f.i: void a(boolean)>;scheduleAtFixedRate;TimeUnit;SECONDS
v;56A66E58992799751E6665E34AE6D834A9E5406CE3482D40D85DD7698BBC178C;<com.cm.base.infoc.base.ʾʼ: void ـﹶ()>;schedule;Required charging;1
v;D627711F2997545D25F6F7871D608999F91E3FBF45C77FCE1F8887A89F1A3249;<com.cm.base.infoc.base.ˈᵢ: void ʿـ()>;schedule;Required charging;1
v;E1376E69733936A9CEE75054D9E0248CE6ED21A89442E6D24D886151CEAADC3D;<com.dualspace.multiple.account.tool.ad.e: void a()>;schedule;Delay of execution in ms;0L
v;5BAD2ACDE8F975CF9233945269A39EF87EE3C58E060A5E3A48F22A8FE42FA3D4;<com.cm.base.infoc.base.ﹶי: void ᵢᐧ()>;schedule;Requires device idle;1
v;D2E381497E418C15D00126B6C9CDE371D08EABE5CF1A60CD5FC451E271FE1218;<com.mcarbon.acm.ACM: void onResume()>;schedule;TimeUnit;SECONDS
v;56082929A8BDAA435A6800AEDAEBC32B3F9F51CA744D002036268812D21DB037;<com.cm.base.infoc.base.ˏʾ: void ˎˑ()>;schedule;Requires device idle;1
v;E90FC1DA1B7FE24B93DD14C2C1A3F35C81D72F21C912E2BD83828DDF75B1938D;<com.winrahilite.gpstracking.DevicesInfoActivity: void onCreate(android.os.Bundle)>;scheduleAtFixedRate;Period after next execution in ms;10000L
v;B9804F96F2723DD04C14A35CF1477E73296E5CC9590E7172C4858D62F7B382C8;<com.cm.base.infoc.base.ⁱʾ: void ˋʻ()>;schedule;Latency;3000000L
v;C38224202F6DE3296993778DFD80C93EE8953CC3B8A54399CAED21F0C1320507;<k.f.d.r.f: boolean a(k.f.d.r.q)>;schedule;TimeUnit;SECONDS
v;9D5DC6B73AFC788C1F056EA04222937A8CA439C092AD7B2EF33478A56C02C038;<com.magnifyingand.microscopezoomhdcamera.MainActivity: void startTimer()>;schedule;Period after next execution in ms;500L
v;5ECE11D4C0D0268E5C4C59D9F8E89D7EEF8BEA4F2B31A51C34E8A42C02874EDC;<com.cm.base.infoc.base.ﹳٴ: void ʾٴ()>;schedule;Periodic;3000000L
v;FCE9BFA84B55D941EBB57D1A8D5B2B64EE04C9B78EFABB657787ABFE59513613;<com.cm.base.infoc.base.ˋי: void ʻ()>;schedule;Required charging;1
v;0A3C04C8BC62B81646085B1E5ED8D36B2FBCFD45AF2D66A35BAA728F16E06F7D;<com.mastersecurity.cmphonesecurity.activities.LockMainActivity: void onCreate(android.os.Bundle)>;schedule;Requires device idle;0
