0000F398D2F16CEDDE5FC791792F93B8565DF2917C6DBAE05B4B4D33E47AE68B
0057CB203DE9D1C983298E91B76AB2209F80E10350F78803BBA2EBC8195D5E8E
0096E3A66B892ED050875DD1481D74C5D32246D58B395F1E2CED0EBE28ABD94F
018D55A3C71B6BDC735F4919D0786631B93E532E50CE416162B869535935FBFA
01CC9435B93C9445B2BEE3956AD04F1A91E86028511E3CC95864A59F37D4BE81
0209F036596C0957E31CEA842898F6F4CEF80BFF3F9CAAD234577034C48D54B4
02C368AF32B734E347C2BA3478585D1AC02CD15EE2C428786F8BBCB3C92B8583
02CA72FD2A07F82F52A322CE3CCE1EC4F9829D13E7E3CD3FBAD8366501299B6A
03037FABABC84975214D828C602CBCA2035E377FAC2E5449A4BD0D6A47C9A89E
0322476A5C5C76B0ACEA598373831EDE7B33454755C053E39BCC7B3C3D37EBED
03381582F5E610BE9C93D4952F8E5CB33099136F15CD7185FC44154C62CA7CB6
0439157C244E00FD4CD3A036E45AFE95662F8A51DD3E1BF9DBFB117A91F83AD8
046947FB46BA244BF4D67B9F0E44319214EED075787EC15B143419109FA4569C
04C535CD7D72B90977B7164EEDE8A62EC42D2500570C3FE49449F5E2C6463157
04DFD15CA70FFF5A3777393738F8B3FB32CA629CF295F97224B6334FEC12DB94
04E261ED767F569AA69FFAA28A974F76679C738EA1C71475ECDEC5F1304EABB2
05ABE8926226D53D0EAA5331704A0E8A80F551F4E7DB10FE45F45F5AB1008977
05E7BFCDE533095EFE8ED7ACEC8D79F57CEFAF66394EA18786A24CE7EAA0F4B2
05F3479D6ECB2122DB61AF57D1EC405BE7446273EFF6169BECC020ED045103C6
062449C31822D941AE85E7BA58D56CD59DF7BBF737F03D3B85AAC42D09B2A685
06401948412406C910674BEE8A2D44A714FA8D9F48A54873B6B5C1B5314D46F2
06519C2F791C50A3A4DA6348AA9F9ABA6DB674CD5EC20D7596B64CFEE2E18658
06BA7F0D8A6DB3FC0A0173959EECA6BA8E2C69B967E49A10D08FCEF16250520A
06BC6123558DC58EDDFBAD4FD935068718707CC96D5834BE719D2893225AF236
07195BA1EE0D2B8395C9C611B0FFA4D7B05D2922CD16E36CC530768CB72A4B48
0736C69D8F2375D5F7D6EEA40E8E084BD75C5F9C6FA52475E2798EB547BDB19E
0766C2AB4983331E02C29BCF2D97A99A0DBC04A120D821C528773599A087CA60
083C6FAA22E57D930BF9682147FB673C8C8FE5D9700B7F724662418DF5F38B5C
087F688E4BBE06E27592452D8D71D69C6B819CE10522983DA035F555278715E6
08EF8E35B188973A89B14E8010A694DBD284AC4CDD47D9E75BCD58F4D7D7FAAB
0904A0E740CA4FDD2A321987A8CB2F17BA9D2468AF30DE73CC610F7C08D7F0BA
0918FDE6E5EF9E03667B650939DD5E1C3FE2D53CAF0646C7BC85AFA5A861A82F
0921D41E0E3490DD5B347CA5A4C6EF176EF607038F649492FEE6D432DDBDD37E
09A3F9AE2849EC5F086DCC7414A7A31F2AB5B77B96529EE019FCAEA70E8FD758
09AB201B7C44AA83A3D2C563E5A7486B08F03E05DC0E6359B46F6CFE5E4FC695
09B6ADBBE0ABB2BE524E7D1EA2AF4282BB9338ECA1C7F926854E00EE3089839D
09C76CF4952F68487A0B7257A4BCBD74D747EB7263C52345B63134FF7499EFFE
0A5DEF5D874B39CBF3387215EB775D8F0C459C80C16D4929A9311314B8BCFAFF
0ACD3DF017711014157FE43BEA5C2401FE1F905ECF501C19460CFA6B21B6DB8C
0AD6CA15169BBA8D20EEB91756734F382263E4F40BCCD13ED4F9DDB0B5F02B92
0AF01C6CDC890C81303E6B27FFFCD1FEC49CE0AE7A96BE349F03CBD27F7F6F89
0AF0EF0A640429E1E315D3B0723E3010E7A121F0A2152BB7529BCB88C36186B3
0B4B97D66163C893BB65E722C3C57F5E03C8733A1B0FA3179E5196A6A4702264
0B73E0ADCA7A22EA070E0E338F9AF45ECFE98371CAEB12CBDEC923D72A14D240
0BCA895C7931EB3BDBB9AE959F342DD03B9E4795088099AA5030EEDC64EFFF31
0BE38F7F9684A35E081AB88341CFA941B499E194E43535A1D72F8BD56A71066F
0C628CFB869AA133EB93DE31210CE63CCD413486D5FE5CFC2BBA83E66C74C17A
0C775DFFDC2987E3AE10CB93690E185BEF5694CF615C678540F29745854A82C9
0C84151370CB890EE98A2FD2417769843187F2F109A9DE02B3343AD06DB815AB
0CE78D27FD0B89F56D4CF97CCE8AA3B05052DCBFB53B9E746612B8D22437AC67
0CF2D6DA74EC4F3F899F75696BA4FA53910FD12C0BCAC5ABEC1BD51B81030B00
0CF88BCD7FF41A5A57B8FE250851E98BFF386928C46B3D9D84B3284B6371951E
0D067A4B9204349ACEFC6E621438828FD64CE1EFBB368E843F01BE5F496F5284
0D3E5C3BDAD03911F4CEA698364424272661CA198448B94B5D344426EE63849A
0D945F8CFF640F91F1D6FCA47DA16544B7747501AEFB71619DBFE4EB021238A8
0D9CE39B2CE71FCA18971B0F1BAEBBF616D1947F511107572B7DF12420047CFC
0E101D629A783521F5A53DBA7190512824ACF811B5464250D3300CCEC1481DE8
0E3302AD1B51F5FAA14D5059447312057DD29696622E769BE1BDE3F860B7BDAB
0E5F80281DF577E1E49428AC6428E733335765A5F2BCE7E482C7FA468DEBB396
0EE190570240D6BF1EFF21BC443C17C105D57FE738F5BA1EDF5B8B0A70037AAD
0EE52FD0DC3CC0A1E4FB4776533D1D3392B2D0ED0AE9C5C1A73B9F9E53350A1B
0F1402A07EF9FBCA97ECF249D066BF752533BF37B1DB89EC73394F20E2244D88
0F230CB69F7A524E9EBF46248D78416FE0F4EFA81B313304F7014EF245CBF1B1
0F47408A12CB815AC8B7526842720EA897B80231D9B0D52CCE077AD8F714AF41
0F56934AE3BC4C9F04ED9C7FAE4C37E96A89E2EEBA90EA8E3B0536891AC0366A
0FDA951FD66AE12C3C5B3F07D491B6ECAF20C0C6683730D099C7FC933EBD80C6
1075D73822448D7D0B52A62F66B630942DF9FC6888B2CC26A534A5AFB4781429
10A12848DFD4A6E997724A7E9C72E9D13D260A9CC183036E87223DF569A9C511
10BA7BE8A28E995CDBC7E07A7120C746D9A4B5872A425041690DD153A6D47DBB
10FD6E9FE26D9F2C96AA608C436F4BDC4D5A4E11875CE333B7DE29A98F9570AE
1125355315A0E7685B7B9E0D4B07BE3AFF70D7650735AD9400C19677B39FC0A1
113992767CBD186FD73B244DA1722D10258BB23ECB2B538764124E0B0F69D037
118BC7A115209948730465C529DD94B5AB110609284ADA7355C5EEC80B894280
119178FB83A8E323C0A1F3AE72B54605A073F9BB99F5C2782EDCCCC8F4E68AE8
11C08D3611F1D4D47DE9777189AA04DE287A87D212010ACD52AB9CD69E64B0FF
12017948DC1DC4E129DA5F6B6FE9229BB05517F811E0985279D4A003F944DE12
12072ED28F2E0C69BF4CECA49156D4F239EB04A0CCED5F6F8416C7194CDF9602
121A1806D93A8299D368785A10BF809719B9C5F6B295054FE0FD0F397119D259
1267692F53292FA144858EB713F8A8DE0AA3DD8A16F7CA18C7B97DBC0C10AFAB
128A38AA5AA8552FF26E88E4646F6A8E9067467A85214B913A662499C8203E72
12E0A0615753B5FB7CB76A82575F8558887784AA51A08741CFAE1BFA03903924
13285182C91FE7ED6454A78D309B636635079A3716435A0702E80A5135EA39B0
13B0482D0E3C4360BDB199FA5CB25FB3E1B00CAB0E5467DF565588CEA056B2CF
13D928851DD38CDC8786D190AB212323248118179DDAE1B81EF8A81FB8B8E863
13FCD40A2FDDFF5A14F6D99DF89B14611981B3ADDBA88101F6E182BC49D18FF3
1429006F578084AA4F6798641E7CA27A942BD3F56493C36C393754A40344D7BF
14496BEA01F4EF165A3CED6C6C8BAA40D4E0CE4246776225653628FCC0116C41
149337F7C93A9F186EE90FC5AA2979D8C32A9846F527A6CC425CF88CD3F4AD70
14E751ADF619B9B3238C30575414398205D0A815AB381CCCF0ECFF0F754714D3
15D59FB4BCE9483BDDC0D92299D17690B18E7C94253C73E795A69628315D815E
15D62014911CBDC3A23F76989EAC4BC10C4554B4A79DC9033B88099C987DF0AC
15E62D2268A9399763DC395F5A1C01699D44C17B9B640AACD9DA8A90F6C1594B
15FB53E0B41185B43AE2C07F2841001A2E3996A9EFB238E0DB1875232B452C2F
161474A8A68994E70506D34A618466C7ABE4CF2D95B6D765E4C7623CD5D0B885
162CB981EC5439378803510087CC925654039445D1B8667566FF59AA5BC0BB08
16466D59E5998A5CBBD7865E3D34192E9EC689379E99B2376519316EDDD7C4CD
16520A0DF03AA5794BF734E87E456E6E59204461046E21EB34E56DB6F437E6CE
16704F811E130B4D88B7A29DA28C1B36427A1424530D05E400F318B41DDE2917
167A1619612EE657A3DC2EFCDDD87FDAFF45B934789C8E175DBB50094440E370
1680E8D184FBBEBCE3467995AB59874458280E87B909BA67B4BF465345E1E5A1
16B8E099F46B3207C9D0775FB73A2EE12FCFB503D3444E28B39E889BB28212F6
16F7D937B939B65EBAB3A47C3A09EE5DD6C3D7DC3137B884298C66CF2CA47E1E
1706CC60FA79CC3A9DBB84625CD59969FD3F3D040AA19F57D44524FAB834D94D
17612254E3A6CFEDEF0A189458E240E39EF98DC805AE1D368E192F68F6629DE3
17AC27D53B37EE1F40B32054E90F4FC126BBBD400957570B58FBA6D42DD2C411
180252920765FF913C4185D91F59424DE2D5E86C32CEC4572CFA82911EEEA893
18344453C2DA0F4A2DB57E7ACC4E169648AF8BC40D2E0D1F6478570526614097
18BA5C99E300BA1554E500E40F739791096DBBB922794B25318E1CE91E4DA3F4
19288643209489DEE986A98FBEAE13F217FE57889A983208452B7A9212C29734
19418BAD5340F131448A214D85705BEC4D6279EAFBB9F665BC0CB9F258C940AB
196DD66241884DD855E90FBF6B56ED6EFF1FE2BA73341E8857F6893A5DDD3221
1995CE39CA4C28C69483A0DDF2BEC1122184CEC0959CA48E6E7B5128230BBE2E
19AF34AB092E2252A14B39D6704198C2F5E8D18D1F00FBD26EB8AE861693E75D
19DB26C6D3740574EB5221AE034473032588E4DB0BFC48D1A564CB3C5FD37677
19EDB7BB162DF3A2F67A2CB73FF0A1E5108656F5FFEFAE0376CC5999BC448447
1A1540114252CA948215E24BC1092022AA4220736EDE25F67B3DF9CCF8193702
1A187940B073921BFD46D4D114CFC786B95A35E369BE6E884DEFA9F6DF18CD87
1A5E25B9007B3CE268BC4D13B3E03D4F165CB5E644F6C70A3810ECD693DF2BE2
1A7FE615CF08278149E8637953C6E7967A9D719AF341A19F4A44B934DE275E52
1A8F483063FB5B3E47113AAD3AB8F4BC6E806620CD96530016A6F4A57AF8C349
1A98024D4ACC025EFCE8DCDBE1D62D5D9B8D71084CCFDC540D93F269033B89F0
1A9BD4F74A78A8019A81521829273780F1A90035F626BD505E13B8CADA354901
1AD3B32100A11CF19AB4745C8B2A17CD9AB9F6DF928DB74FFE21E2C12D1D612B
1B2058700C3C17778C0050051D7EF31A82D54091E45CB2763F5C29C848100BBC
1B24E4238493526155209E9E55160DACA802162454BA87746202881C15BA8DBB
1B39AE6A8F6307C57BFEFB575913106087495013BE1C780DFDA10503F04440E9
1B3FF34607EF4990B67C04ED3C63BF9E9A77FAC36B7D632875CF83C9F6D37B57
1B5D68AE27E689FB92CE0008C056D36C33824A75E84EA339D3F70976ACADF3F5
1B6D31B88A9F00A3ED70E0EF006EB59EEF8A38838AECE9702B7953623982B93A
1B826B72AB3239BFD6A23AEF655724ABA793F66362F8EBE9881562F92F9D2A31
1BC0A1CC7FBFFB9B90AD5356F3A4F850530EC8D872DD49521585FF3954E45F3A
1C3743FE83C924662E4AB2030A7E7D8EA83C9883A52CAF91160EC34423DE13A3
1CDECF39DD875CBF80CF23F0B4D15F2278611ADD482AADD265AD40114E726B19
1D07B3EE925C11EB2FEF715F16AF436018A27FE8B8604E55CEF6F408FE4D9A61
1D4DD9AFE1C6BC79998BDB3E8C1BFF25DB143CAD96E3CB7858110246E5A4A741
1D62347017D5C96159322CA8BBD3198BB7D8399EBDBA27C43021DCFB2ECB061D
1DA943C479566972CF901FB70436124C6750F483AEC602055136410313D5D39D
1DF966B092729DDD7D10886AB5B06CB45E0F8F63246146504EFF264312F3867D
1E2A9414AA10C59928D5958DC99BEE7CA24ED09366E8493993671D96262BEAD7
1E4CD387C58D7FF0127FBA6A1F1C44C6CD01085966FAB24A95E58AE35D4F9296
1E9E4A1754AEFF753FD8EEEB4BE87A62E54CAD7D45C1B341A468C2470789AC5B
1EA492DB379D3A5F99C0C8214E247DDDAA166BEACD00131C1D615B035A697FF9
1EB1C0A3457AC5D4FBE1C0E129D337580E4722D798800A13FD7D0EB5667CA6C7
1EC5674E2C786FD8AED027C68E273EF58EF3116697B0C425EA1550A812CD716A
1F5660B7AC438800720D8D9C7F48D5EC2F1D590737B21E3AF6113CB10DE52115
1FAACE50B7E998F12EF729DDF2A4BABC4E995C4DF54E8DDA4DD74DF3CBF2DDC1
202664A32A1047067BC158B652C27CFF7974BBB937E65FE62EC03285FECBD39D
20699F786E48B9BFE73D96343A2F5BAEAA3D7BE3D6D787D4C4F2C4888F8C3831
20BC1D4BCF0693605FFAAB0A1EF9CD4E938EF184C78B24FF506162D293C7C3C8
213E95BD74E90F4F0FD660CFF7692C727D30DB667B436D4D48A19762C5962ADB
2173BF08C0D896FAB2F76D199E92B70B23504FD41E10FF8BEAB04C106AB45AF9
217F24D98245990E2D37775D771BBF2436A2431691FBA60FDAB1BCCDEE33C69A
2184EB36869DEF015B3D6CF360972409F9B6CA9C668941F574375D0931B897C5
222AB69774EC8BA10D24754EDB054775E9886C1FB7B321CC83F6AAC2D9107BD4
223F7708343633B64A6442152EA68A82C991DEAB6B913579A2E7C5758885795C
2245D02108018B9743C0629ACC4698B370139BA62B2F9A812EFD18535321C398
225B8F025A3DCCAB9857B65DCD2EAD1AC492E6453A3EB39C79B2D2B02C3D64E5
23035F5B4612D6FD390A9BE6E97132B4D3D6F055C70B2B53A87807E6AD748B27
2306EC5E5920817DCBAC8944A2DC56EFC280283ADAE459D9CC94D7C368916375
23397F286C4C3902BB07074BBA3B4AF5B9360B42E73927CC1379D5CC7C09D7D1
234AF8565B11BF7E9E265D8A5F72B14E72CA1675F7EE8738FCBBFE252DD8D5A1
235154C33B2C5F055EE297B887C839D461FD380B083C06BE412BFD3353E59430
238FE79DCAF76345DC43ABC43B2A5C01D2E9228CDCF41EB1A612CFD928FF92DF
23930EAE87F90CB676ABE21957896AC26B6B49667166286A3FCBCEBF9F13D5EF
23B2415E33DD9C97B0ACAA217754B1B981AB2BCD94E5ECF7C684741536ABCB67
23D5493E638BDF9C1845FD8B6AE7F389DFC8AEC7E5876C27AFACAB55225673DA
24105D34CDF7EBE1A99437E04E7FF2978F335BB485FB13C6944195F16E8A191C
244A469045B74449A289EDF0EC0AC8B98C78F16725E510F068BFA1F5ACB677DA
246FD45C15B381B512A24D6E75BE60680C4E96CCBDA2E7B543E72D6C80F5C92D
24E53E74BFCB8DF094AEFD9BEAB648409DE7526B490CA34DC3F473770650F4DB
253AE8DDD7A169426EA5590E83E988CEB478A3ABA97F985CC603A11A1DD3EF50
253AE9076867E2A3653D3EBEC26CE7E046B799D8276626DA67EA899790EB4E53
258BE88B1C7500B9B19E2A0B5F200B82CB2ACA15948BE6CFF1B07D3FB7D05AC9
26313146BEFF1F271082A1BD33535A7A5D04D5C613D3C29E952C33FDB1A1F0CF
2641805701ACA3BB6606A2FFEB4CBE307762500608CC18CE3BD7010048A20997
2684770C73AE75C93E4DFD2B0DDB99467EF22AFFFF4B89FEFE2E943E49D2A8E3
26CDB48C8FB2C463B8DC39E689465C9730EBA953ACB4875E881F7A0047A7C56E
2718E7119EDCB0323DF64EF7441C70F14E5F1E9BF182305CD95ACCA919D8752A
271B9A182706D9C917204B39E8A2BFC28B1F43581F58100C8B23B3A4AD19A202
2728804C350712F7E004D503F8DD5B98C54237861F14B9C33E36724B952557DB
2755EBCA310EBBF9D998FBDF97435B8BFAF567FFEA109DB8CD24324FE90D326D
278C2B1A50672F6B6DD2893AC46211C644BE23F215820BF89FF9D02140FA58D6
27DAF335BC361E1773EF5B2CC3466BB78D5179022CA219792404CC3828ECEFB7
282EEE92E15E40EF0A194A2BF8FB447C702445991F3D71BBAD5FC2F5C78C2EB7
2851B34D93C985AA57A87334C5520F505A3EBB63C26AD25437330FBF7108D94F
28A82C5E77A62BB2D1C3DA6ADDF71C3B99563E0F73AAD3417BA64BDB21C90919
2956C83514293AF031C2EF5CAB1AD9AA8853C379C68CE62E4D7740D64BF05A0C
2973EC02EDC94036D691D77ACC4D745B3820B46E4C662E1619D8E61E89155B37
298E36E9CF99DED3A869D8F85F5CA26F898E29B79D5F1F0D520D7535A13F553A
29A41C31EEC0F5B38A89D3AC97266A871E8842160341730B59B877308BC833DE
29FAF82382E13B13DA32D5607B33E68340947F65FD29B89A4E6609BB29FF1B92
29FF219184F5FE904ACDEB71AB09D15FB55C4836E8DCBEEAEC754975D1B88A58
2A21273BC5E4B53CB4E2FA51DEA573C71564DD3DFA59697AD7C805435CCC4FDB
2A21528464DC85BFD4F9BA27192ECA1ED7B1EB399B7382381272B27C3ECE881E
2A495CAA618E192C13B9CD84E776E80E1EE680CBCB3D21866031001EA9E4676D
2A771881FD80FA42B3B12B1D49AC40CB1F5D050D53DA1E937AE525B825D43D88
2A943F8B9E42C0E3F6F907AD01BE4EE23BEEA2FB2875A980D2663BC3CC69FD02
2AA3A83BE1B0EDF338EA51CACC0A0AF24C2E28DBDD38073A42D113A6BA2F90A5
2AE189F48F0E23A8F9BF8F9E0311BBBAEA8554215EA90F8C832002ADB2555093
2B4E98BE27B80481EFE1F66B5563C6EC3DA863BE1196904A47A66F93F9890846
2B5ABD15DFD4534D453DAF1A035111ED8C290EF8F7439DB803D2115234141A80
2B72286ED5EB69BEA853D1EDAEC3C93BD45F8D045F6038DB2CA3CDB92898C380
2BBDDB482A14EB8A8EF862176242796AB24C0BFA0EA3297DE2303AC4C0BF1EA0
2BD3D751955D68AE242D7814DA464E451E8753C19C3B56A28B2A1772D5A238E4
2C4EC2620E685CA6BEAD305A05F5541B2E88F064B9A0B8A6E86728941D694061
2CC630855BC211ECF8AF17B71B1C143245FA26F87E0E59D57285EA7D6035E2F4
2D035FC11DEE5575B458EC931E2A627569836F87FADE27DB0EA078755F147BFC
2D286E9357EAD250F7058048C76F38064646FB94DFA2C0E34FC60DDDB38C0412
2D8383EBD78E0ADD742F8276D3F50B22A6780A60A91791081BD819A272CD235F
2D8D2FBA4306DC4F659EA05EA40B50197DB56968BB6FECBE16E41B67F61B8764
2DA4F4978C9C01E138DCCB9BD21D191B40F70FF796C1AB56B12A39E01B287434
2DB76C1D46026B0F77622358ACC2F4D378A4A17CB5D26E99522E9ED9D6B82AAC
2DD746F0A948413899C200233237AE0C8F865DCD11E4E376A144B185F4A8D876
2E3BFD6AC7A0C9911DB4C3F8118FC8C702CADF539E0F6F79AD64D0A304DC16FB
2E45DAF34933C7C08638EA6E8D260E0755E9C88020DE86CC0F400BCE44701CFC
2E8F1CA1271840026E6FF7F75354265D86ADDB93F5B20A4344F8523F35277CF6
2EE93F7541D2F2DCDFD4B9CB9316182D9F12A5D9B068D0A84A197136B5699BB5
2F2FB24A60542D9482BEE78E9473CC02D7E29153B7DBB33ED07AFD9E795DCEB2
2F39AC4C3BF98554018567FB337AA8A6E9FF6609869DC00080A8F2805D8DE6EC
2F9764C89BB230F7F7A33D3EB04603A2C9E35E520ADBAF062497365F7BF403B3
2FAB697E3817DE65A4AB18E1605FB0A4C880A4CD671799C7B23F3A65CC153ED6
302CB11EDAFF56ECAC14EA0B8208C50CAD5D9E04E461EFF0CCA6B7C505157B1E
305C0E7A8067D2C7291172BE1C7FDBA0C632D5A5E9351D39AD24E2EAA90382AA
3097621D6536DCDAB46BAEEF42F72C8863B24F50481B24E9DF1D22AB10FD608B
30BBDC0621BB6C02FA81CB2339D3E8C2954DA7D7AA5D8528B64B94CACCD5EB06
314728BC09A73CDBD239DEA44A81086326C6D864949E0FDE1EFCF59A8F57BC27
31843735150511A7E0638FB2389B3EE14142236C8C89A17067481FA54EDC2130
31B1A6B7294FA4D5991AF33E32E3A2E7BDE06258714AAB3B9D1539B2B78C0691
31BADAB5AF78FAD5636D461EF27F9CE9754BDC8C1D93B12312AD40BB8EF7D9C2
31BFE21E4F5A88E411112B34D1C2C85EEA304DF52897ADCCA4982C088A2FB6BD
31FEA2670EA931BDFA477805A3DAB86F2AAE8A7E9E66ECD735717136136EFB69
321301AA245BD8F7815F993B4FDBD3C00BA17B4D7858BEE9B70EFEA818AD2DCB
32228A5946E508E8693FA24AB8D82A85CD0BB4AFB722BFA3494F4F5E7A8674BE
326F011FE3C4EACB1D001F101B52A7F8D854A5C6642A8301492E82B4C928082C
327AC02E022685894C1A2B0818D7CBA878BE43EB3886489CB4A7681C109591F4
32C76F3089D2380555BE1362260A4049E4FF96981DD6B3930CF0D236DC025F0F
32D17201928BABFE079BFBEF32F7FE318459A01962D23D72D90794E6787E91E7
337D7730D92361B24089712F3372EBF7D32D5D10E8CF80983A990E9081ACEC94
3399D63ABA10E0E60DFD9AB108762278CAF4F4F866F81C27E2C446E675725EEB
33D2CA8E68B0203A1F0957C69294CECDF0898B6C0E7D61F64F9C50BA1EF0C6C3
33F3B1C61B4996007168974F871C644AAFC6873EC835B4AB907B4E2B07151A44
345FA7A8CA06BB8584D4B9114CE8D65B9521E3434666D0EEDD4FE3447472964E
34864BB4C91E23A06931B462E89B91A8ED675B907F5DD009AB9793F7D566F75D
34A5AAFAA2B2ED5D239DFE3D5B339727C9EA393A79E340B22BF9186DC4F93E35
34CD1A496ABC5ED8946C2C3E8097D9FCD0452460398C60C9AC4E2A709A85702B
353527337066BA486686339BD3696329EF33B47CA2CB9C2AC8523B159B35AB73
35523627C58BE93B4B399F9198240E34C8B273640A89A7DD5C67530DCDFB2893
35708DAD7873F7D798C479BDA022F4D344FBFD331C46D4F5DC299BE51C7EE8F6
358D62725A925DC36DB428AA4DF338CB725859BAE51FB91871CFFA924B48EDE2
35B5A125D53FB854EE51534CC72366FD24F1D676AED42F0D5FB303B4B87B6731
35DF8D94B627F6E6588EEC7F7D7B312CC32B70A6AB27009E90B91771B8DF1D02
363B5DA568F886CA0BCD4C50FFF340DF9D37D4B1C7728DA6813E83A832CE7A4C
3663ABDE55CBAE061A6C6565144037D662F188A89FFA13CD81986B3784907363
367836BA40B3DB454A89659E9E7ADEF8EBE495CB2C885D5D8B0F4DE6C0A1164F
367B965B95653128C364899B031BC272D48E3A03BD2005DE865AFBE3608B184D
3706909275898F413424625C456E95FA424ADF5B98E65E2CAF060D00E89DEBB5
379E54927C9FB94E8C8A61EAC6974EBABAC227642642CEF642C417BF47FE3074
37CBBA5EC3911C20F1E582532DD28F951C2F0D4A05E9C8A5C88696E0191EB187
37D0DB5BD4A502CFB90B4D5D0753277FD87EB86CB6C99A99AB6F00CECCFF428C
37E71DD302730950B5CECC43ABC77FC08FE2044F4933B97C29C8E2AF6CA112AA
37FB9516E6F93C9BF5ED84483A1DCC9D6619F61314B9FB7C16521F9A0736DB8E
380B75A35179277BCA43F33930C9C7D2BFABB697431F4E81AB3233529AC3E6FB
38241036945A6E58CB6F4E204F853817CAF17FF7CCECEC622D31C7C89C68C940
383D4AE1870662775C9B8AEB700951E9166E3533AEE7309C389CEB5524AD272E
385A0EC81AC05ECDB64B16B3B45C9F7227D804622301D5BC9F280636AA6389D8
38B0BA8EF5223991B4206F10B4CB3DF1E5473B836C1F32C54BE173101C15A6B6
38C9DAAC75E14745D80ED5AF811E16E52AD4752FCB394A13834471F37DC530A5
394776F57B4CF0D172611AD6628B0A9E7A35A4ADEC59371EF21FA69147633BED
3962645CA65C6930B8439B6A1C725C2D9028D0D437B77F7270A615299BDDB4CE
39732B8223FEE8778A3A8CAB16AB27AC87AA7936D93CF9A4B587FB8E2E8F1B12
39772476A799203CAF9D20E566229687ECD0BD201E2AACAFAD4AD16812912782
397CA2228700126CB6615F175C2C42513619D9371FD8EBC70C4B2BA0E3DDB214
39CD523BDF0C0F6B222DC1E4A45BE76DD74CB903415C68551787327C97D1B401
39F166C10D8664CA9C0A7A4CA35D56B63F018AF416752D4053F01B65B3DF232B
39F83D99A232AAC2AF5BA27A9A0BC54D68F99907799E3899D9A9DBFA99B2AFA3
3A48DFA6E3E199FF03A7C2602C8CA41A6F74D756E32FCD005C960B3A3F2B92C0
3B72EF8E5FD98063C955918300F1146B5785B2B7C18AFF9BA74EC77CC9A69525
3BBC55733FC8712BB1279DC72DBA05F82A1C18CB0E917FE258DC0563FF19E142
3BE8D69F12871DAD31C09B9E38CD1B5A0D3EF0CD7F83FFB053A44FD4FAB5AD4E
3C0122C248306D5115BD69317FCC887B40364EFABBE53782E7A9ADE5E2B5E7AB
3C9729B942A6F6593194D8A1C43A37BC55E0F4B7E42C947A0D76682A46C3DDFB
3CA8CB9104A352E1E6AD719B6636A4A7B942E53E48CA7E3874C85D254BD1BFFB
3CB0D2201E285DFF25A7814D929453C08E7A4B461551D197A2E9E920A735C14F
3CC4AC0F7103FC666724F62F6FF71A6D75A64C4BBB31FEE76C7944AE1D4A24D9
3CEFCEC094A5DD3B819B9B11A14B622695C0B1A6940784B1C40E7F8F52C41F73
3D18B88844DD2571198FA8929E2E3E129CACCD28B50B775A45C33F5EBED7F678
3D1C8CE86902A47C2D476EC9B5422EA082644F4EDD54F39B930BD98044895733
3D320F0DE6F3AE6098EE607475B287BE6424A8A7CD4DBAE9FF4A840192E4F8F4
3DAF334626452E686E21942D040D4A01C39DBB9461F796E934FF8CE9AB2D6D01
3DBC33B605F16903D743234EB18297484F672E0600472C03BF6C84D5DD1C2025
3DEB458C75C50D7056AFE42AEE3F0189C053A250948B4D0C5829BF85426E0CAD
3E34471E3CFBE9394005169B7DD59153ABD50CDF885D92FF8F3DD0766C1B3700
3E50D311EE7D236C5B5A4589A4E7BAE76468518747FCF3CF0E32A7581CAD2ED8
3E600C75BA6590E09CE955A47F9D018AD282BA2486AA5A2BB2438939FFB4E807
3E96EB874540AC70ACF44D1AE3F78973F573CBA2AEB396B84A85C8381E5BE253
3EB0290D93CB4C006CEC5FD7113E69DC63C703800F48D3F4A4F2B70F92E917DF
3EB9550EFDFBD6D7847EC749AE457D40F65D40E42DDD2954725E6A232FFCE4C9
3EB9BF8CC09DA66390487C4C1BB322F2C989AE14204EEFF01CBD6C55F21D2048
3EE6DF9E691D783C6CDCB49BBBA80080229AC052BE24397AFBB3B0825D117EFB
3F42AE53CCA751556AC81E36EF8099C67D6E0049DD52C61697A145E89D72C016
3F511F6D11BC6F6B4DDB9AAA408E3987B7E4ABCBF70556B90502D4849957937D
3F84226350FA9B95C18080E778225270DFA38D273AFD7A32D04CE0AC2B3E119E
3FADF25B02E38F3076EC4DC948BCE2BCEB08A7F15A6F71B8E68A5C140DBA4AFC
3FCDF65AFC18446513C3137E3626E70C994A910214BD16E6151D25C541C2CB90
3FFEB5B87E8DB555084B5B2A809EFCA0A0583E00D41544C0699EEB37B3B7131A
40090A952C685B7B9F93CD5E4B9E1F4939429CDB10E5810C572CF325447146B8
40534B7D1240ADEFDE138DA78B079BAF0AA0125AABC3F2858953E8E9F517FC2D
4061AF17432753B2371EA16B50FBCF520DC548D5E12121D9B082600FB41D97E7
408CE16B428AC71C9C79C9AD570D27304BBF265D280829FDA64E65625A0D267C
40C13085EA40D3C708340A9D4EB86CEC36DFA0E6AC9C909B8C9E627C1739BC4D
40D30AD1869F8FD70371E1764004EB07264CEC6CCD47756AFA123B5999454A67
4119FF0523937D898B9C7F5F12F5729C933E1E531D181CE01135723E3D045E00
411D9F473B3914B9E51A5DA444514437C996A2C7E22FCA01E2FE49B380B5792F
413C5D2D82691B22A1C9C3E2BF643FA966120477D6F517FFBFF04AB1DFCDE81A
414B7BA22D676BA76391A0BE8EEC49C32E950F914B3F34F9DFE8E858B7AEDB36
419986A10BA4667EE6ED91EA946F6BEC907921D1A1C182DE2B80F7E4E861582F
41F01F25482414401286F554DB1F2E627FF5298BC135E9350A62507A86FBC33D
42026DA3AAF040C3CC25B54758B90129B700D02CC00123B0E11C86A73962D609
426AB3CC1BEBC1BBC12A74883C5A0A338C4B4E217CA3BB2AA6E94D458772A9E9
4270FE6AF580BE8878F483F30245C36101078A112B2C7C0044864808A5FF5762
42A5B3DB6AD7F733EB2FB2A6FE908D31E62531F88C14795844CF200638E1A96D
42D0974D0C84AF47106861B77929C385EB5C3F39C03AF3C6750363226576271D
42F2A625CA464B8C8FB1A906981DC0D8FB86BB665276C093BF21FBEDF23B4EB2
430B40AF5D161E505C9B518A003A9BA9451C1E361D986EE5E688F98345A9F741
433F2A40D53ECAA88FA2A556F3351B64D4B93FF6C8F406CAF10042E69E034B78
436284C9F76C86D089B160FDE86EA65257CC4048A543344597D191CA94671A87
4373DC27341138400800379993508A06CD63D777439AF259F9CC4E8CE34DB5B3
438F07547A51A2588C5959023F4E94DB0F3C1B701E482A2873AD76B1ADBE7AF8
4397401873CE11E63704C1044B5B573C4D9A208361315363125624D0425A166B
43F564912970C7A581E89EAF1ED8BF753DBCF9B0B308A6AA2B3956445E290502
44064F0F603EFC021984F9E9385EB84F7653FA0C001790CE1A9A7AC53060329A
4411E7E5438863A1166F2A324269E73024EE96256AC27FD5B693906E93075A1F
44BB053AF647D5D81F888B9EE314DC32FEAD43F258B7DF20C95C87D77EB33030
450248C8AF5EAF0B372C96A118768CB5A73A1446DF68F42C7FB6D3F9DC17CF22
4508EC11B51F3AD62E037DDC7DCDE1F3612B02D5059B8A87ECB35DECE5319868
459E0D6027B70FAC94481CEF48F8C66AF29A65A6383A9B676F28E125040C5234
45D02049490226C5A74AF1D3BB257ECA32F97030B5CBE6B6A6FEB65E24D7FE87
45DC7DBE74C51895A2222D2001B277BF4023B93CB3A7619B6714E59BDBD71B2E
46BCA85AB3B43B0C5EE6DDFA050B61A1DC347E331E91538B5A69E883E970EEF5
478E9D7179FFEC9CFB65746EE2F777B9DC39BC14D1D991205F0B5AF3E4218746
484094C68457BF2949DA7FD112DA87ABA9E3B752D29C6F311D8CB17430CC6D4C
484EED73E10AA701B4E3EFD5C7501B25E8CFE73A79B85C6037D88EFA2E05457A
4872D4AF3DF2401282018751605F791B03C8EB3D8EFC45E32D4A5C904420C0DF
48800EA8B7A68D8961A02F8A3172426085A97132A357D7F0B0839223CA0529CD
48B48535FF452126774AFB9460774F6D55CD052E98284415196559D3DC133B8E
48B54DFBC3B320A05CC72FB568A4BDFC214932998A486D87672398A1CFFA74A6
49F9752CDBD4C5DEE1B2E279FC49414D747A3EF821AA61E0BBFB8BA6D8A141A4
4A158DC8AF391F64B353E11297679D0F851F68FDFDD7D201EA32267A9A4334F1
4A212B9DF7BBF328D58977C1F52A740F363CB619A6EEE245ADFEE83B1EBB282D
4A21EE57591377C0BE51510755F7E4F8DAFD656E366C8C0E997803234BC6FFBC
4A4B1F9133AFB2E9A6EAB309AF26C3ABB980072188FBE6FE29DFF44F27F19E40
4A4F5FD6BDB81609F8753681B5145C3B682D1314A6F32A289D9DD94DA9BA12E3
4A562D02648875F3AFD7D829C09FC3D03D6DC4AA566551A16818564F2C82B5B2
4A830BF383737E76D91EFF9267F6CC5251AB7EE395392A88F725D4D2F6EF34EC
4AA9A1F375CD5F0A2EDD5977109D88CFFF3A5D0BE4D502BF60DEB9985EA85E04
4AC9548B65C4CF6E0F00998DCE29A7D55BB42EFC21ED4742FDAB910275CF1007
4B0A0D9C557E189124F767BFEB76D4791A9E265C79AFBB779D49173B1E1E6973
4B47A468CBFED1D6DB39CA2E07043EA42F2959B9A831B2ADE5A54C08F324EAD7
4B5B132F0D5F405A476E8A2B8E9819CAC599FDF2302A9A1914D22B90F6B4A771
4B7CBFFD35FE53CC11332540F0107DC8CAB6549F9D8EC5055F03AAD7F0D2F9D7
4BC058929B3D82F7DFA5AD7B4171D6B78AB37D97849A47D726A6C71C5F77C299
4BF24E1978E0F6F6201B8859D9141093AF6C4C890149996035EA9C980EAE8B07
4BF89E1A3071989230B1D5A2BAD30ABA0457CC1300917471FF466246B0EE19C1
4C389E567FCF68D12F7304E732C60DD9A6F6E0CA2293756694AB2011090F57F1
4C4119A32DC62BB100C98108DB5325E5AC7B4F6EFEDF2CBAB324AB37714CF8FA
4C49823C5FC3457D85F9679CED0CD9C8320064FE39AA144941A692A90904B47A
4C56F8785FEAC36EBE55B66E2BEEB43580EFFFD1324DCE50BF494D8951F7AF72
4C7823FBE6974714186B566A32BB0B730CCDC0E619126FA3B2FC72F85F6DF24A
4CFFAAFD6969DA91E9A314E7935EB4AA4F34C74F7D4A4D13F0FBEE5A7084EDE3
4D1F005E8DC6888C98A08F44677872D97326DA00AE154A253DB4E633D23062DE
4D39F5D98FF878EABEB66590C3F6ED5201D3F20EA4CCE8ABAE836274EE9724C9
4D618E503B1F0D77D4035E3A5DEFE6CDE7B21D329BF13DBEF121BD8ACEF69A85
4D666DCA1F239DE8A585535FE25B4EEF20338AC8741C38BE7DAE1C4F43650C20
4DD444ED0DC5AAFECF40B4EC46582DCABED9BA11B37D774AE4CD1622053871C4
4E1305A18C9C4361D3340610CDFA566AF0DC662DE62E52D88C6CBD7FAD4A3509
4E204575F7BC3DD0174549D46D9BE4C3ECD9922162E65E48093B313254D54862
4E307893F819C3AFE120899C8BA5AB542AE87A5B3672EBC876E0817BE4195908
4E3A24A6236CCAAACD57DE453C79F669DF55DCF517D280A54ABF176ED248A139
4E47FB0998BE4A0D4BE692CDDC08FACED5C9D9173E5B0165AF28E282ED61E382
4E5A38F182EE0D05C210E051A8A092BA65F308F45F1E11E7DA912A56D0777E24
4E5FB5B66BC4CBC90E9DF719DF7EAB5C8D940EC9B138D24EF3D7DF75BF3154FA
4E94AF05FAC50DD5564EE7350A716BF4B27E782A0579FB7AAA2CA9AFAE3B9790
4ED1203D7AFA63F160F640F81803E11C603A8A89ADCCB0927E4E11944921D87D
4F1DE28FFCD77739E5FCE8AE1B1977EDDAE79AB24D6A22E368C81BBFB5C9D8DF
4F631C72FB77E5D67338FE7264567800F0E31A0D386C81A31928FC576ECAB2B8
4FB287F83FB51BBCF2545432D8A884EA24EB3ED768E474E158DDCDB6C2E93F8B
4FF22DA55AC5BFC49C7C96C39EA696D81F2F1154DAE2A81F4864F8EE215B64E9
500AB3D5140CF92EBCDF019CFD5E164D53774B81FB612F050DA16B80ACCF2BC6
502D0033ACEFD41A3BC3C62D59F1BA0D86BD2D7768492216FB60F99C24FF408F
5042B6E6D9C084EBBB2457A8D0CBD062B511F1860749DDE7B73FE6B37F2385F7
5049A03D787BCD73467C8B939ACAB44E8887019664A265FDF40615635C9C22F1
5087186E01BAC05ACDA0F001C095C11E556A7EDADF850D8AD5AA689BD03C7BAA
509B8C42A1D8D980AE9B53FF657D39429472414A629E8AD07D3EC7B46080D48A
50D3CDB9B85429662B4073115C2BB84146A96C064EC2ED08394FF9D6074BAA6D
511C57289911EE7E4BB74055D1A7193CF40F7742BD7A023CB511695C5F07503B
512D9AD1076E767D75716B42F527DD16631F0B7F3798319FABCFA3EBA90F3E62
512F33E38E0C52AEF7772493B91D8938D2DCF09F499ADF78D9197CDD2B46646D
513BFCA1614BA54B6BBC381821B9751DAC8E8E52CD05469A7CBC58E547949D65
515F4AA5D06BFBA8420AE6C85601215BD4C6AE00524DFC19539878647FF2A714
51820AC44DF2E0895C9A2811AFADDD3BC367C6E12363F8033EF05C7D4ED98BC1
5193822C17924AA3C728C613A4EEAAC64A0B3DB7BFC8683F0CE3D79BAE67DEE4
51B8D9A7916CEEE47E7518BFC6EE02047270F63E60C7314432B5FF17EBD37B29
51DE9C8573DDDE41D21BAB5AC821DACFE1E6913EC26365D484935FA7B5290F97
52339CE4FC208B5839F05BAB226841304024CDAAEE2CC4232CD30FF229793C44
525153138B92A26068FD7A1730FD04A73A41029553BA88AAD0F71593580156EE
527F7C1CFC2E1C7C8BDD0A521E3113545A84DA04DE5947BA7308FBD2C1279144
52D346AD26F616DA6577AACD945127DBD95FB513E77A21360E37920B23BD48B6
5325DDF25905D8748E23B81D2A330B4EAF89AC54CBD2BC25F9282B5E9F378845
534EED51A0A33C4D9EC792CBDF771E386653A7AEDCFF68B4BE969CC9F99D0596
537EB368600DC45D940F1E466F08971A2E988627B9104D2AD03F51423EAB8D72
538EB276BEC7869DFCBFDE2C0CED2B94FF7AE3E01E263692D38C166721B4972F
53A6E1136048333269B65071812A05F8445FC2AA00A04DAB2B3E066A56B119F4
53B5C8029B854DF2B7AC79EA60F94E8F437517300F222BA98DBE0391905AF327
53D7E9647328778D7207E873EDD854FA66A3D41BD044F2F373B582F033379A8C
540DE9C2EB73400BCD4935D911EBF31DFF5E919E7CB24FECE045671C531A492B
545C9824CE6C6205D8045085DBA966A86010FFDB68F9412DADDA3E38BB97F8BC
546358818B014ADEEE0EFA15A933F912B137033B58694C46F49F1B437268E365
54734293348D049DF42A397626846FDF9DE3BB13F8B0FD4C7E886D704FFD8DBE
54BD8AC49E2D37FA71D91A1690217837C60DEBA1C282810C13A1104F49461A2E
54CD521A9AF53738D01D2291BBC7CEAAE3AC6B42704CBB759851A855B3F84C7D
5503036BE4BE077B7DDD52294308CA249B07062456FA2AE0746A8F5DCB057917
5505A7D85D88BCD47685C9C5113D3C6D6EBDA7CC88EFAA90BAD6A9EE820EDA1F
550F8647191003FD1644E8DD9C9CCF2C45CE1E3E2DF8DF84908C9882C42875A8
556F99A688A15F2A4CEC276A862E170B040E5205B7A118FDBBC2365F9AA2FFB6
558DD43A85C49ADB5A614007D9A547332DCDBBBDA805BD9C29466AA20963BB25
55A41FFCB786E19047385821BF16AD9C1BFD978A401C05981A712FB5A98A4469
55EF293C213BA3EE2BFE227D06FF08E3C6261CE4B7F04018D4BD8D375BC89BBB
5602E6BD350F6EE6BBFC3E65F864D2F84B3F537E8C1067909C78585A63B2BC8B
56082929A8BDAA435A6800AEDAEBC32B3F9F51CA744D002036268812D21DB037
5609F09FBEEDACC82330B8FBCCC8888D546B52D7ED57CABA7B70ED2B29B18AC9
560A9FA9B81B839EF3099008E39751FA6F2516EE18E872301642719C55C0BCE1
561A2FE268BE510AADFC05CC80530F30FB5C7C2151F6299440997FD4FCDAF821
56561477912160C72FF7D71066B52025232A0A300BE1C9E6B4E730B0DC6FA0ED
567F7F625665A66FFA33793BA3EA5052955BE6021535646D4261284FCEF13298
56A66E58992799751E6665E34AE6D834A9E5406CE3482D40D85DD7698BBC178C
56ED8BC0914968CEB2E97DF70F753C6A4C78021C5FD5BF0ECDFB68863D12E117
56FFFD4D2E6EE6394C998004B53F4EF2EFFE8F00FC835B72148A33CB207DF6FD
571A478B958F754550FD930E80A26520758CE42F51C1587B0B928DE6FB01024B
574512A503A34FBA31472BF9DC312EA82F9A63CF7836FE6EE947A212C48DC0ED
580054CE293818F8683C054A7BB8E7BF7660F89CE8967FEB8798E491599F31A5
582CB0A0567C8FF7BBAB4D9B482F3DF1E150D690CACAE4043A4489239CBCA606
58497EB37F5BFDF83055BD29F64FA8B977967C2C2526BBC7B65FB2558DD49430
588A87BEDCCED2964796627A0617AB4979AE068FB21FC70FD1A8F1FCC26E24F3
58FBA444E88E164112637B2C0CC4937997A3C591EBBE3DCF1B4ECC877694A85F
5997DD442DA456AEFBF4C20C6F0AADEA590AFDE13993967C98D02326DA57FA7D
5A17A1C8C4E562F0BA638F0CA1985058FC07A3BFAA2F7250163625DF05D77E20
5A33255165F2C5EE95AC90D4703E36F5ECC75A8CEAC35A68A0EB1382F3C23F0C
5A460D52C3D15695C67BD47B5E53CC1736809FCF8D0AFEDA5866E45F1E0FABE5
5A70B82B39EB97CE9A88F95490D518D69E5F6295FF63E0BA24FC8F4A7D195D47
5A71DF560D100CE15EAB6346BF26BA62FB18C5C23DA558FD8D6930E22362CE71
5AB137FAB26A15C8DE248AECDB4A66F15BBD672DEE1693953D4BBB5E4C36CA85
5AE9E14D642441C3FB2172D6CD35DBCD786EAC0AED03D4BCAA0EDB1179C4441A
5AF52F5A2B2F4C4E717AE9288204F90C053D289BB6AB4A0392AF56F7D17B53DA
5B2BCED0CA170E169E1DE58A27BC5EA0ED83448AB567484A41A308DDED5B14CF
5B6AEA64D11A0C1727611F71CC332B7E33AB87E2C5604CF8A8A4C2DE0E7F6C67
5BA64C42719D79E7010E9931905EA25CD6A7F76820BA67FD7C2FEDA4C423604C
5BAD2ACDE8F975CF9233945269A39EF87EE3C58E060A5E3A48F22A8FE42FA3D4
5C05D07DCD020E27891B058A2BC4F2CFDA7822C66E55722959558E155C143536
5C279AB21445BC3F68FC6333C3BD6AD7D613CA1F8534FE548DC3C66D9265194D
5CE8BC421CE6AFBCD6A9F3BF25A80D5E1634D1D687F81F1C58965B6FAFD23337
5D07B8F12679DC6B0A3C859DFF990B04EF4F88BF76CD70691709EF23118E4BEB
5D30695EF1F4D64B11C5C7A31E27C42514F48F3107C15803164EDFB42276721D
5D6100D1873D7B9455ADCCAFCE612AEE2B6A47E6A95A387493D74946B2845463
5D64EE5407B4439885EA1ECF5F2B5981D0571218455092C1B35919655A497F31
5D8470DC8E0AC6C8347D9516E0F35F0394DC93EF3BF12E95B9ED9BEECD776261
5D98D57B0BE1B5F95F4FF20861F2BBD9AD3A85967EF91149320D199FC8F748DC
5DF847DA0D4F412E14313E35241DA993ABDF2F50C7C4B887AF7FCB0732AADECB
5E3A5FE7DE33DFB39FBB900DF24FB12C22DDDAEFB41812EEBCF56E9F0DA233B2
5E77C7670E6DC35C5EF9FD537AA53BCD0106C3FD916B2F08B34A46BD32EAE137
5E89D6F05197C8C047E081A2E6DBF2BC0F8A948C87F693660B58F450509D5C67
5E8A38E70419B95A28B4337E8F84C10180D5AB1BEB72A9193057440540D0848C
5EAE64496DB34C1DC72C9C12DB403B38F1FD73AC79CE238F347952A076E1BC52
5EBA2D29E221735AAD4C730D435F1AD6F53D728FBDA5CF63F4D6636B7B0FC920
5ECE11D4C0D0268E5C4C59D9F8E89D7EEF8BEA4F2B31A51C34E8A42C02874EDC
5EE5DFFC129C70793457A218C6743E410C32E5FD6579EEFEFA7ED934735F09C4
5F773A21335EC2EE1E0EAEF6C501C4942D4DE57B19E4404A7243A257C54B8D08
5FF48BE5AEF6D075467EC2079187173A2D7B8B11B94A2109E4A3E08F28BBE0E3
601BA7C6B880DEE2AB7E3CDAF979CDA3928772ACF3940B0E77EEA5C73D380D29
601CFA5C80D77AFF77654DC1F35CC418930D3E9FD63475A4EC8C370D66F92FE1
6094B2BCFFC4FE11C355082A670524EBFF096CBDD5D3E964B6560872632FB215
60E60DAC829463FBD476025BBA1056FB35360455F92D65A2E29B914D78A53F1A
613F1ABC60E0805A8CE6B64C7DECE9C6A7C8AD314D5F474D3168ECA3030E64CB
6192589381314DD9C6F630C8C9844F3D07E8EB16A1D7BAE244621E335BD0E375
61B054203F9583BBF2472981FAD4742FF564164570BD6B22BF1C2CBCAD9F7A3D
61B0EEDC24493981F58F543AEFE9967457D940B1BADC9CCAD25498A2FA7319ED
61CE435E61C5AB1060809BCDBB5DCD05C787D200B08535CC4C35453C6B23A0DE
61D2688BEB85EFAB4807D86484C2D348C21A51BFB1B5A81D200F21D09DE4557B
62326070ABED17AE59C82259C76FA0B474A223A20230ED401AE8041F169E61F7
624472F8DB2F56062D9542D3ADF42A3E204022EFCEF80BA7C9EBBD241B79AC8D
624503F44C76889F9150B4DEBAB30C42DF4CDA1AFDE08E3413939A9581147F9F
628740DD78A251F22D472DF74004EB50794631140270AA10F638806D8C2139AF
62AAE9A3FC86C56D6EDFE15E56751E2F8D719D16E8463C59E0C04B0D04FA57E4
62ACB3295C0A5261C2E844D126761A474A3DF5AA25EBA561CA0D9A410B31DA8C
634717BCEFB1686CC05AF0B70BD384E1638B2A38115ABCC18F0931FECE0B27A5
6351C0CADC9D45946E72FE375BCED0B7AE21A2769E9F8DD7181C4A245C68DF5D
63662CB8478392192CF3A14155146AC7897CB47B6906D8CECBB81B9056EF4825
63C9D022D2EE9FAE2C095BECE3240311CD77701F68767F0D7E6692E415F8CF3F
63CDA68AC4766A0EB984A0609BD08765AD8211CC9768F1C91E32EF708B31282C
63FB861B3F8C04009CF9EFD2DBBB28D398C368263E9D8B2AA825459C63FD53B8
642BBC084A7671FC62E68D0A9CD2C86C809C699344574BD611F35DA84CEF5E5F
64892E4B68DF1763FE7775FABA921ED0A2B5712BB1166334EE99280C04B4C8B8
64918DF7F30D234D9A2BC1E9B8993D9489E4A37CDD5B9AE1ECD617489F8A3487
64A6524793AB6984140BDD30B52F7FF7629AB2C26A5CC99D609AD6FE06DEFF3B
64A8E959A0AC45F1EEB1B9B4120D6106EDDC15309A6DB17648BDC96BCEAE3C3D
64C030D891C42B42A382D867616CB5B90D13D5A397333BF58879D8DBB6E0C8CA
652A6A0BABE63D5BF0E66E0D2B6714114BB97F28C6C545CD4D8A58A52A1167A7
65B040941EC47DF55CEA672596AFCF277ECF921BB22D030211C70A6D59E2180F
65E93E559E930D131823FCDDC5FEE63129D08C9EE0209A8A70D085F56F5A8F11
65EFD5FED9EEB9C53BBAE6BBBE9B7C9325F20BC35F78779B777D222A26141D2A
660BC5CBF9C1E581716D460A443E78C97BC6EB8D36599296A25F7783A8D34F5A
66118EBB6722993021DABD1A07C5894F4BDB5537230775CD10D9B06DCD312A3E
661E007CDF6ABE31AA6340191BA764C759C7363C69AD3DE52A4C03D6F0C5E67B
66456B5627F4E0F0F54110C14C22C08EC7F5A8778AAD49479B16242402F091A2
66538F25C94A50AECE7AE942C13BE79F6B1532F2B486BDF128ED2977D66ED1A9
667C152C7886158EF006DF05E7D5A5BE5C940F272C047EA25CB27D485E84A6AB
66C0B73037487D3B2CC59918D04B185CC47811AFBA5DC583165C4158FD6524F7
66D1F2F930ECE571053B0D4FD83C7AC790F44C5608598BCB443E7BCCE8BE6C18
675BEE42EA89A3FAF9C3F218DFFC1E1EDB2C4F6A2A7BA0AC37AF1606974F2DF6
678FAAF23D1E3082B5FDF99BA18F890829B16E5FF79F8A532C18EEB33A3A12D7
67A581C246EA701025EEC13DF006CE2469DC0B15D0B20462F34671011AAA658E
67A856FE3BED90415B1CE99248A9821966B5D49A68FDABD22BCF3124DCA0F6A7
67E1CAF68A73EB82963103EC5E20BFABBC2D6C531D2AC6A64E0BEC4A7722E728
67E1CD789524B286A45CE3BB0ED991CD3665B009FBCA79BF343CAD218E76647F
6848B52800793DB4852ED41FC95E135D23F889338A7F4B660D94680FB4B1464D
685347712591DB6701A32297CA83F8A8FC025D24B2AE2D3E3F4D87F664888287
685924E8FF75677B1A7146C5E774B4CF5CA2CFF6ECDC4D6C81241FA4204D8DD3
68A261C4063B2F027F96D4008E44B1D821F043EB1D3407F5542AB226B6D4F319
68AC63CC8D5B0DC89D1840E138593F8B2C103AD3DCAF59CEABA542ED991B3431
691D5F90DA11649C054A96186E4103A9D4E4DDD2993E4E4073C04242299F66DE
693542DF9D4DFEF7DBE0EB2C3CC1BEE3F24C56B5DEE3022892C21CDBB2BB38E2
6945044247F2FBB105294A0DB01EE19E1946DD38A19EE9F77C8B3BC72F823B8D
694F220FE124658A5B96AA428DA842EDF04809A32853361FC1816735F4DF467C
6965DCDE8303D439C9F2CF80D92C2771D224A16AC695D4889CF03E39EB6F90CF
69DB4F8F153E813194986F98B6D74C2A06ABCEE374C182981A18812DC8B2D685
69E256647E9EDFDE62A7D79D01A7F1103E5B62162D154B6C6CD50B1D90A10721
6A5628EF2665A2ABE1FF9CCBC27974F0AFD99284A0E77B2B99ACF3709CB24905
6AAF42A0F673D7E03468BEF31FF71AF145F3CAB84E08335E5F0B4C860098C575
6ACCDFD326602B2BD98198058BC2B90F637C9F1340FA1927460EE3C5818962FA
6AD1D124262FE3D95FD257EB696BA3596A3FDF29AC3F2579EAC4EAB520BBF504
6B3CF8D7B274FDB7ADAA8E173D4C3B274A0F9A23150623B6F34EB2B0D3113FEC
6B758D8FD7ED9EC511BFFEAF8A5E89DB8CB0E86D0D68CE8E3450ABA98D62B580
6B93BD2D1578F53D799ACEE52733F21D41873444490D8D7911873C66A292C66B
6BAC9AB26BB23952A74EC22B7C472D71B371CF69388D26E057DB78E98B6D8085
6C270BA15AD3B1D920EC51612D6EEA1EB21690F76D44BD49B006758FE782A4B8
6C33F9860F66DF571B29F93396FD80C91248B60FFDB8F2046E70DCB9B87AE489
6C39200E591268EA7CCAD6E5584F98BEB3C9DBB4115033FD8B81FCA370C558E1
6C70370BC2168724718D0CF73379BDF133527144F9D1005A5647C8CDF943E649
6C743D3A045E9DB3CA94E11BCA39342B94A515EBBDBA9C727A867C64D82302C1
6CA4753403FCB14963EABED6FA6963AA6189030518F2884F57066A51F009D120
6CD08154A6BE1046D8D1059187EB9ACF029734A6C18C07D306984473A838DBFA
6D45334CD10B747B21D655856F8ABA6FA38A2B418284708A8CA5CD22580BACBF
6D71220A9387340B1092DE37802F756F4CC9156A632734C4575CA238CDCD900C
6DCFCC4D042349F8AE1F62FA1ECA20761909B8B1C4B3EFE6237DCEEF721FF545
6DE1F9A897CAEE8BDC5C66109601BDFDEB3D670C8A0CC0AD772EB9F33E75A73A
6E94E4DD28B1F609D3EE901699A1391D0ECE1BB30FFC06A66BC1A052A9094395
6EDE411146A13E3B856BB44C06AD74527EDC8CC709A0400A00EE87DAF948009D
6EF427966574467799F227CA9748D69C9A67BF6A8CEFE76200C3587223D88871
6F31A93DED3C04D7D032C6C221A7B54534909D6BBCCC732E286F3DAD9EEED259
6F345BDE6507A016A7C620CD34EE442DE702183D635922DAAF127B45D0843FE3
6F375F86D25BB7E44642694A1CE7BB657549790BF34F024576486AD4257C8A30
6F8DE6231882F7426DC602ED71640C519E4657EB4813FB1CADB8C9948C354619
6FA5B4FB0019A8DC11F5137F94C2308DCEE933E792C5F8BBC83A2FF57A0DF005
700596213F924BD058CFA829AF9E3FA9A81F24BA447022B7ED745595F34011D4
70CBB872B2296D1F2D10B28BFA152822CD830EEEF15ED7993EDF3474023EEE82
71996B271C0531A0CCE807210E33EEB418BED8439983DFE7CBBE4A9515E25DB0
71BEC2FE35E68DFAEFCBE107649FA77A1656D5AE0CD0B906E9D8D9F622C8A4DD
71D547BFDC6F036206E5480971D09510F336333104B486EF321130302287C1BA
71E8C01411B22BF8570B036ECB0D70E0ECAD5581D04B492D899736FA82D6911D
71E95ADAE76C829BF166EF4EFECB36434A8FFC3448F6727C4CAEA6B8C26A4830
7208E0FC6F6AC87C0549AF40563EF9583EB1A791375380AEBF66B335BA8FB9A4
7265825FB5B9447D3DA148F5205B49BA62EFDC38BB5DC8CA520BCB711E0BD872
7286588B222477E2A9D9B0341FC16742ADC16E627098550C468C5A2AD8F4CE10
72A27E969065232FCBE1832DEC145558DDA301A12CA46B1D3D0802E4E9AE79FE
72AB892671CC761EAD4EEAF305CDA16DB460C253C17F98F6385165491803E83B
72C82CD4948E4B630538F21D0CBBC274C7BBCA8F9145AF370E9369D11C75F7A3
72FD7C14E913D0845AC6737A18492AC8733692F099571F39A79D2D0F60A2232C
732D6D4432E59F4CE22A2AB0728F119E8A8D353833074E167BD8143D6573A86D
732D856A3FA74B8D29DEE698DA8DAECAD259A818882CD7EE8E5AC0428CFA86E9
7359DD7333C36949E23D80CC9551B051022E850A2D4A23FA21990BAA3065741C
736ECD5EB4A9D16410A477FC85C2A041FD0EB81A4906E1D887E4023132E9F1FB
7388493AA6539F878F932854681BECEC348661464AD0F5B55AE624EB6CE5C987
738E379795FD94F420C0BA3FAA8051ACCBABA6B0E2BE9E73CF211AC7F4C36648
73B271CA74CFD250FBE69D5CD7B65390A67B28B40DE27AD8E401F87F911C1F26
7404EA1DB4AD8F4A437230A0BDD41589602E101C5346647D5E21FF06963A21D8
742A77FCC5A8855A2A1F709EC93E216FEB73478D5DD4B915ABD0D7E5FCC73859
748DF26B57340BCBBF75B1C5E01F84B1F55EC7D22133687727990341117B5A01
7528970B0AA09CFB8F2E2548C610F41B2B5E99F623E602693DC30875BE066B3C
7538BF89E5C763E61DE49232AC1DF3BDD0D71AF843140FA5658D82AF67BE1B13
7551E6080ABDC700ED3728B61F5F5C71146331F6CB802314059D005DC96AE6C9
75543E23379357BCE3817970948318EF1E0D2898D086BB6E9A6C7B76B07F0156
75CFA1E8175DC87900E3CDBD7AC13A2008AAEB476E528F302D315659D8D3D30F
763BC43311D10EB9E1C1A24F5263890E65E7F8AFC2CBF5E69E988F17B922769B
76484802C0E0D58E8E374F875508502E5BB77DFCE5242EE905F44767752B9525
7654038457696AD0A8D9C3C9D39B8439BC5F0567479E23DA703E0CB73AD3D2C4
766318C2253BF94A56F70BE8766E1E28FFBE2E3C1CCCC23D9813708EDE338B7A
767A553DBE67A536C892A9FDF4E436B4488372AE33F8F6E7BBA5BDF2FDC94F4E
76A33429FC22AF9B62D08D36418180CE4FFDDFC6DB4BD3A501E35D8AD3D00D42
76FDB4DA5F50437574093EA683E0B73AD1804E4AECAFFA7CE0E2851A63888892
7714F2EE3D1A8D0AD3B854D7BC4DEC6C5943416E72B8AABBEE4BC75DC16C03AE
7729F43A844CC759120B230FE61AE2A0222021A0B22C80B45F7C1E28C8F62CA3
774A44964295602A5B0EC216F008C4A1EA45971C6DE771C17499DB33ADDAE305
7763248EB0B96FB8DBFBD72151A362B3D24B5A422142F8B8AC1FF59C30E62E70
77FD21913B31600A6CB0116944F5DCB22174DB94C407B820F936359E0E7C90C2
78110962F0AB55FC1007E4D44361B85970486493C2350FB20627305601CD4891
786BAB808BF3F8F7E0E096B3FD541F8B6D394C18F7805F42B43B18321F14A08B
78BC6C12C5946C104C72A0713FAEF14DCD98CE802938EB5A1C80F36721CD065D
78CAC8CB1C2307679CB744AA35459B044802B2C85A95C17C1F656967E963F912
78D30BE82E39D8CAA7637D52882981B157ADF8A098B46F1A8A3C663696F1AEFA
78F15B84A6FA8FE56547F07E8A975E77907B799B55A8C1C9A939B6199FD6C912
793C730E441FE23B22AF15BD1BD77278A08F582B59D13E931FCC06C976DB08BA
794C13BBEF01ACD70EA3E0BD6AF6D3904970B312CF0F6B06A0F60E155C59C1CA
79CC42A815D58630F6298591024793383CE169A450D99728E5EE6C2E95C63A99
79D6F7A487EDCFA6B3072A380922D7FF0796BC0F98BDEF05001C2656FD6FFECD
7A14AF89604DB8FF8D3ACE79552F37315287E894B1D010B16CC6E0C82DA30CBE
7A4E62E2931DAB6D80375DA8E739B66AE92C98AF97D3710D26CCCBCADE37FD24
7A7848552595C0E92D362F29CE896BD07141726EA2BBD8207ABE91993AD2C080
7B26319018A803DB067618B6F8E0D37A0A01FAC8853654B0AFB291088B0409CE
7B38F99400754AF15F1D44314CC6FD4BAFC41BE433DABA3D850252D29241306B
7B99458B71C7610EDCF855E2B5037C764B0699761EA5F14C4AD7399D69EDC75E
7B9B3B0F03CC0BABF8C4488E8CB2C03466AFC923AA8491FF49301641E36A7762
7C15A7B92A82F8FB7F58E95657E104C76BE4156F12E862E38D8F493B49D62663
7C84A884DEC8434F6AE425FFA611825A40E04EF06162EEFB9F8A15667301E92D
7CB6AEACBFC78E7E960F9FE67B84B2410E7E7041E06C4EE51E9B31124011F834
7CCF5E86130C10CF4785FCE0209CEBD7875E8114FCEA084CAFBF93B4D24EE8E5
7CF67DEF3CE25E55D5464BE222868D78CB952259A7E03AFC1114B564743FAC8A
7D28B3E40EC9ADED91187517BE332C84D2C8E4BE964AD623EBC5F2837477C7DC
7D7989430E21599224855CCD7D1CC8845E2158BBC3D689312C1D6A5AAC084B87
7DAFE61C350C6EE3A6DEF38EE333E80040156AEF71B5727C8CBEE7959B3E5EFF
7DC51F63B2301DF4EC0C3846BA54FBC24ACDC8982FFC7C4BF9EE3E562F27BBBB
7DDCB1E257BB92E0A535352EB78BAC98221A307A4A427C1552A0A83E481DCCE8
7DDFF08062797081EC986C9AF737E2B79C0361078BEA295226149CF778345708
7DE894D5EAD0EB72F75F37D711AFADF591137F5853E554801F64304CA4478505
7E05778C6177B60C4C83BAF68126CB173B4FCFA265AA3084258D82661B9A819E
7E33965342AA9F8DB2515AA4C3966F36FD6350C747790848E7BB2527BF0E5C64
7E52C157C98BBF8CEB365111224C8321479BD02C636494B17CD51BE7E54C85ED
7EC5DC1E53C9F881F559C45D739096C678B848172A39F9AB05DBA3BDB6916070
7ED22933EDDD6780614E5A78E4AD3C7F61C57D72FAE044959575AA1C225C0D0E
7EEC611968CD9BAB5A23E22617E249591B86E2FCE347A5EAA8315DF249B67AFF
7F18AE0CA7C84249CD9A158E4382B4880B56E9151B138E6237D7909D944B0942
7F1F52BC986C2E48E28A73721D332679D087790B50126B098251C14048A37010
8001580C4E32560BFDDAD67F51C64816B5C316EF139840E8F2796982AE32B0B4
8046CF4541DB195D32E6833040710FBF4E141C7DC2B5A7605361AC07C8E5B02B
80592311D47734EACAE68FDE7999D65819CFA369508528A8C883A4B2ABC34D3D
806816D00501F41B197C107BD852C7515C4162EBD27D95093343DCBF47E637C8
8070C1116AC1FB7F9C479CBB00A0D9DB659AB40D5F69D7C8A154952CC3BF8256
80D17FA53441B8E723C197BD21935759EFA01BD46AC8D97C8CF4D84D1F461643
80DB4BFD00A68FFDADF269925EBCE6799F4DDF24E4D0C348C02BD9713899911A
81B34D4AC640BA1A7E104B0BC9370C519D7A6784B8F1AF2D66E1A6BD9CAD6D45
81C6FCD0AF956104E7F153E709C79FEB4E02B164EB311439ACC15B1F0909DE2A
81CF80F3BB617FAA8885729A8273F75E8A7604493C85B4775660745F2C449E29
81FFB37EFD70FE11FC1076F9CF906D8116B39A0A733138AD0A6B99A40C718AA9
8269743EA711D60833005A925B731C0B73F86BE1F65C7B56435B95F742B11F6F
8297DFBCF2F77F7BC48C25A51474092DF703A54EF93F60FD9E737F23835D2288
832A3BFEA6B7A7AFEFEB5C759D4C79ACB448A9D15DE889801964FD9437326C20
832FBA817D790F429EE738A8460234C7836B77B14450131176C14F9586988230
8343B44A4DC75813F2C3971880B4295DB68339425A6C20B1EF9594538D7B0437
83E5AA7E8CCAAF23C790A034EC6E5BE23F02FBADFB19E60866E50E3EC45711C3
83EFF9EA1F456D6E13AE0930833691ECE293FEA90C2C23141A8B7263D130EC94
84107779D5FD723E229312D0842EAACC98E947AEA5C625A22F6003A9A0DE97EF
844DC31F23ADA170287A65E4965F307D1B48D7F97D70B547E5F26B6622629F39
84C1FE8139B2D151DED5FF1F59EFB219C95E9136DE5199E703974B891559B777
84C9A2047A30EAE5627F3BC72B0551CAE134E6C050C37C41EFDD9EA3346190A1
850C2F5329F92FD5B72903CC9DCDDBBB77D1864631AB49A9D0203C44FFD82904
8514526F298C57199C4E2753D197EF45AA9CC748195AC2BCB3543CADAA5BBD4C
85300266D1EAEFAC34CCC0B9299D6F5C6371AB8C9EEB9C279CCD1E4CF38AB2F6
85EAAE53FD39FC1B66E020CBA23F894061CCCDA63400A461B44FC7C385E4FF1D
86332EDE94062E5335B12D4B25020BC1BDB7A34201093078971125002BCF4553
867E0A91C36CCC05D6541ABB46C8F2C153BF4C4D92FBFBAB9B4F75AF7CCAC982
86AAFDC50F990BD5635CE60144F824DC033167A9A3C6E2A03EFD823733F36F1F
86E104002B1036893DC1A2C6B10E1B9AE72C5A6BED0D6B645773F1130208F553
8725E126D30114B607F00323DCC0C80A544F2C7C1378C9C47D8FE1EB468AECFC
8726C6A86F763C5CCE76362B03D501E55F1AFE8828A5152CAD0AB407CC5E26EE
87354FAC48C5EF249C805ADC8253139EBD7D0278A7479D92CC0B1F03BA36E74D
874D523CCCBB1DD8C95CEB497824D4633DBFED4940A8FD6A884E904D6767BF37
875F31318B0F5E089A2B0D9D61B01E1B788C5EE2C94A9BB086264A5A29DA8680
87A6460E0EBD0FEDAEBCE3AFFFF2C2AAB10DE27A879BD236DD10502B55E72EF4
880686C61CF656DF62B01F380C99FF44C9E4F5D78C5BFA404A90DE440D2BB2FE
883675B4E6FEC04A9408E1F3F794BEE4027FBAA0893F4ADAF1C71454D901A055
884C6EC7C4A3EE2046C99EF047F4D4E615EC75DD1B762BEF3A1DED0DCD36478A
886DD562163647E126F00F3180D8AE4C6E9350C247BAA94113A29633D7ED4410
88BE0F227EBF422EBFB802E37D1F4D1873A6E6242F2160722A8AADE02EB7E36A
88E215696B97C0D9596C2ABDB98476F612172EB580E6E981975D5FAD3B715C04
890C581177D68CDFFBBB7EFB589002398A39DB79B1F5E038E80228C65F4DF98B
89939DC7A10DBB63588B68801403F2F055674F08CAB5A86192E42D8428797166
89963D6EEAF2184DBA0F35566D1FDC65E38C332602507DC68FEA493813A0F520
89ABE4F68CDE322F524D9DEF4F0552F5B6DD0CCD44CF808C27DF0089F9F5306D
89AD7C222BD8E99BA4F88AD2A5F62A5023676C8D3D38F81402C0BFB90B1465D2
8A1138F3FE3A636953BB7B709C0450A448D6B17BD3C517135DF0094F534848A6
8A4FAB2F553A0FA6957EB039FBABFB3FD41D63434FDBAE555713DFBC3EE5C388
8AB7B98A2F966B95C4DDC649F693BF0E85211135F39A88BE888E64A54E7FC872
8B15231858C5BD8CA7FC269A503AE8F1A7AA892965AF0FD8FB530183367EDE2B
8C084C11220BF3C4E8A6F829892C1CC44EC7108BA657D89687896C9A0858B206
8C590996844BC881C507F4C6BC272792DCD306234B129E2ADB638D49B9D23648
8C5E8F06395DF29FC819160384D0D500ABC58FFA64BA140151479890CDC0CE5B
8C6A2F4B710D6D2291ADB6D4CB1840B5BB5A07F427D492587B753BC12D3BDDB3
8D15F5DC1C56671F95144DDA8A4D2188BD3956929CA256487930A772C008F3E7
8D73DA0176F379ACAC44A681ACE968E28BF080A32FE94D2A27E999D114AB0E17
8DB309473CD959565116D822B394239CB7B07995D428EB1AE7175BE4AE27D29D
8DEE1AE39028CAEE93009AF9BC20F8E960D25DA3B6EA6B04D90CF74827DFF9A1
8DFA144566FEAFB2BC64E3BED1E309410BD406A863F7A664722AE919DD1022C9
8EF32340D564703C51254F0444342C8B7B19C6DCC983871313977AB470498EA9
8F5B19D348E4F8DFF76D500F290797FE8EFCFE4DCC6E840AE4001A25B5617000
8F8847E922D26C316C103F54F542D712BD60985FFB3EA609FF040E313A6AFB46
8F8F92F3F6D77B15E604AA7C09247FE6ADE1E05DEE4D45F3F24E7B982A9CCE4B
8FC51006C1C93CB9F753270628891C5D963802BC6F0C1186E394B956F2A60C03
8FEAF4C6A3A613EAF6D555EBF3725ED2289B091215680C625711BBBE5C2ED8B6
9018A273A345DBF6DFE3D82A8C8F4983FF34AEF5A076E0580AD9BCEDD540C381
902C60F2947F15EA22A8292FA0209761BFE069D0CD437FE572CE4FC5F2F4C3D1
909BBD1D1764998CD7CB3E8E533DCB7771DB17ACC888D2443D6506918D7BCCF0
90B74F5CBF84DFCC4D10C29C9A461624305AACBA565D69F23038632475C19379
913CBB66E0E4E82AFC119228C4D9FB061816ACC0258F21ED3994842553296232
9146B5CAAE28CC9AA5E0D24A9F734C311E6AC91F49961372D296815A992FA9CD
918A569FBD672200202CFD03500000E82344B40F56B3F67C7ADD5A32CEA9C640
91EF5FC90D5AB468A4B67ACAEE64ED1882925F4F4DF8D9CC782783E32F33AC47
923F819710D528EF98C4D10F39F8C62BBC39911982EE9C4465C5D836755BF6F5
929C43B081630E53F938F9B156F0411F8ABF69AE715C5CC411C14E65298B10EE
92AAF70A9F16E7EFAABE0B8EBAF7F44A629CA82941407517660238AD0935B32A
92D59649B7BAABB0D5A602414CF5A0CBB6A85151CE3DCD0E40D6A3F0A239366D
92D78F588E2A60F9BDC4FE48DDC3969752443E2803DE0558E601B32B7494BCA9
92FC1CC8590FD13E51039CCD2AEF3B2EDD2580EAA2D2AA10738F8150094DB6EA
92FCC1EA62FCE65B357889EFBB0D8292B1B3479AC70C69314BAF3AA69ADDA42C
930E8514549563AC25F82DB45558CFF2B6F40A8227BBC456FBCEB712CCA9EAED
932C105D95F1838C778D1F80D497D854A2F07181F16C2F6B0576F049A329C2F1
933BF0915E4A7E0E2D1E8F462DDABFAAADB25CC79D35E6D88C07BBE0FC600DCA
9348CAD573EFFBEFFACCC398C8C47C0977425EB60DAC2C3B7FFE729D6ED08960
9383F169FAED8619FF83872E9111F70B2465CAD4C72B814CC4AFE2A2C89DE339
940E2F99D4C8EEBC16B67E56C62B27A058FD7D92B838D798CBA732C19011D07C
9461B35AAC0855C7A305293DFE2B871B17EB9A3458C4250E83F64E49B05B9324
94AA793625FA95E62A04C0320CC62668DA20F6A098199CBD7A0BB278FAE65EB9
94B1467D06FD7BD52BB1B8FA3B5D42171446B4A8A103BC8965FEFD9A1045AA04
9517EFF910551AEA26A56498F787167DCADC9CFB8D294D8D6EBE771756DB2A05
956F809B099B1A83DEB94A010C2E9FB544EFE6B5DE5535546E00C2402A447634
957EC737E6EEBC96F8D5E3CD885CAC27981E480639CCC77B92410C55D4E73A65
95C050900E0C27EF2FF01C79E0B51FB985F4651DB89D4A99FFB4008440A03A5E
95D63EF5415FE6F0356E02D47AE12CF941EA8CD49707E5FF175D79FFB627D2B1
961B15B15A820F212D40B7D8976D45C9674E7BC1A29297E0CC386DD2DF13355A
966005D1773BF2EF8F76BB3BDF6C03E41389D497E91FBCE75F936C9A1B043B53
966FF30A2B9A6A4F52E8D6E0EB063B97D67527DB2423D39D116E4E3F7FB9C310
970B90D16E6FF2A7AA2B16AA44871E7AF6D5A1B67C9F96686C96208E8F0658DB
972787DA5041E38590F9363072A09EA85CE4CD647E12DC5D2EAC1E6BAABDCBC6
976EC71265E4D3B71E72DFF797D7DC932DB78A5B4E4CF7BF72E68D00E5BFE3EF
97AA5DF46F5EF128EC66003D3D67ECD35A74A032023E88B3D9B1B2E1CADB1AF3
980B8C1D52A870ED12097909E1A7C725DF623BE337DB0C851C7864B012E95978
9839799BB7BDF54976DF40F31B9455211AA0E5D10D6D3755C5DFF71242FB708C
983D8DE77FC583AEBEFBC83BE92DBD79DFD4AECF491D4C5FBD8D032B82D3C829
98ECF44A660063BD6039C2F0EF1EAB8798E1204C87816B6E30E7F8E88E020498
994733F93BD7ED03CF4328A45B6BBBBB9F11BAD96F877CDAADF2DC5BFCA2E355
9969D1E696527CF281FAA1341EA84069BD9A17F28A0DF8FF69D7DFF8AF369A12
99B4E14486D7650229085FF8D703ABDBE1E923D41694156F7C7221C755EBB63D
99BDDFC30B9ECFFCADB85248B42B10E0DC99327DD9F254F72DF67E93AC682291
9A1FD3A0C75011508DB37518C6A1846B0AF4F5AD047AEDDA96DC657BD58B9CAC
9A2FB57D767A80E811A4E5CC959A3E61F9CBA6F56E6199EBBB8A36FA0D609530
9A76B5F39AF887FFC38AC4693E84A0B87F7A29DC397E3F248C39450E88742F3F
9AC497CE1D511BB7737BACA4783D1F5F8FCB82BA2F9F3AD40BB79CE19E3A4795
9B217F42BE806470A4F0C3C4324A9B7479C8957244A5C1117777AA8341231F17
9B5F91CE5867C4AD0B06BF12592C9523D5C85CA03B2EB2CB2C9E1338DDCA8DE8
9B7ABCEC607FAF1EC7F8809A545E789B8CF0384E9F0CAA89D23D438F2D0B5D50
9BBD7190E5BEA2D4F633FE25A04B00E03CD152720C0C9ACE21A450CC3A36FB3C
9BD261A3680C580F01472E2122FADC3977FA8CE41BEF205A5159F73FCEBBA370
9C1B34DA48818CB8F2383130DB3040DCBB0D4FFAD0E5247D6C4FB1C594F07CEE
9C5C1914DEB72DC17A4C64EA631AF48F6DC8CEB71CD296142FBD64B433F61345
9C6E61507C1468CFA63E867014736B764F64793CB9C0C08112B4184906352889
9C6FB47DFB6143919FC75616BF99CADB8086FD6651907432C201D1DC8E382EFD
9CCB3443051D337EA356DE2AE04FC1A645978BC1B416351A6ABEDC00A14E6034
9CCDF9DE70D8957E8D887588397B4179F0326994C4019EF8283BFAFD96D52120
9D5DC6B73AFC788C1F056EA04222937A8CA439C092AD7B2EF33478A56C02C038
9DB9BA2401D79B6B112EE46AD30EB6B50E8C8E7E7F9277BC1E785FF284E02EC5
9DBF550D6AAEE4CFE0AD9DAC1836182774A040A09FDA5B0B7BC6792F51EF4D25
9DD239BAE4CAEEBEC2274C010F8D33415DCCE24C424CFB70766D3DB7E3CA94AD
9DD7B80138CDE9634D580681EF1C5006BE56F2116AB8D7C18EB5CD049CF29F2D
9E475AAD9C943040D16378C62319CA07DC2A72C8843E0F6C86ACAF9F3D756E7D
9E6E483E0DA4BE1B520160D649DAB614390BF9E72F28C2C1060CD16ABBF6F059
9EA0F4138E67564DD73AB207982D1AE4F7A708D40520B79CEB7364B659EA1CAE
9EA3B1D8B8EC2D3773E3E075BF747E8D35A66F9B0A56F155AD7082DFF477445A
9ECC7EB935FBC38E518700C2937D8DC5245A58F65E8D26C80805C8201C94C06C
9EDE8AECD425C36496FB711FD193B3395E07AE0CE6501534D11F9847FD06D2D0
9F192B5C28634CE8B7433E047E3229C6346AF8CC5D877B74466153920531437A
9FA26AE7CE560487720BB974C21094E187015738CDA6E122C495EE1CF73C2FCE
9FB1F6403957AF3539364830C3F514CD70BBD368660AF613D86E3AA1E51BFC10
A019629E2F9948EE8BBF6B5519808A0A05F584EA65B4F986B572B262EA207572
A07798EE54907FA6FFAD7C1BE38BC2B56006FEB66C0666C52F7444F7BE2FED6B
A09B3D262B71329289C9CBE8E0DC6807FF5A86240A423E0A45ED54EA51ADDB41
A0B74B7F62432E507BC3170D905A1F3850E05D0B2BD4D9A97F5FD1214FE53941
A0BA03A2ECC5CAE401E2A960CB781995BB6A4631D7371569CF3160DE09AB1C6B
A19658DE39517691D3E11BB404AC1FA7A84620EF2E37597174E924F2CA1E5D56
A1C85EDBEC26E1E14A660FAAD979A6092A14C5EE81A8C9E6BEC654EFE075744B
A1EEBC52E9D21809C75BED90567C6E4A896A6632585A958B83CB38CB97254409
A232518B9D6C1B11223FB1BE36B6E7CA8A4E66EA01303C251BFC79DDDDCA1A98
A24609493A5B3672600C4B69C26F81ECA5DEE2CE5DEF9D6F8220F1A74141A37F
A26F3162A5978E9DDB1E52B66B2F584432B1AD0B67CFE0FFC49474A4D91B0B75
A2AAB0FEF615D70B04F3F549A53DB997EBADE7E9D432FA49487800B5D7C7D111
A2DD88B7284BBA7AF7B1FDBD9349EC4946FBF19F6CAC9F4E366D545BB02FE1E7
A32C3D6C90ACBAFE9FEB2D5C8FD6CF350BD90CD518413A7B87836C69661EBB8B
A336474460F0F81733571BDEBFC65B0FDE3B5F6F7863CD44AA0A35230B6F1B31
A34645BF29F15DA9D7C43A466ACD4A0FA11CEFD6A6A2D7A79ECAA89C88165805
A34AAD01443A72FF1AF323538A5988F3A4BE8AA5128B53AEBC1E8EA49A87A7BE
A3C1166988F46C3EDCB664AAC528AA79C5E0F07289A434853828939BC430D86F
A3C80692976175AB13D96C3B0C3FCBA267756D15654B38EB33A025CCD0FF0EDC
A433BF7CD7AEEDC3E16E1B35B6DE8900EC7C2E914DE4C44270B45989CD80DCF1
A44A217C3A8A39C798F018E2CB15AF06AEC82939A843D6B410F53693BC522E6F
A4BF80FCA1B40F7B5FFA4B259F808790591638CBCC430711393F250B90CFD2A0
A4F399E9BAD30B2C697ACA4E3E7A6F6BD6F28A8F8C494A3D55B01E1C016B794E
A57DFB6D53370C9E93A75411CD21A8A4F92585154C8613D2E401CEFE839C4E61
A58881FAB2B3493CD8BB31973704FBCAA3E3382B830F6E2D06487B889D671432
A5C43D60E7CC21441CF7C7E7C03EE001763A8C85A0FD2CF3D675DEB0E25829A5
A5CEAD2A2EE8F02D1D30EC92C6CD877AB9209B64BCB61626CCD93E29B2A1F180
A63F6597C50FE61B1F8DD1E50C9F89DC4B5469C32FEC420FFEF2A78EB7699D59
A65F326C84A1BE3D5650683928242BCA7E92FFEC1B30DA59C5DC0F8E920951D7
A68770E9820A3D0D1D71B12D5F1A9A2628FBB9DEB10D0BC92CE466FAFD3C2044
A68B063E564B60B979D110104EBC9F4F5845CC6A022FF32288B69BE6A1340352
A6FA5C6E4928ED852901498248E063D1986635E83D7900A58BE39B77E6A2FE1A
A70C23D8EE6872B4D870BCAAFAE20C4669FD99EF2918EB6B737154A94641AF50
A761B0134A5CD929B44FFA71876CF7F9B840473C53BBA66AA48D3B361668BDE2
A78BEBE994800092B53465E61CD9280CD60D5F0EE58B1694764F41B0828382F0
A7E5D1C39AA890ACDAFC6817A855CD67F822E3940949A9964CD7A1FAC5B9F1D1
A8A87B77609E038F70EA3D5607414A0E99DEB45907E0612D3A1B6DBF90EA99F2
A8B27DD6C77AA78794AE725CC26894DA1B9070A5C093D6D0FB2C144772EF2FAF
A94586C0F740DD98945ACF064F083E4BD583BBB9854247356DAC078F8CA904D4
A9EE7BAC321545E578B015ED2188973734271A62F2F7DA84352073072AA9DE84
AAA14D01724E63D439138BB8CFAA2FEF1E15906DFD3A31A069FA2E5883EF3B8F
AAC81B056A6DC9FE12AB9FA34584664BEE09723B69DB7CBAA48DC3A66A8EE952
AAC881517726EC94212FF2798CE918FD4010BDC45AA9254EBA878CAD9463DDBD
AB29A8BC84DB1C8F0C0D7023FC003AD2DF2A09CB60A460020FA4CE3D7B6B7D88
AB2D6BDDBD48AD82EDFF6C524657BA8F2DC89DDA3BBCA69C8ACEBA87D85E4CA2
AB37ABD08D4293E776F111BC943198FF731C900B8395D5DD9194F47B2F6B1E1A
AB903539C5CA0CAC013CE8145C573B65F2A0FE76C41242153E7467C5A47386D8
ABAD7CD349AEA54266000555374D5A4E6126D28A2042203EF38900E1A18E6683
ABBC4E431312A065E66E314419EB7CA85F5B74ED6643BBF1C4E3577676D45F99
ABF49EDE677F4AF1F315D2CF601112ADA77FB04C12418EB27557C56476EEB733
AC035179EA244033FA57A0FCDFA97B76743A2DCD31C20B3DCC9868192D943D69
ACB1CFE6C4569494FAB35344F00BCC92E2827F9717F2709EEF8847828D15AB84
ACF61441871F6EE01FF1CFC92FB8ABE57CEDB1C000273308B106FF927893A372
ADB8A78169EAEA74D5D3F94100CB7088F60818A71095B2653962BE8E136460AE
ADBFE19420F533C0DDC3095D0722D4FC66C004737DB3260207A7D835AE01B81D
ADE24B38F308366CE4273682C5A5556B2F73F7834E53EAA7AAD74FD7CE2FEC7D
AE0D111492827969526BEC2A3FA855E039BD9F2BADECBFCDB7D34E8427E77FA2
AE3BF5BBB7C4851F0270FD5EC7715D6792A7A08290426139720C9B8DD44905F7
AE4E5308F88F5D1F38ADF522E84B97C0CECD7561DF8242F28F81D89F4AEE51E8
AE9E3A537C5B44D2A8872C8CE1D4522764616DB7C8B83A228CA3116622581E64
AEAC8D5EB148DD4494426A2176A1272DDE90436C40299783247859C0F07A3B77
AED7CE08EC962A1C45B68C525217F997B28B28BD5136910737B40255BFC5F224
AEDA23F3FD6E22D3181135B70F958228D7E856B689C564A321E40E1EE51AF929
AF03656F7C8716B7CACD8E952B41DE3AE8C88F12D5C95CDD6E3F5978A16819B3
AFF6A1BE219AEE6476895AB3709AABBBD8EB21788D45C07EE06AC3FB857D7645
B0041D81C27AE25182740583DF47B95312EA9FA7460ADEA315492BEAB4FA0353
B01A6A0083BCE3390FF416892FA92D8830E972F85223FF1D4FE91DC7DF768C46
B02B1A8C516B76DCDC2D5141B969144DA486993CD9548CF4ACD4A64D96519C0D
B0477FDD4FE43673654D5A92926CBF8F0A78CC59CD740140B640C58B0751359F
B04EF00449DF9C7BE80937645FD893D5C705BEEF396B798633E02EEF1095D8A7
B0F8EC8E519E6AB212DF558B9097B652A37BCBFCF4BF86F54B6A538C90E78D0E
B0FBB3750D5B8E1CED19D277E61379B63FD0A6BD692F543A66E5725E063CE2C4
B11F7E06810BD48B5300D6EE38EA0296D818EA80386C7BEE81737CF7701BC65F
B143762776618CAB1164603700F384201AACC4E080FAED3B6EE3A29088C15268
B14DAC315CE2DA71A46701D4A24BE7D3A60C0DD2910613DCC716E272C2030B69
B19F9B0C3C7D4002704306D8BE606423F547F81370B560F6085CCC36D3BC6EBD
B2847D696EBF920FADF30A4F3D3234F348C20681986FE600E358AE3424C23CC1
B2A381D5A194B8AC652247FDC9B258E159FA6846620036DC961A03B26CEB1916
B2CFE0E2DF661270449CC95DB5159351D995E6992F4F156D79CE9C5300F33F59
B33508AD1B946D98D87782FBBE742DD209F40A1EAF758C09FDBF3C34774A10C6
B3A9C4CD4F1BEAEB2908C2D519262E352238F12A1A4D21D0461108C44C1EB881
B451977E07B5B95949CA5637CC7A777ACBD599E9EC5E480328127E45903C4A44
B458EEDAEC6CAF79441EE6E3A2B5C0DC7DE2E964BE4A85779FDE0A247BAD71B6
B48AE137652F15E4A25A2D7255AA61CD04011285E77A9DF0183FA7F70F6D2975
B4B18A532A62CA86BF5374FB71DB098D4DD595180E0D66408FBC6158A5FE9143
B4B6FABB80B63CC31F6DDD14B9B5CDB2330C2A4468743C54249170A5B94DC6DC
B4C72F24835E6A8373C97D74DF719087E9947C51A77177C160DABC60B6B8C7A8
B50E4235FDA9D36B81643E1414C49A979E2BB67EA8D668EEB6C679798CA4283E
B51EF487806236E9079978DD44CEC6EEDCEC33B824396AA17447412E0BF08D71
B520DCC859B6139DE82D23227506869BCDA35CC8A4B3A01790CD33029BAB7669
B55A5BC125BDCC3F7FEC585F722F27A28CCAC30029D685EA0BF275C4C88815F5
B5DDE4F27320AA72852DA2C95ACBFE33EAA67FC6B9F7EF44DC8AED9B66FD0985
B624951503AEC5FEB4852E3A9BAB38A13A272EC70B08B580D6CB3B0A355F0293
B64107563A0461A0B58F1A0E031BA2711E6CEF0949DEBFD94E0A689652464E45
B6943E0B5467BE775DB2B4E0D092C9DC82F1F8A717FAD81C46D8F5B00431298E
B6C770BCC2A921FAC5EC5B03A2D541A7B9DB2E502A780AD4C0F124ED30D0757D
B700C26ACD9EA10984711CE9B23BA1FADAEB869E5D9ACEDDDCA0CBA1CFA4D12C
B716BF4B7ED0F79BC5DCFF0565782F6982CFB91299B32A865E18F11B10BEE29B
B73234C72ADACF849F073E6AA989B663E83BA36624E29D39DB7BD63ADF973C6C
B739686152A47252B5BC887FB053CCDA7D6E97231F4745C1CE5F5FC80B72178E
B7464E9BC2193857E0957F22B5B52B396D5E20193B619013CE9CEF25ACC864B2
B7539AE055484073FB3DB56165574702A6569C73C30979B81AE3FC85EEFBEC2B
B76985525477F6FEDAC51E8388B2C4CB4528F2D10C27FEA229AF329D2E26232C
B76B084B67030F5D9E612A59680E5E41552C0669FCE3042B57AA505CF17D6F8D
B7928E28BD272A905032FC56AA47B9192D9E2B5D6B1E7CD427208C35B31227B0
B79BB00AA2AD08DA91DB8C828060996D77EAFF8CF276FB1AD739BEABFB4104DD
B79E6014367496CC03A3C6F1EE94B07C014EBFC05437FD2A8723460D1206013A
B7D448438EB5404FCCBF53AB388B59ECF0FBB454E664AA9E90A07ACD478EDA72
B809125B8B93F74FA5CBC75B07AD5698035E679E57D3D574961576E9F02EE039
B813EDEE7385C2C0372F4B1228D3A6658F611B2943A416EB5C7A3ACD1AF19450
B86AE0DEC1C31DB1044C5BF09244591C6AC5B97B8D911A83C457B738730AF552
B878D691C61C81DC36DC18ABB90F4F1AFDB2F813564F4B747C20D6202598FA35
B8B212555F4EE88A89A287332B8412D1D814746140A16E4050771E9F483500A8
B91B73A1DBA8A06F408D5BC54222B498ABB988DC120063E7A9344E137E157D9D
B93F985DE04755CCEFFD213595C54F4EBA6DFCF0D8B29661EA3574A89BB5DB85
B9804F96F2723DD04C14A35CF1477E73296E5CC9590E7172C4858D62F7B382C8
B9C9ACE2A5F22C3C0E1E800D6DCD2676E4F0B902F5BAC9E214DDE3A51C2F2A76
B9D9F0E4344606D01046BC17D6C280C82267FB9349080C61D73292C66DF4FBA5
B9E279DCBE6D2E62A854DD2974C217268B7787D49E658965AF6DF308AAB0FD25
BA128A6E47E8F1702FA54FC4775692EAA13E1B9D7DB7F8A773D5AB984E1A9C27
BA50484F539479A3B3DB8EA0AC5C36A738A4AADDF5FC4C39D49AEC1B13EF95DC
BAB179FEA7298F95D17FAF115A58016AA878965628EB5BDCF71DC62F07ADA1D1
BAD0EC2D6185D0363E80721FD376BD022D24D86B4759240BF7E56BB7EC741D48
BADE1336E2730A8258D1F1FF16F3AA5B70B234FA69832CAF2FB20205C8E9734C
BB1ED0EE98C979204F1AE716C3F2B32ED38012DCC5422A3644810BA39CE08922
BB42B0BE728058F2D3B8939BBCB6A082B75829704162A9E8D064F88DD8042B01
BB85A9F4CFFDB56B152D67D5A3E9FB1642576DC3AB1988B1034B87AAC49F4056
BBA6DE926E03FB0141ADADF983A64333C9A63783FD7AB4FF22473A6FB8090589
BBAD61B67446055897C8884AAE1DF73A78A3C751CEBCB0703B31C1F6CD5A3925
BBCF3B262FB3E421AC32CB596495B9E08343ACE400338D2D887FF65569813FB7
BBFD7956A9ED0B4A7D291CF2E7DE9813EFE8E7C4B9CD83B9901E3DAB9E38CCCB
BC09A405D7E9FD571D6F92DE7A70D855CCD30E98E69AABBCB53B3DB0C657C8FF
BC1810E57556B4E591DDE78AB33EF0339FBFE4C7814BB1C82B19CDD0E3BFB243
BC49B8738B31C348D1CCA9409E25315CF7AA6DFD5D6EB01FDFA9BBF82E32CA28
BC511A7B53A96FC721FBD1E61FB078B2388F1947C2D9F0B80C5F545EF76BBD1C
BC5C1050D9778DDC5A381D556632A0171A6785BD7ABB912BB86118264A57EA17
BCBB14BA6066B04F660DF4C488F722149DF53C77090452F607FF9FD08EDD8DD9
BCBE1ECB82FBE3C0B49F16BE0113C609A3E8EFA1159B43E9C0980BB4E057041F
BD005D3C2511292310750EE0E9C110E1875D2F538DC47707AD6EE2094598A44E
BD0E20B4697A97104FC08634AEAD7D212255D0C5F66E96D1418958579A0B2718
BD82F84EA2C3D1853A75520CCF8BEDB4F7C04D03CE99410A42061F3E2FE5A4BA
BD907FB372CA204836C168E0EC12AE366FB882BC7D0095333461CABA33AC5969
BDB3B2DE038BA0787B27CE590E4CA37A805431EE7AEC426D44355F8E56DED588
BDC308966F6A5E914217315649F96A2F0F4C2F8ADF8C2D4CC2C68C8C9A7EA69D
BDDA0A47A7CDCE2396518A53BDBF0744E185CE0661A665F38B32B8AF8E34B174
BDFD61044CC19DE3B1639DDD6B2FD61F5A4A560F039F2F66F20BBA91CFB6BF7C
BE0F32D277AE02AD04A95F60EFCEA6F0C2E09B54A3462C63B9436DD23B39585C
BE1AD4FB42B70A3ABF29D8891AB405A2844E39173EDA19392E27F9F7B0165394
BE3F416E20AB3CCBFDEB60DE498ABAB4D8429597DDC212C065666D125FE4775D
BE40D2BBBDA46DC4F11D59D1B73EDF975EDF175B11651FE4B4C436879C258F62
BE56577EA7D3A99677E428843C42D16CCBA6C7415CD38AA7A772B49DFE84EDAC
BE960097400E0A1DD7026FE68996623319F9A07ADA0C5BE2E0EC87ED044841C2
BED9764A5D371D28984452689981DC8A464CFDC7D410A9954975FC35D632043B
BEF16050E2685F02EE879ACBA5E0DAB77D6EF704C4AF3670453E7BC09104FFB9
BEF763F8CD76D301F7612B44732C63B4A42087FD0103C5D4FDF3C1A62FE2EEA5
BEF9F386D6B2A040BA67C84A4FE566FFF600B81F85B7786D8218E258CBCEE232
BEFEBE9F5408753C308E7BD20A42A905ECF1CE74973F2820BD219BBC933EDB82
BF3D06EF3B0FA6071C2C8FE7D52FBBD0F25133F3944A4F019ED8C5712B6B0F62
BF48FD8F89C8315F5514B43162D3A97C0B17C9EACEBD18F1E05E972385E2BE2B
BF89FF1703516FF831224BCBE5D2EA1A73F54649066097C3010E2FB860D78EEE
BF9910332F1A5F75681C13C52AB0192570285659ABB23FF0D72936E1DF1ADE42
BFC7E10F2D8D5B67A8F96418B1769052112095EAB236BF271989DDC9ECC82273
C0243CC44FE8E7A885BFB43F8678C4FB500EA4E78FD32DF35FA3D4D619A7853C
C036EB1404FA63D48D579F51BD3D06CDACEDB99E2B86181A2E8E753114A4652B
C09E600A779E9BF63EA8B6E27ACC943963656A327C7BB626EF4355ECD4495BA0
C0F136B2AD8E1E60369BFD6B64D9268AE9F9CE2D5DB5E62536C92E95E526B551
C126E60699D34E86102D80A8A3EEA2365DE5E2C06D59BF1A68F2B5F7A1215E36
C13AB65DF94D9C606CA00ECDDE85EA1A38CD03EEE5CDF805D6712797EF9AF14D
C164FEB98AB7896FA5DE332D1310EBD5DA02AB8BA30E68973ADECE59494C8983
C17F86664E4A9D90EEB88A28FE1A46EBFF72C71188BE5C12CFD76F70A3C6376D
C1BE9D5D41523905A19EA85D8D9D46C44D97ED9AD36C32F85C7F1F72B82E7284
C2403B91429EA7DBB9789043A7EF9BC018D4A51AC77053406353F02F131A7425
C27061636D4721195368BC67805E362F4C27E4C2D7D92B58340644A2539B2D7E
C2DEBC91A17AFD457E26271E703160C8C811748178D3957B00AF021E3E9D5D5F
C2F430F26721E2CF569BD6E2FFA0B159DD4BBFDF07B27C356F068E8E9A036198
C2F628CEA3138E61754A8082334F4006299F70574A285E431CCF83819F366EC8
C33115736BCCE06DE9203696A476E4BD4D4EA044D2E94FB84C086881D2A5C644
C350D6D7E4F6988516331F133649416434C6F1C061809204B0B938039568269C
C38224202F6DE3296993778DFD80C93EE8953CC3B8A54399CAED21F0C1320507
C3A741E4C19BA361447B0E3CACD86CA01B491AD055534AF51C39F861DF130FD3
C3E38B24A88C55CA09A84B4E73DFF762E4E6CA76FCE592AFEB172C2325D5AE5A
C45B9D6C461CE290D0AB14CD077206E818718A68F0CF0BEAE1713C0924978ABD
C4A851E935957C85C18F7B3E3C23B38493C4322887A5DDC95D7E9857B1ABD320
C4E92F2C4ACF40D8C6F1B472DA7D3E0FA56EA13CA88067E144D6FEA8B5A289C4
C51E52633BCBBC0BA21F785A166F5C567D05B10F057B410681A916BC917190F4
C5429C23F25378DFED01EE3B7ED386464D8706EE9CB4C0A188E508965B14310C
C5737303D7E8044F113B9F657695A0494F86163DC624087656013543369F633E
C589CC705712FDB3210388412EFC4443F2A964D8098D5D29E41B33A21889BC33
C59557B23E65217D8BA22B4A125B53DDF5EC491A5C03113993EEE4C5374FE207
C6501F38C44D390E4215488AFD41C178D09B91E508F5DBC1E83BC22E316B28EE
C6CCDE5D3E71EAF703716BE06C1B5945E2C2D447369987BF3E3E5DE0D5564748
C6DF4AC7CC993D8CF875C54EFEAA94443B8936F05B99E6F42986D4841675F4A8
C6FA46650CA719F2100AF6DD26D38EC37427030F87F3E2B9963D6453B09C5613
C70D22429FB5C12E2FA2157BE3EF828160335CBDA70F3AADEF54C6D847BD35B8
C71EAA0F0516786F89E7BBF8ADCD21084FD897A52B85A9A97E6657C175127827
C7887AA6012FD34AA6F859232FF8C959577C4F83085B8B3ECC1335E7F05D4261
C797714189D1E839855B4DD580968C4D2F88AD605404D4CE9D49731D46899D93
C7C2C2EB7725985426EBF1DB76FF437C03AE0BDE6AAD0E52FF65AD0D17EFC38F
C7C5BDE99A14CAB8A56F9F8E7E78E99A1A0A79617EEEA076A99E2F0B498128ED
C8684A2CA97FC99C5B22C5693A9CCE5D37C55181AB90A54D391AB8524D5B6E1B
C88533BC901C473A774CE4A30E1BF79205A3279E59E8DDE4B0D4ECFCDD859DB3
C88EBC6B8A33A80AE72A9CEED9BF6DCDD48497024991900E645B8C9E3838D51A
C8ACFB01ED063253320E466DA80B67C3F02674A00147BB9ABA1E649C7847ABC5
C9321939148295F63E61340DAB07E67E4230F40A75F8652BA6679EDCEBA4A487
C9508294FA4FCCB8316234BF934100C6AFE5C8A9FFC388255BDF1C008C1CA373
C975B9F72AB47EE83518F099BCFCC58826F5757DD7C76B4A0ED6AC33FFB0A611
CA79997435A75D5F61F4B2C0529B5A2C5D1E93E377CD6EFB1A81126FFBA62585
CA9470295A707663829EACB5CD82B0F3B5A4C6AC6A19D5186B083F4BD2033789
CA99D73926F5A4CAF9D9F44DAD847ADD10B98E10D71CF634230AB4533052E34A
CAAE6FF5931686DDB053DB0F2F23926158BF2A96D7F4B269A8D2D030807D378B
CABC5F6014D39DA53EA96C94EA2784495BF12469B8BB0DE648923A9B0C1F39C2
CAF4F6D5E2645D96B1A89A5DDC3C2BEDCB7B0D67D97C904CCFB2B9615ACCE1FC
CB0C10E56DAF0183A0C793FAE478503BEC82E120FD570916CB33E5D80EAA8388
CB284EB6DFA36A690AAF4ACC9199BA4459AF3932F735FBC26696669F416531BE
CB3C649DDB6E968F90FBA3EE768CFC626EBEFA8E57E7804ABB35030B4E34A380
CB3EE216EFCDF87523B5B459972476CADAF23F777FD7BEE8F99C61550C7AEA55
CB4CF83E857C714E00E7A7D513AA23E9F423A770A34EC5BB70BA0FEFF598EFFC
CB50B48BB9E22F9D72A41A0A1F1DFE03FFBCB5DEF37A36864EF6883BAB769177
CB5E832E7A11DF75DA00A2E3B36BF4A59880B625555C1F225E16E3001708D4CA
CBA1D276389F3DFB39B497CD655A4E5F23CBA411B0CC54959F83A4F35EF4EC73
CBF479D147C4346B1D63570D90BD05EB6569354A25834DC42998063C336B24EF
CC4E89316786830265E6EE8BDBEBC7E65D5DBDA084822CB0F902B3954363E4DE
CC51A08DCA34BC063C5A6A5C7F450A6398E6D18A1E87A084C7B4C40972CA9903
CCA7B1BA4D99F3596DB2A1A54FEC9506041CCB8201AD5B00FC9114F6E6EC53CE
CCDA802E732204E455B452390C903B97267F17C0ED8A2BD395B04AB666700A64
CCF358422C0763F95601EF1B74A088FD960E383D1B15008AF80575322198FBB4
CD098841827F894A042B3D5B20531B96D389CFB6B28017CB724EACE47F3E7885
CD0BDB2AE36B4A89388AA613E0A7DDA57F050D4288204FBBDB303082EB5FB548
CD310D782D65066E5FECF89CDA924498D3D4A6204D43982357B8FB610C5BE6A3
CD44BDDDA60D3F8CE72A047CA1836C54D543C64B669BDFC4E0E62B7E010BDA63
CD955B6809094BB9D0CF5BC60B4355AB98E61198A48C6CE17AD8055F5F3D401F
CDBB9A7A61FC003E78B0297C359F53467CC28235BA473A6F148D16B35DDA956D
CDF1F922FFD78A6A3452A9A9487E0202AE706607AA2939880FF2E9B02D6AC3D4
CEDBA33FDA243FDFB4EC15D0928FA0F9B92BFF8D5B7C4C6C48AAF8C1DE4DB43D
D01861BD61E6D3693FCA2E92B04449343DBC82A34574940C10EF6667F76AB012
D037615770E3C66F7AB235D0E227067E9113D78DB84CAAEF84909D7CC067FA4E
D0893B5E90F0D43BAA7AD555C60B4E029F49A872B99A9335D1B4C69183CD9EDA
D0EA089CF0AAF040EEA682FF0011BE8782470456E15DB6D6B19F1ED80875FE94
D1306CA1ADEF2E2E9E04E195A6D81DFBB76B728C7B796A83103DC2C9486CEB83
D19D8CC88E81CA660AE5E7A1EEF7049D346CA95636DE952A9AB0352A880D1BA5
D21D34C3B130C8695F87216C0A47222192C405B34A0C8C5DC321D3BFDE310218
D26AF36CBF46D7F35C19B55073E6F9D7AAB26AA200F7E9613825F36AAD4510F8
D270F6B7B1AC8FCE06D15BA5C6D46409BDA882A3DBE107A28A620A48176271C4
D2756B7154027B96F0A7024AD618C179A80A1C14821AE35163AD159AD2CD047F
D27FACA143944D6EEE0E803B970152AC4EF5AE04C44633269BACFFC152BE9151
D2E381497E418C15D00126B6C9CDE371D08EABE5CF1A60CD5FC451E271FE1218
D2FE6A5D3E7CE84081B872D2BCB72CD79151ECC12E7B39023A84B0CED30D0554
D31CD5728F47D96FC9437561DA38CAC3CD7128B825BA7F8A43F88297A1AC075B
D3245D84EF2A5BC61A98C8542314E0AC914857D0C365E78A3BCD9F783DF901CA
D34AD1EE88F11F62F185C047049E37CF1C44B10666DA7EA14D91D4A0FEE67829
D359CA361C0A377D8C6C86E8CE565CF7B3A5E425C949EE1336FEEF265C363E57
D375B1E3C0C66A74A3AC56AE8C70CA5EE2018C73D6158C84DD6B75B18A25D4C4
D390946DE2ACFF5F34C76CA29F1B96CE7012301A461683E2789A67D618EF526D
D3FBA39E95A0B9E56937B74F321B9786DCCAF2FF42BB9D9EDB45C516D5E7D791
D4227DD3179928A428EDDB1A2C14B116551B9147761177AF7E4E5AC1D0F8BD7A
D4546CF589B6B2D6B1B70E3425855115FF130075D34D6B2EC28FE89ADA0F613C
D543C68FA3C415A40CAC3C0642267490790CB93FD546FA403692ABEE9BFB519D
D577928F9147015CE33C4B7A15F213E7332ABF05C5E69A06CFEC79AF1DDDFA5E
D58D11473711E7AA09A2A0AEF3DBD4B289CAF5EE987966A576A3F33534BCF5E5
D5AC08AE44730680482158F89E47FAE03C1EEE75AAD87C1D5091AB96AF6D985B
D5FE56D6DFB88B824EB9DAC2B25BD131114BB374C6BD093698D35CDA2811119E
D60EB52F9F58BC408E3E314D7F7F4191633AB57660657A91920399FF56F895F6
D61F564096AE7C83602E095A013C5A0D8161CF0EF940AD82F5C5BE2A96AB4ABB
D627711F2997545D25F6F7871D608999F91E3FBF45C77FCE1F8887A89F1A3249
D65B98194FD7F3ABFD66EA3DDCF2D2447DDB79D57CC26B41342F2CC459CA8EE0
D6B2847E556DEFD1399A9FF54AE19BCB2142E9BB86288BAF34105A23CE5956B9
D70C8DD9BA4586CFBDBAB74C06FF062610F19C7C40060A64CFF9E22E827D8483
D778484A0A5149EC0090D54820E93C982315AF6C1BFE21F4591939E6D9FD2228
D78768CEB04687F1A624D4FA130684BA00D0E7E5220C4706EC068428C89564C3
D78EFEE5723FCCFF2C4869B6D3AD72DDEFA89D171ED201EBDC7AD17D9F6FE8F6
D7AEB16BA5CD415B59014A4DB76BC4D38F293399B392C2EAEFB82D1BBCF92CC2
D7DAB833B1DE7122A1DC41B1133AB93CAEC148C1217A72AFC279938221AB9B9B
D7F8FE69A1D080AE42D2804C289EC2EB2810EF63A2D640A5C1AEE0F6A7E49CDC
D7FF3728330211D4C997ADC90D30EAC58C9006EF58EA3178DFB5576CA731D42C
D8059B59A21DFB7D7A51B8EA4F18156901B119FD4E32C654226F51CE9F523E23
D80914EE686727D61741CE102692BFC1F3EAF11903990AA82FF69432EDFB707B
D85E2D8A2D61F8A6CC8FB1F4DC7492505F4B4BC76CD4437394B28EF9BA968594
D889D5F5F4CF21059928A29D855020E26CF1B4586B28FEF5E652308E421F048B
D9795275D3B60A8EFE70D8E75175F9B94EDC0C69057980EF059B685C0F65605C
D9D6B34D1EA33D8D7242B8742B3DDA0176DEC605AD4BB5C33997DA39A4D1206B
DA098EA5FD4E140BD882D4BA5FC94B0CE47D01630B5C92EFFEA01248BB5AFBE2
DA5A03198D1D8BE47D8DC2C28A16C740D20CB00E3F8BBCD1E4ACBCC8F39CDDC8
DADF6FFB3AD369E127958501BE6B6FA15D7855D61E1974C6EA3C3AC00611382E
DB2C31B3122889A5D65F16BA70E5FA60203276C13D710D9A399E90EF31147007
DB3F9AEBA7932DA709B07C62B899E85B833D35AB7C8C80021CBC6FD1A7F57ECE
DB881FDFC1D68E253C07D489145DA3BD4FF8019E1DAD87FAA4166AABC82E59DE
DBEEA524464848410D86F0904BC6BDE4B49E8E6161243BA10D5CF52178FFE892
DC65C926382795A3C8627FDCAF68598A81E8F374D10E076181DE58D5E6E4A898
DC8F6CD1A13465104DA55DCD3C509A85470B93E028D51E009B89920B38F9386E
DCA2663F4FB60CA5E02C2A63D1260853930D24C4E193F807BFB2DDA4719319C1
DCBC9B43ED416DD57F42C3DA0D28C7D21C0BEF7DCD8AABB4A207DF5226BE3843
DCBCEA00B0DFED9EBDC51809BE57B677B40E4A9FCED7799B8DAD884A151F35F8
DD043731586D8BA74A34615C2C4AF982904E67B1AF6241D317D2BADD0CEBD86F
DD1092A6DE6D17EFB2113F2F6B56F2540FE582CCF96FAEE81946184F0C6807ED
DD11C63631A47F0042B0B90EB1F134EA8C115E650899195B91F37A757A1DED6D
DDA0B979E0201A03DD95BD5304EC232CE866F736E4D708555994E6C4155D85CD
DDA5DDFE11998EBB5E9F422B791756E47746FFB81C2EDA729921F67316E0B0D9
DDEB8DBD77DDCCEF18383E127B59D7CD4DCE6BA7DE6DA642ECF49C3E771B49F0
DE39B18EB605B89DE317742842FD7DB6F0AC05B798F537485A599492730FD6DD
DE576220462837196511995042D57208D490EAE4C4CD8F0B01E03C497E937BD9
DEE0A8BE35C45474DF0867667E0473E8A60D30C066DD8EFB11F7E86FFEDF14F4
DF01FB3AB228DBA70628CBD5FA914686AA1816825C470E042E20DC92A4190874
DF1C7A2A6DD4A5AAB624EAF4856147D1C55D137199484DB1E04500175E54736F
DF658765A693E96C67259C981F82D1543120449292DD39279327AB3B706DB40D
DFA12A0E8E2F6299FAEF14208E12F4316677494C1508DC0584CF8D79E0BA8FF1
DFC9F9D2BF4954A5CF8121DD4D3A20BEA9BA32776C174FCF211E47FEAAFFD943
DFE211FB8685735EA529594BFA990F335FD41047F9390F73654B0EC638E59E88
E007C7A51886CEE5B7B17C655291CF616C19675E987CBC00168556F26A08F0CF
E01CFB692276DE45AB8F584DC42DAC2195004492D2E52CCC8FF4B56934EAB484
E044AB05C9EB6643081263705EF1B87FF5BA9005001A70B142FE2DC1968B4EEE
E076E64FBA1B4991B8C68AE5077B0B104253F750D71C447B55FA3773133CB5E9
E16AF0AA1B5FC3CB49AB285363E381C0690CACCB68EF4409D526FC5DEA74A098
E16EE1027573A77BDB367622DECC8B078068BC797B59FEE1BA9DD23ABF9B9D14
E1C82CC32EAF589FCDD1764672A54F1774BB2F5C829AE240C1CDD7E4391DD9F2
E1EEAC35CB64471310B5AB304D4D05071B3CAFFDF2CAB77DFFFB4FD813246C1F
E2017E86C53CB0CF86F42732EFE1692D3441FB2D4A260BB94172E3569D1B1080
E25E417E65C66FE280B53562516016491763ECD2325E637352F3F17C9746E73C
E266D81441E937ADFD5797A5901B40C24AFB90A8D5E052C60C8062FE1CED59EB
E299C9EC5234719B662CA6B91F5EAF77BF100F16AC8EE81BF740F754168B741D
E29EEF5AA9BBA2EF60F020E35F9E01B0E984AA5D32E6BE3AB48B84DC3325A329
E33E454FB8DE4048E178C6F36F3BDAAFFD47186AB921846A5BE07720E69F6018
E36ADAD781C5CE4AC68D5D0FA7BA6E8AE1933077CDA079FBA28FD6036823017E
E38AB444366E7D52AC79FC2309959DE3843B2E5054CE21B923982C2693E4A2F0
E3C8961CACAC670A81303FACE455AE2EC212EF34AEB8C8709EEFCC7C961A042E
E3FB4154DB35D1547F8248064D1D223B9B15D63076CA2F68CCCD64D91A5C3831
E43BDA6F8592DC48D952CD007098D9366EBD361DF38065FA740C3D5E4E972E06
E4422D478E002BC75410CED7DDDB9C944778746FB68120397DE7E2A82F8762B0
E45C3ECD953096AB185B98BEA393E1971E3B3527122A70D833A8963F97C8A967
E45F09E17627A8717E12E817C27C1C5B2F78F98CE2A3E802EF52855387F5BC5D
E469E2E1C2849AA12D3F85DB7CAF65A983F35BB828F3CCF99FFE219FE28867A7
E48B32A741A344C2107604BF0FF621673C467F4A11B5CE8E62D3C0F5335FEB4A
E4AE4B54156DF7D00BB4B7F7B626978C4F653CBB06891208C010E2CD9FD7A8FD
E4FEF401779A5B57DF927BCD4C15B844AB7478B9EF13C3B537C239A9087DD5FB
E513C473DD331E93539A6B14DF75968B5BD494287529A6BD71001AED14CC1914
E52C92C7860C3E0106EC02E59AB7303D14DBAC7AE5EFAF360C2CD350207F745D
E5969C6A0C8D897E3EB02B1321B64312CA49EC361AC40DABDCCF4152802B109C
E5A912C5127BCB0F491BE44E7A0D6C4C771D5F954E8AC7BBDB82A18F45FC0238
E5B778C62B94240C149B51C3C185EBA42A1045B540584775DFC8DFAFD8E80EB9
E6474BEAE736619C05CD5168FF7A3902F053C537CC1310661B38EBBF3955BF74
E68A6CE213CE5272FCD11B5A5191B35F97A5443B1FBF214F0F8D29BA8CBEE71B
E68E9B3EF83DAC4EE4D37CADF09459FF404E7A00C5E881D061591F8FC26051EF
E6E599A43E0470EB7E27678C2913273279348E017D2883ABDDDDBDFD333FCB6E
E7037735A88EA8FE94B56240FDD2FCA69C9CF89C45C392AD1DA6848AB6113422
E72F96F21FEC3642C8CD77C4C005EBCB6115E1A8755B4323D5550219740D9CF1
E7F5A8765DA270A29FFCA50BFC024C107E19126C49275ADBFD6F7F2C4C8B8C6A
E7FA23894256524060F0904E1B6D4A77747997B160B0F2D35C6184D022F6B4D8
E815166D09597F06BF4D07A0507F146A6EFF004D4AB7A097C9BD165DF832565A
E8355397AD2E5E58868575AFB58E80844D1A6B85D25111A9054C667E1DF291F0
E84E2472900F4778C918914B9914DBD94A707F2F689D1F6ECB0F67E37282FDED
E858533182DC04FA4A564FF6EDA9454DD4ED103FC316C1BE47BC8E0DEFE9C51E
E85F729EADC17BEE775EE3FD4E1F3C35B730FA00B7D66F31D30B43DAADCC3235
E86A7042BDE648B21D5D698989185740364102CB52A580E2BE8D62C8FA3EE8CD
E8AE43850ED9131BA297CE88A8CCB21B355C870A116EE3266576925D79B47A79
E8DAC539FC6D3C795288A70F1AD3539C7D8DA3189CA23A068C7F1B3C697BC158
E8DFE6C794F32C05B726B0742DB929039F78966FFCE95C07FBB1AD2C88B2BCCE
E8FE7F4E6FC6C1C290153D7A49E3B437425104D0A2FB4C66656443FF6D677A0B
E90FC1DA1B7FE24B93DD14C2C1A3F35C81D72F21C912E2BD83828DDF75B1938D
EA158B146CAC0046B55CF5FF0A739077F6B09AE2063331694D9600D3930229CF
EA84909EDA7E11C07CF078251D579B4FC340B85F46B4078468977C166C3D9A2D
EAB363B883B206EC22E82695D1B020CBCF297B529148E145333C87C247EC3ED4
EAC016FEFB5ED9FEA06B993B0CCCC394191BCE5CA89FD7B17FB0BC9CB442B55B
EAC947EEDC5D09ACFE88A5741D068B5A125175655050DB5CA3EE89552D797C8D
EB17AA42744CBBEB5319C711D8DD404A9308C292CFA6FD48C85541E1A4EB029E
EB2F545683E0E923D4F57370092A82A354DCE47E5E912B893611AE84237B4F12
EBA34C95B19B7BFF42A82DF61BCAC5340A6EEF71B3A6C92C257954FA0C273352
EBA8D6AC8CD57BFF69208BB163B4CFCDAED46A88EB808B1CBCE894475D1BB461
EBD0DEA940F574A0F6F9E71BAC5B3F3B0A157BC8447CD0ADA03016F04555C147
EC0C74AEFBA1448C7C0CC7752C1A6AF655A283EABA026DABFBFC6988CC0E5959
EC1EED9E9C3D0ECBDE9DC9C049B58B1B1CFB83B9EC2928888E06950C9D2B3DD5
EC556C14F967AE99AFD2DC39306592D83BBBE7E2407DF348123A2EF83FCF934B
EC91442ED7F64890FC5A2D94C9C6C4719D02E11A47ECF7161180F23876055836
ECBDE37402C751B2C562D5FF0621CDD28D858C7BE2DBC804A61969BD61F32E97
ECFCDD420D949B938F5F9ACCDE19EF719F062A91E70D5F796927C2260E6775C3
ED75481DCFCD005E2437D482CD06008DD0F7CC7A41FBCE9C73563692455FE22A
EDB05454FCBC9C081F633B5528F0DA322E7EE712D5BD949A554D8B56F7C9C8ED
EEA3CE88F8B84E93BAA261395B44A15698DF53CA1E97D287FBF31208C9469933
EEFD7972F5AF0D8C3305EF92EC6FAB123BC9E01C61E3D46A5C50A9C7CE85C19F
EF227D7413F510ED3E27BECF9CF1AF25804BDC3E75DF57B8D646F7FB977C81EE
EF472B41917953E0748686F4840F1960C1A889B1FBF8DF205FC81D3355E5D509
EF8DB0C574D9FC79D70EB5EE8581F245B7A85019D1DCD2A10FE26B8F6E2D16B6
EF908894CE18E7ECE3CF70932427038D43B6DDAD94F42E5DEBFE1B2782095828
EFCD91FB7D7B26E05614B763C79E0361227DC3FC6B7BCBF30F8E2DE4D6E2B7FA
EFDC9C3C0AD10D2D9AA3F68424C06A2F3FCF78612F088FC7AD888CDAA3CD6DD1
EFDFD0E8E8F1A57B8BB07D5C0AA93602EC72D04D67368B5DB8CC3C3138F32B84
F063579C915B657C1B07328FC4B7B68959A2770654845F0B1131DE2DC69D1BCC
F0E5DD84A2D89A8F7CC9EC7856CFD7020ED23BB934FA09EDE7A0639530A4D334
F125F75AFD0FB8AD29271F64A55749960105D5E644E59BD7E762409E04E39AD6
F15CE9147C413D1716793A8281AFAB17A73286792EFEF626BD9CEBD7AD653AEC
F1633AC5432EF75DCDAC047947A1FF808E2B885C035171DA8AAC79D7130E9616
F1E90F75FF9CD448CE2093876BAF421961681AE55F5817A04D2A0651D7CDA9D5
F225C51FBEA129DE95591210475A1734BD3D8275D24AC74CB3544ED236D57F7C
F2330006AE71B030402FA44BE2DD9C751B394FDF91A1D7957E4E703B0BE06C4F
F2409BA30B9F7893255E8E2D11AD9A6BBF7D7AA251D2E2CFE296E2F2C06DDEC1
F24A358D4EA4CA2AC780463733676AA5A16D0AFC0F6A2DBDC24446C6A12CD189
F2B25143D4E40672CEE62151D57413EB3F4963659CCCE40B94BE9BEDA45E3195
F2DC6CEA506624A395C10F143F12FBAA852AAF0FED0AD019DFA1B2DC55F8D468
F309ABCB0AF1A42802F3AFA17F12A85D4D96E21C20FEA784A67E9B02EE93E916
F33B6B85B8F24F496A274CEEBC2CA6ABFC69E5C3727E8D3D1EEEEC266BB004CB
F38B12A66FE26E57CA144981217880AB375240B15D28512AC5ED4A79C2ADBBC8
F3CEB2E7818819B38F05BD71B9BB0D6928330DAE952CD67E2514C6B75DF8A84A
F3CEE4DEA292CADBDD9227C02647B30F96A3F4016FC9CFEE0EF829A9C67028B9
F3E5433C69943FC4EBFC5B83DCF7846B687B018A02E2A4135099966C9C6924F6
F432C91C6EF729EFCF37B73519D23644029620679FF23D2ED63A505CAB639AE9
F45D6586592D0AACF4598D727A9EB44F042338B4F03CA1B0C424223E0725A417
F45E7258937270C233D203AA15A60C09C88EE408B434C16A35D1202ED5B739F3
F477B6DB73EA2AC58C07906B418F76BBFAC3E5ED02AB216F23B751885746D537
F4854EE3655001F0DB05E1C286DD2DC0ED7F0C69A32E5518121A9480540F4E0D
F4898706329EC54AF6FCD996AED21D0E571FE1E3AE0199180E4769C55E169EFB
F4A924B4D1BDF35A7B780645AA8E02E707FFC486A3C7E151CB49252274696609
F4DE66B419F225CB8F62147FC7BC69D16DDC0DCA5E3D43E65A47FE96DA9A7117
F4E9049CF7F3D155EA97BE5612DFF2EF2270C058509AA58199DA3EAA62591A9E
F56DBD40997772B281747071F25C13473AA0323CFBF68751B9E7FC76B8AE2280
F57B3C6C42F9CCC0BF3323EEAA424E2378E50438727AAC3E098914166E76268C
F57C6E671D403B74B3B29AAD03BA7B34E72455D0B7F6686A897F096911016377
F5B1A3F00BC36F5B2B2BC7EC6E854E7BDA30670F5DAB5F479CC84F735B9E3C61
F5D14434FBBC701F881A0D3E819A2742073C89CA9B11A40EA83AF4830F590F73
F5E5B8A4CDBE1F8740D106E418565A2203C13755899695B989F1CFEED5094FD0
F60BCEF72CB3B05C8D184A125FE0DB959BA7ED11C57B3092ADAAD795121C4F96
F65DC6391C1A68E25A33A895FAAD8B9086320C7D5195C581EBF030D46B0ECCDC
F6C2C405852D95C472D37FF0E887A34FB62EB47D05E43A9B80C7DF79E4AA3587
F6F9E9186AC872375489089180C644870FD4FAB6730625832E5633EE17EE9053
F73AD0A63ADDDA1889E1BA88A0D8A06148BF785D41C1B71077CC178512D3C871
F73BE18434C191BB9AA81055497D6D6A3C406C501D6A07F4C4CFD0C21FB66A37
F78EC33A37D54F3131C7248AFC73841B05859E3F26D84A510CCD581DB93C7C8F
F7F4F6271AD826FC1941E20A1ECB47EA7A2F93F6C139065BD5090349D050FC95
F824AF13316F2B96EE71BE41C9660A6A75FB9D18C59E9B354B522A89EF808CE0
F83F80F4767E4FA074FB8B9FE42850500316A7F09E021F8F05558CE3AA0B7F43
F87EF5A840DE5405CC93434C9C23173165347CDD6F11B06D9A6D44B4409F6451
F8C684AC87DB034783A545CA180C0466D5E1A1A53794C6CEA813FFCAA9C70C44
F905F86969C75BFF9A642B7FA8318AA07425F3C46CE8EF8E04C49530BEB8ACE6
F9084E1CE30C62944B3E1DDAE33D82DCB262F802F35BFC34D74484B392EFBB4E
F94878FC7EC6685D2E1B3E20836FF480A7D3B2E8E061A83D5F6C220791A4C408
FA47BB59E0E06DC66BF0A6120C0E524F43D44D120C89B16DE28F238B5F318B16
FA707579BA7B87423FEA592573CC358E95F73380AB6504883B1D07A2DAFE70FE
FABB50B957AD7788DE76353776397836C502F6C38A4F8EE3DA43C61B8854CD30
FB4BCB4A371A77559F8E638E47EF37F93C41FD3431194F160A0999486F57AD97
FB582982E74EAE23FDF9E84A4A97A65D93E317792D0BFEABDBDA9A658DA0E6D0
FBA006A070284B417163D8388BC3F4E13574CD46EFB3DE8B0324911DF8134B91
FBA944F2D9968CFF15B42B3F200C7166E88D28689441A6553983ED0388D9F577
FC3646BD2DEE2051EE843029BEF2884AD1F81E39B9F47D2A6E731CBE1C96D607
FC561A2781F7D15D36D349D8F32CBC6815398E163075766E29511F5814F4DD22
FCC76FA1F58F5BFBBCF83F64CB5A473A82536C8E49242E888599547FFF38EF1A
FCE9BFA84B55D941EBB57D1A8D5B2B64EE04C9B78EFABB657787ABFE59513613
FD5AA1A361B43E9F8CE8EBB6C5F2A9D227F6DFC068AE2D2585B41897B86CB7F4
FD6438B2E4111B380E4060979C336BDD5D4FB9B02B52533EAF3773FD83AFF5C9
FD9BE95143C4108820FC4E993D8015329353F6976EFCAE3283805137F978F0C5
FDA700F67EA4F2F360D6BB6BCEC32F14E1CCD7532742BD17FD2B405A57BEDBAB
FDCF54C40B1742F8443B951414C8687B409E06FA3FB4F8621099C67BE1BF3EF0
FE3B26DE8649B406CB9DC27807E5C10FA586D1EFC347BEF32F6A3B6482F75EE3
FE4700CA8F8EA7AE37CB722A420B38B11F27FDF3C1189386F4B86B8CEDE399C0
FE63E153881DAC67E23A38B2D29225090D9C8B87EBC255DC3FAFD6ACC42968AB
FE788A420D54F550C798998805A789D82A3BA688E0F044C8D6B562BC9A4EFF49
FE7D4CED74260E1C7951AFA56455E19F9EDC06BC7488A64D430A589382B160F3
FEC40E57D1987F37B12E134200F955DE6200F5CC66CC33E5383DCD9072471FCB
FEDFD61C74B643CDAEBA1E63F47A5C0A91D2BB8B1AE09689324A6C39F74837DC
FEF6363518781A0116A96DD44D0C1D6F16B5CCBDA6E4C82519E2EABC823A9BC8
FF3F21DCD38D50A8395CAC36AD2B21F2ADB05D096BD88A56AEB9BC51EBA9ABFF
FF4D4D627C3E7545D9B7D6A89166AEE712D5E8DDCF5A077D052CD0FB421C84EE
FF91FC57F620DACA2769AA784053BA7845EBEB503D5F2D4D274A103D9D33133F
FFCD368EF1006E14A82391430A3FA226CDA76320564DD1EFA054C2C723DE815F
