v;560A9FA9B81B839EF3099008E39751FA6F2516EE18E872301642719C55C0BCE1;schedule|<com.appbrain.a.s: java.lang.Exception a(android.app.job.JobScheduler,long,boolean)>|com.appbrain.AppBrainJobService.onStartJob
v;933BF0915E4A7E0E2D1E8F462DDABFAAADB25CC79D35E6D88C07BBE0FC600DCA;schedule|<com.appbrain.a.s: java.lang.Exception a(android.app.job.JobScheduler,long,boolean)>|com.appbrain.AppBrainJobService.onStartJob
v;786BAB808BF3F8F7E0E096B3FD541F8B6D394C18F7805F42B43B18321F14A08B|scheduleAtFixedRate|<vn.truongngoc.xocque2019.Activity.HomeActivity: void n()>|vn.truongngoc.xocque2019.Activity.HomeActivity$2.run
v;E8AE43850ED9131BA297CE88A8CCB21B355C870A116EE3266576925D79B47A79|schedule|<com.alibrary.geograhy.dictionary.MainActivity: void initializeLogic()>|com.alibrary.geograhy.dictionary.MainPageActivity$19.run
v;EAC947EEDC5D09ACFE88A5741D068B5A125175655050DB5CA3EE89552D797C8D;schedule|<com.keyboard.common.kinfoc.ˋˆ: void ʽʾ()>|com.keyboard.common.kinfoc.ˋˆ$2.run%java.util.TimerTask.run
v;7C15A7B92A82F8FB7F58E95657E104C76BE4156F12E862E38D8F493B49D62663|execute|<b.a.b.a.c.b.h: void s(b.a.b.a.c.b.h$b)>|b.a.b.a.c.b.i.run
v;4119FF0523937D898B9C7F5F12F5729C933E1E531D181CE01135723E3D045E00|schedule|<com.appbrain.a.s: java.lang.Exception a(android.app.job.JobScheduler,long,boolean)>|com.appbrain.AppBrainJobService.onStartJob
o;B91B73A1DBA8A06F408D5BC54222B498ABB988DC120063E7A9344E137E157D9D|execute|<com.devapp.async.AsyncServer: void wakeup(com.devapp.async.SelectorWrapper)>|com.devapp.ion.LoadDeepZoom$1.run
v;B878D691C61C81DC36DC18ABB90F4F1AFDB2F813564F4B747C20D6202598FA35|submit|<com.ushareit.playit.afo: boolean a(int,int)>|com.ushareit.playit.afq.call
v;3F511F6D11BC6F6B4DDB9AAA408E3987B7E4ABCBF70556B90502D4849957937D|execute|<com.fsn.cauly.Y.dc: void l()>|com.fsn.cauly.Y.cm.run
o;CDF1F922FFD78A6A3452A9A9487E0202AE706607AA2939880FF2E9B02D6AC3D4|execute|<b.a.a.a.f.u: void a(b.a.a.a.f.g)>|b.a.a.a.f.p.run
v;F33B6B85B8F24F496A274CEEBC2CA6ABFC69E5C3727E8D3D1EEEEC266BB004CB|schedule|<rokux.tcls.hafid.strawt.SplashScreenActivity1: void onCreate(android.os.Bundle)>|rokux.tcls.hafid.strawt.SplashScreenActivity1$2.run
o;30BBDC0621BB6C02FA81CB2339D3E8C2954DA7D7AA5D8528B64B94CACCD5EB06|schedule|<c.a.e.g.l$a: c.a.b.c a(java.lang.Runnable,long,java.util.concurrent.TimeUnit)>|c.a.e.g.j.call
v;CCA7B1BA4D99F3596DB2A1A54FEC9506041CCB8201AD5B00FC9114F6E6EC53CE|execute|<radio.fm.onlineradio.d.d: void a(radio.fm.onlineradio.d.c)>|radio.fm.onlineradio.d.-$$Lambda$d$IApK_IxidILEL9i7wzcjqKEr6aY.run
v;B451977E07B5B95949CA5637CC7A777ACBD599E9EC5E480328127E45903C4A44|scheduleAtFixedRate|<com.adsinc.lrpresetsworld.MainActivity: void initializeLogic()>|com.adsinc.lrpresetsworld.MainActivity$46.run
v;083C6FAA22E57D930BF9682147FB673C8C8FE5D9700B7F724662418DF5F38B5C|schedule|<com.handpoint.api.EftPostman$TimeoutHandler: void activateTimer(com.handpoint.api.EftPostman$TimeoutNames)>|com.handpoint.api.EftPostman$HPTimerTask.run
v;72AB892671CC761EAD4EEAF305CDA16DB460C253C17F98F6385165491803E83B|schedule|<kylec.me.lightbookkeeping.oOD0DOoO0$OOO: kylec.me.lightbookkeeping.oD0oDO oOoO0o(java.lang.Runnable,long,java.util.concurrent.TimeUnit)>|kylec.me.lightbookkeeping.oDDO0DDO0O.call
v;04DFD15CA70FFF5A3777393738F8B3FB32CA629CF295F97224B6334FEC12DB94|submit|<c.i.b.a.e.a.tz0: java.lang.Object call()>|c.i.b.a.e.a.th.call
v;538EB276BEC7869DFCBFDE2C0CED2B94FF7AE3E01E263692D38C166721B4972F;schedule|<com.keyboard.common.kinfoc.ˉʾ: void ʻʽ()>|com.keyboard.common.kinfoc.ˉʾ$2.run%java.util.TimerTask.run
v;28A2EEE92E15E40EF0A194A2BF8FB447C702445991F3D71BBAD5FC2F5C78C2EB7|schedule|<com.dg.dghfhii53322.MainActivity$1: void onClick(android.view.View)>|com.dg.dghfhii53322.MainActivity$1$1.run
v;71996B271C0531A0CCE807210E33EEB418BED8439983DFE7CBBE4A9515E25DB0|schedule|<com.arefin.selina.hosen.MainPageActivity$10: void onClick(android.view.View)>|com.arefin.selina.hosen.MainPageActivity$13$1.run
o;BD005D3C2511292310750EE0E9C110E1875D2F538DC47707AD6EE2094598A44E|schedule|<b.e.b.a.i.a.fm1: b.e.b.a.i.a.vl1 a(b.e.b.a.i.a.vl1,long,java.util.concurrent.TimeUnit,java.util.concurrent.ScheduledExecutorService)>|b.e.b.a.i.a.yb0.run
v;2956C83514293AF031C2EF5CAB1AD9AA8853C379C68CE62E4D7740D64BF05A0C|submit|<com.b.a.a.a.a.a.a: void a(com.b.a.a.a.a.a.a$a,boolean)>|com.b.a.a.a.a.a.a$1.call
v;484094C68457BF2949DA7FD112DA87ABA9E3B752D29C6F311D8CB17430CC6D4C;schedule|<com.keyboard.common.kinfoc.יʻ: void ˆˊ()>|java.util.TimerTask.run%com.keyboard.common.kinfoc.יʻ$2.run
v;961B15B15A820F212D40B7D8976D45C9674E7BC1A29297E0CC386DD2DF13355A;schedule|<com.keyboard.common.kinfoc.ᴵٴ: void ˉˎ()>|java.util.TimerTask.run%com.keyboard.common.kinfoc.ᴵٴ$2.run
v;14496BEA01F4EF165A3CED6C6C8BAA40D4E0CE4246776225653628FCC0116C41;schedule|<com.hand.gpfs.gener.ߘ: java.util.Timer ϥ(java.lang.String,boolean,long,long,com.hand.gpfs.gener.Ǯ)>|com.hand.gpfs.gener.ߘ$ක.run
v;7286588B222477E2A9D9B0341FC16742ADC16E627098550C468C5A2AD8F4CE10|execute|<com.netcetera.android.girders.security.antidebugging.AntiDebugging: void checkForExecution()>|com.netcetera.android.girders.security.antidebugging.AntiDebugging$2.run
o;6F31A93DED3C04D7D032C6C221A7B54534909D6BBCCC732E286F3DAD9EEED259|scheduleAtFixedRate|<c.d.a.c.p: void a(long,long)>|i.h0.h.g$i.run
v;722F788E8A3896F9CD92BB4A87983BB414E7AA8C288F328DD73A1006A7DFB1EC|scheduleAtFixedRate|<com.super.phone.cleaner.antivirus.activities.JunkCleanActivity: void onCreate(android.os.Bundle)>|com.super.phone.cleaner.antivirus.activities.JunkCleanActivity$a.run
v;98ECF44A660063BD6039C2F0EF1EAB8798E1204C87816B6E30E7F8E88E020498;schedule|<com.Kidshandprint.hidemynbr.HideMyNbr: void a()>|com.Kidshandprint.hidemynbr.bb.run
v;415D5FC5BBCDE54D170A6112705FF324FEE88FFB7996D7951853F5D792C3A776|scheduleAtFixedRate|<e.d.b.a.g.a.re1: java.util.concurrent.ScheduledFuture scheduleAtFixedRate(java.lang.Runnable,long,long,java.util.concurrent.TimeUnit)>|e.d.b.a.g.a.te1.run
v;3D18B88844DD2571198FA8929E2E3E129CACCD28B50B775A45C33F5EBED7F678;schedule|<com.cm.kinfoc.ˉﹳ: void ᐧʿ()>|com.cm.kinfoc.ˉﹳ$2.run
v;9461B35AAC0855C7A305293DFE2B871B17EB9A3458C4250E83F64E49B05B9324|submit|<g.d.a.a.d: java.util.concurrent.Future a(java.util.concurrent.Callable,long,java.lang.Runnable)>|g.d.a.a.q0.call
v;2DA4F4978C9C01E138DCCB9BD21D191B40F70FF796C1AB56B12A39E01B287434;schedule|<b.b.a.a.f.a: void a(long)>|b.b.a.a.f.c.run
v;F5B1A3F00BC36F5B2B2BC7EC6E854E7BDA30670F5DAB5F479CC84F735B9E3C61|execute|<a7: void b(java.lang.Runnable)>|com.facebook.ads.redexgen.X.FI.run
v;966005D1773BF2EF8F76BB3BDF6C03E41389D497E91FBCE75F936C9A1B043B53|execute|<com.ˈٴ.ʼʾ.ᴵﹳ: void ˈٴ(com.ˈٴ.ʼʾ.ˈⁱ,com.ˈٴ.ʼʾ.ʻᵔ,java.lang.Runnable)>|com.ˈٴ.ʼʾ.ᴵﹳ$ˈٴ.run
o;17AC27D53B37EE1F40B32054E90F4FC126BBBD400957570B58FBA6D42DD2C411|execute|<com.puzzlersworld.android.ui.activity.CheckoutActivity$9: void onResponse(retrofit2.Call,retrofit2.ai)>|com.google.android.gms.internal.ads.dg.run
v;71996B271C0531A0CCE807210E33EEB418BED8439983DFE7CBBE4A9515E25DB0;schedule|<com.arefin.selina.hosen.MainPageActivity$10: void onClick(android.view.View)>|com.arefin.selina.hosen.MainPageActivity$10$1.run
v;8FEAF4C6A3A613EAF6D555EBF3725ED2289B091215680C625711BBBE5C2ED8B6|schedule|<com.sg.apphelperstore.ExtraActivity: void _copyFile()>|com.sg.apphelperstore.ExtraActivity$3.run
v;1F5660B7AC438800720D8D9C7F48D5EC2F1D590737B21E3AF6113CB10DE52115|submit|<c.b.a.a.b: void a(c.b.a.a.b$b,boolean)>|c.b.a.a.a.call
v;04E261ED767F569AA69FFAA28A974F76679C738EA1C71475ECDEC5F1304EABB2|scheduleAtFixedRate|<wonder.city.baseutility.utility.bigfile.customview.CategoryBar: void a()>|wonder.city.baseutility.utility.bigfile.customview.CategoryBar$a.run
v;CB4CF83E857C714E00E7A7D513AA23E9F423A770A34EC5BB70BA0FEFF598EFFC|enqueue|<com.elalamapps.flashalertfree.MainActivity: void onCreate(android.os.Bundle)>|com.elalamapps.flashalertfree.FlashLightWorkManager.RegisterReceiverWorkManager.doWork
v;BB42B0BE728058F2D3B8939BBCB6A082B75829704162A9E8D064F88DD8042B01|schedule|<it.smartapps4me.smartcontrol.activity.a.i: void a(it.smartapps4me.smartcontrol.dao.EventoApplicativoViaggio,java.lang.String,java.lang.String)>|it.smartapps4me.smartcontrol.activity.a.k.run
v;D31CD5728F47D96FC9437561DA38CAC3CD7128B825BA7F8A43F88297A1AC075B|execute|<processing.data.Table: void setColumnTypes(processing.data.Table)>|processing.data.Table$1.run
v;9C5C1914DEB72DC17A4C64EA631AF48F6DC8CEB71CD296142FBD64B433F61345;schedule|<com.daimler.mymbfs.android.cos.views.RateProgress$CartoomEngine: void startCartoom(int)>|com.daimler.mymbfs.android.cos.views.RateProgress$CartoomEngine$MyTimerTask.run
o;FC561A2781F7D15D36D349D8F32CBC6815398E163075766E29511F5814F4DD22|schedule|<f.a.g1.j2: void a(long,java.util.concurrent.TimeUnit)>|c.c.b.b.i.a.j60.run
v;34A8B42DDB03EA10CAAA5DABF63D4DD85C00F879868D89D6324DDC5014F823CC|submit|<b.a.a.l: java.util.concurrent.Future zUpiprfiRkzaOPVO(java.util.concurrent.ExecutorService,java.lang.Runnable)>|b.a.a.B.run
o;3097621D6536DCDAB46BAEEF42F72C8863B24F50481B24E9DF1D22AB10FD608B|schedule|<c.d.b.c.b.j.j: c.d.b.c.e.a.te1 a(c.d.b.c.e.a.te1,long,java.util.concurrent.TimeUnit,java.util.concurrent.ScheduledExecutorService)>|c.d.b.c.e.a.tj0.run
v;E044AB05C9EB6643081263705EF1B87FF5BA9005001A70B142FE2DC1968B4EEE|scheduleWithFixedDelay|<com.soluwin.viewer25.Items.SDVideo$SDVideoView$PlaybarMonitor: void init()>|com.soluwin.viewer25.Items.SDVideo$SDVideoView$PlaybarMonitor$4.run
v;16704F811E130B4D88B7A29DA28C1B36427A1424530D05E400F318B41DDE2917;schedule|<telegram.movies.neobix.JoinGrupoActivity$UnityBannerListener: void onUnityBannerError(java.lang.String)>|telegram.movies.neobix.JoinGrupoActivity$UnityBannerListener$1.run
o;EFCD91FB7D7B26E05614B763C79E0361227DC3FC6B7BCBF30F8E2DE4D6E2B7FA|execute|<c.d.a.n.n.a: void <init>(boolean)>|g.i0.h.g$a.run
o;84C1FE8139B2D151DED5FF1F59EFB219C95E9136DE5199E703974B891559B777|schedule|<com.my.xando.Scr2Activity: void _dialog(java.lang.String)>|com.my.xando.Com1Activity$12.run
v;48800EA8B7A68D8961A02F8A3172426085A97132A357D7F0B0839223CA0529CD|scheduleAtFixedRate|<com.martinloren.l: void g(int)>|com.martinloren.m.run
v;BE1AD4FB42B70A3ABF29D8891AB405A2844E39173EDA19392E27F9F7B0165394|schedule|<com.ultrazoomtelescope.hqimgproczoom.hdcamera.MainActivity: void startTimer()>|com.ultrazoomtelescope.hqimgproczoom.hdcamera.MainActivity$15.run
v;87A6460E0EBD0FEDAEBCE3AFFFF2C2AAB10DE27A879BD236DD10502B55E72EF4|submit|<com.caij.see.Wwwwwwwwwwwwwwwmmma: java.util.concurrent.Future oOOO0Oo0(java.util.concurrent.Callable,long,java.lang.Runnable)>|com.caij.see.oo00o0$Wwwwwwwwwwwwwwwwwwwwwwwww.call
v;4E5FB5B66BC4CBC90E9DF719DF7EAB5C8D940EC9B138D24EF3D7DF75BF3154FA;execute|<c.a.b.g: void a(c.a.b.n,c.a.b.p,java.lang.Runnable)>|c.a.b.g$b.run
v;5CE8BC421CE6AFBCD6A9F3BF25A80D5E1634D1D687F81F1C58965B6FAFD23337|submit|<e.e.a.j.a: void a(e.e.a.j.a,e.e.a.j.a$c,boolean)>|e.e.a.j.a$a.call
o;2F39AC4C3BF98554018567FB337AA8A6E9FF6609869DC00080A8F2805D8DE6EC|execute|<o.resolvePanel: void notify(o.setupButtons)>|o.hasCallback$4.run
v;6D71220A9387340B1092DE37802F756F4CC9156A632734C4575CA238CDCD900C|submit|<com.apptracker.android.util.AppMediaDownloader: boolean downloadFileInBackground(java.lang.String,java.lang.String,java.lang.String,com.apptracker.android.util.AppMediaDownloader$AppMediaDownloaderListener)>|com.apptracker.android.util.AppMediaDownloader$1.run
v;30EECF9FFFF6F87B0411E680273486680CB5F1CE323CA7EF90FFBF9785B3938D|execute|<com.sensi.alt.b.b: void a(com.sensi.alt.b.a,android.widget.ImageView,com.sensi.alt.b.c)>|com.sensi.alt.b.d.run
v;D60EB52F9F58BC408E3E314D7F7F4191633AB57660657A91920399FF56F895F6|execute|<b.a.b.a.c.b.h: void s(b.a.b.a.c.b.h$b)>|b.a.b.a.c.b.j.run
v;D26AF36CBF46D7F35C19B55073E6F9D7AAB26AA200F7E9613825F36AAD4510F8;schedule|<com.appbrain.a.s: java.lang.Exception a(android.app.job.JobScheduler,long,boolean)>|com.appbrain.AppBrainJobService.onStartJob
v;3EB0290D93CB4C006CEC5FD7113E69DC63C703800F48D3F4A4F2B70F92E917DF|execute|<net.microinvest.b4adatecsbluecash50.TaskFP: void runTask(net.microinvest.b4adatecsbluecash50.FiscalRunnable)>|net.microinvest.b4adatecsbluecash50.TaskFP$2.run
v;D85E2D8A2D61F8A6CC8FB1F4DC7492505F4B4BC76CD4437394B28EF9BA968594|submit|<ir.tapsell.sdk.f.k: boolean a(int,int)>|ir.tapsell.sdk.f.k$a.call
o;BB7182DC5455E4C7999571B202F72E35D99E3C5E9CB1E1FCFC6ED91884FA599A|schedule|<og.vpp.fy.activity.Rvdesosdqsgiarnctidjjy: void onResume()>|ohi.g73.g73.c7p.xyc.run
v;CAE5DA8CB7297D947CB231E485463B5BBFD5753AC4A29F3E52A9D5A70D25D032|execute|<org.xutils.common.task.q: java.lang.Object b()>|org.xutils.common.task.g.run
v;327AC02E022685894C1A2B0818D7CBA878BE43EB3886489CB4A7681C109591F4;schedule|<com.appbrain.a.s: java.lang.Exception a(android.app.job.JobScheduler,long,boolean)>|com.appbrain.AppBrainJobService.onStartJob
v;43F564912970C7A581E89EAF1ED8BF753DBCF9B0B308A6AA2B3956445E290502|submit|<d.a.p.g.k: d.a.p.g.p a(java.lang.Runnable,long,java.util.concurrent.TimeUnit,d.a.p.a.b)>|d.a.p.g.p.call
v;38B0BA8EF5223991B4206F10B4CB3DF1E5473B836C1F32C54BE173101C15A6B6|execute|<b.a.b.a.c.b.h: void s(b.a.b.a.c.b.h$b)>|b.a.b.a.c.b.y.run
v;05B6F908159A4E101025BE352ECC5682259552ED80567C9003F64203D7D3D13C|scheduleAtFixedRate|<kqntbenqjbuwqmfpuy.xpojtqlvxznrxpdnr.fwiylpqrkawxuviycs.iughojycsufwrap.ignphvpdugujjrhbpv$mbrjemqvjlakhtn: void run()>|kqntbenqjbuwqmfpuy.rppqnhrxqyaayaqr.cwislpruofteqrbwtoa$uapcpscrfnqnvgztwlc.run
v;BA128A6E47E8F1702FA54FC4775692EAA13E1B9D7DB7F8A773D5AB984E1A9C27;submit|<com.a.a.d.b.l: void a(com.a.a.d.b.u)>|com.a.a.d.b.u.run
v;34A5AAFAA2B2ED5D239DFE3D5B339727C9EA393A79E340B22BF9186DC4F93E35|schedule|<xo: android.app.Dialog m0(android.app.Activity,java.lang.String,android.view.View$OnClickListener,android.view.View$OnClickListener)>|vp.run
v;56561477912160C72FF7D71066B52025232A0A300BE1C9E6B4E730B0DC6FA0ED|scheduleAtFixedRate|<com.together.top.MainActivity: void initializeLogic()>|com.together.top.MainActivity$1.run
v;BA36EA3D9B151914D989DD30B200B36F7B41F8AC125984085DD1E5B19375A783|execute|<c.c.b.a.d.d.i0: void a(c.c.b.a.d.d.i0$a)>|c.c.b.a.d.d.b.run
v;7538BF89E5C763E61DE49232AC1DF3BDD0D71AF843140FA5658D82AF67BE1B13|execute|<nl.xservices.plugins.SocialSharing: boolean doSendIntent(org.apache.cordova.CallbackContext,java.lang.String,java.lang.String,org.json.JSONArray,java.lang.String,java.lang.String,java.lang.String,boolean,boolean)>|nl.xservices.plugins.SocialSharing$3.run
v;92FCC1EA62FCE65B357889EFBB0D8292B1B3479AC70C69314BAF3AA69ADDA42C|schedule|<c.i.b.a.j.w.j.e: void a(c.i.b.a.j.l,int)>|com.google.android.datatransport.runtime.scheduling.jobscheduling.JobInfoSchedulerService.onStartJob
v;44064F0F603EFC021984F9E9385EB84F7653FA0C001790CE1A9A7AC53060329A;submit|<c.d.a.e.c0: void l()>|c.d.a.e.c0$a.call
v;BC1810E57556B4E591DDE78AB33EF0339FBFE4C7814BB1C82B19CDD0E3BFB243|submit|<b.a.b.a.d.g7: b.a.b.a.d.x7 d(java.util.concurrent.ExecutorService,java.util.concurrent.Callable)>|b.a.b.a.d.g7$c.run
v;2A943F8B9E42C0E3F6F907AD01BE4EE23BEEA2FB2875A980D2663BC3CC69FD02|schedule|<com.Kidshandprint.constitutionmarocaine.MarConst: void a()>|com.Kidshandprint.constitutionmarocaine.x.run
v;B76B084B67030F5D9E612A59680E5E41552C0669FCE3042B57AA505CF17D6F8D|schedule|<com.cm.base.infoc.base.ᴵᵢ: void ʿﾞ()>|com.cm.base.infoc.base.MyJobService.onStartJob
v;40C13085EA40D3C708340A9D4EB86CEC36DFA0E6AC9C909B8C9E627C1739BC4D;schedule|<Gc: boolean b(Mc)>|Ic.run
v;AC035179EA244033FA57A0FCDFA97B76743A2DCD31C20B3DCC9868192D943D69|scheduleAtFixedRate|<com.turaki.krypt.krypton.MainActivity: void _mp_move()>|com.turaki.krypt.krypton.MainActivity$38.run
v;CB3C649DDB6E968F90FBA3EE768CFC626EBEFA8E57E7804ABB35030B4E34A380|submit|<com.fractal360.go.launcherex.theme.gfl.dictionarypack.DictionaryService: int onStartCommand(android.content.Intent,int,int)>|com.fractal360.go.launcherex.theme.gfl.dictionarypack.DictionaryService$1.run
o;A651F3A73A20FDE48E4A6AEA6B81EB824F967ECABE8E316666D033760781D94B|execute|<c.c.b.a.e.a.zw: void a()>|c.c.b.a.e.a.Zw.run
v;6A5628EF2665A2ABE1FF9CCBC27974F0AFD99284A0E77B2B99ACF3709CB24905|schedule|<com.countdown.tasbih.MainActivity$7$2: void onDataChange(com.google.firebase.database.DataSnapshot)>|com.countdown.tasbih.MainActivity$22.run
o;3D320F0DE6F3AE6098EE607475B287BE6424A8A7CD4DBAE9FF4A840192E4F8F4|submit|<c.b.b.a.e.a.JR: void <init>(c.b.b.a.e.a.ZQ,java.lang.String,java.lang.String,java.lang.Class[])>|c.b.b.a.e.a.MT.run
v;D68CF6E447DA94F85C1C0F0734AE9F74BFFA2188741387EC9343FDA984B93770;schedule|<bz: void wZtLOV(long)>|bz$vBWdh0H5.run
v;19DB26C6D3740574EB5221AE034473032588E4DB0BFC48D1A564CB3C5FD37677;schedule|<com.appbrain.a.s: java.lang.Exception a(android.app.job.JobScheduler,long,boolean)>|com.appbrain.AppBrainJobService.onStartJob
v;4119FF0523937D898B9C7F5F12F5729C933E1E531D181CE01135723E3D045E00;schedule|<com.appbrain.a.s: java.lang.Exception a(android.app.job.JobScheduler,long,boolean)>|com.appbrain.AppBrainJobService.onStartJob
v;A4F399E9BAD30B2C697ACA4E3E7A6F6BD6F28A8F8C494A3D55B01E1C016B794E|scheduleWithFixedDelay|<c.a.e.g.e$a: void <init>(long,java.util.concurrent.TimeUnit,java.util.concurrent.ThreadFactory)>|c.a.e.g.e$a.run
v;F4A924B4D1BDF35A7B780645AA8E02E707FFC486A3C7E151CB49252274696609;schedule|<com.catatanfisika.MainActivity: void initializeLogic()>|com.catatanfisika.MainActivity$1.run
v;EBA8D6AC8CD57BFF69208BB163B4CFCDAED46A88EB808B1CBCE894475D1BB461;submit|<b.b.a.d.b.n: void a(b.b.a.d.b.t)>|b.b.a.d.b.t.run
v;D7F8FE69A1D080AE42D2804C289EC2EB2810EF63A2D640A5C1AEE0F6A7E49CDC|schedule|<net.technisys.android.core.geo.map.c: void d(int)>|net.technisys.android.core.geo.map.d.run
o;1429006F578084AA4F6798641E7CA27A942BD3F56493C36C393754A40344D7BF|execute|<com.truenet.android.TrueNetSDK$a: void a(android.content.Context,a.a.d.a.a)>|com.truenet.android.e$c.run
v;C33115736BCCE06DE9203696A476E4BD4D4EA044D2E94FB84C086881D2A5C644|scheduleAtFixedRate|<net.satis.d2a._Geolocation: java.lang.String start(int)>|net.satis.d2a._Geolocation$1.run
v;426AB3CC1BEBC1BBC12A74883C5A0A338C4B4E217CA3BB2AA6E94D458772A9E9|schedule|<com.rachittechnology.GoodsAndServicesTaxAct.ShowFavList$ShowHelp: void onDestroy()>|com.rachittechnology.GoodsAndServicesTaxAct.ShowFavList$ShowHelp$3.run
