v;BD7D7F93D3BED8E7AC46311EF591444F9C5658D9C2C08AD86D646F103617FE5C;schedule;<com.aerserv.sdk.view.component.VideoWithEndCardView: void startVideoTimer()>;Delay of execution in ms;200L
v;FEC0FF41B4E4181CF47BA621C7E2C8912C1BDB53F4AFA5350EED5DE322922DB8;schedule;<org.altbeacon.beacon.service.ScanJobScheduler: void schedule(android.content.Context,org.altbeacon.beacon.service.ScanState,boolean)>;Persistent;1
v;D9CEEF83D30DFB198432FA09CB5A0E61A6FEDC08046F287FCD4456138D36C6CF;schedule;<org.mightyfrog.android.simplenotepad.NoteEditor: boolean onKeyDown(int,android.view.KeyEvent)>;Period after next execution in ms;9223372036854775807L
x;DA2F3304BAD3D9B8E3B302C925D54EB94CB7EBC007E3B4C50BFE8CFDED8B3561;scheduleAtFixedRate;<org.java_websocket.AbstractWebSocket: void startConnectionLostTimer()>;Delay of execution in ms;Unknown
v;B0C945E60A2CCE8D09065C6DBB958F668582094B3D40DF8940E1367C0393F2EE;schedule;<com.aerserv.sdk.view.component.VideoWithEndCardView: void startVideoTimer()>;Period after next execution in ms;200L
v;1236AB8187B61E5C7AC43E84DB695A55640F630A54856027BBCFF5956F009A1C;schedule;<com.cm.base.infoc.base.ˊٴ: void ˉˋ()>;Periodic;3000000L
v;1399C6DAE26D5D089ABA24D2C02517C82FB04DCF8FF217032BF3EC96EEAA24A4;schedule;<p4d236d9a.p672433c6.p4a8a08f0.p8277e091: void uJYSWEfOpPdpfhLr(java.util.Timer,java.util.TimerTask,long)>;Delay of execution in ms;80000L
v;73F4B6736518C6AFA2568D3BC0F4777DC86CDD70E5FC82AEC4C5BCFCE7AF9D35;schedule;<org.altbeacon.beacon.service.ScanJobScheduler: void schedule(android.content.Context,org.altbeacon.beacon.service.ScanState,boolean)>;Persistent;1
v;0455856B21738EE947B07C9BD4FED387D78E9C43AB241C07ECF8C39137C5AF7D;scheduleWithFixedDelay;<io.sentry.connection.BufferedConnection: void <init>(io.sentry.connection.Connection,io.sentry.buffer.Buffer,long,boolean,long)>;TimeUnit;MILLISECONDS
v;CEBA8A921C00A0963E396231129C689C5B6AD12AF02A93DBF4695F6FD6A79DF6;scheduleWithFixedDelay;<org.appcelerator.titanium.util.TiResponseCache: void <init>(java.io.File,org.appcelerator.titanium.TiApplication)>;Time before execution;10000L
v;375AF69629FE2EED2BB192F8EEAF2AE1C6908B46ADF1D8613AD0CF267FE5C4C6;schedule;<org.altbeacon.beacon.service.ScanJobScheduler: void schedule(android.content.Context,org.altbeacon.beacon.service.ScanState,boolean)>;Persistent;1
v;3E88712180F4B4B18793E436D85D6089B99EBA30407AAE61E421011CE073C685;scheduleAtFixedRate;<o.TV: void aUx(boolean)>;TimeUnit;SECONDS
v;CD6330B2796513FDCD62DE359189DF4F3DC87CAB2AD24102C1CC88E32A4F25CB;schedule;<org.altbeacon.beacon.service.ScanJobScheduler: void schedule(android.content.Context,org.altbeacon.beacon.service.ScanState,boolean)>;Persistent;1
v;390972CADE4C6EE5D0AB3DF884E9DE53B572EA7D8D90322FF5D2E9296596B5B9;scheduleAtFixedRate;<br.com.serasaexperian.consumidor.ǀɨ: void ɹ()>;Time before execution;0L
v;BD7D7F93D3BED8E7AC46311EF591444F9C5658D9C2C08AD86D646F103617FE5C;schedule;<com.aerserv.sdk.view.component.VideoWithEndCardView: void startVideoTimer()>;Period after next execution in ms;200L
v;7FAF7218515999F7407684412B62FF73993EE193CF58A7996F434AE9DE99B0B5;schedule;<com.xunmeng.pinduoduo.service.LifecycleReportService: void c(android.content.Context)>;Periodic;60000L
v;0D5B24EA483533B49A4564EFADC95398C322F62E7041D852614D5FEA5EF6A64A;schedule;<f.g.e.p.o: void b(f.g.e.p.l,f.g.e.p.p0)>;TimeUnit;MILLISECONDS
v;38471CC158CA1E8BB8D2428B541E871BCBFF6342B5C6111B6F39D46F230A55CD;schedule;<com.xiaomi.push.j: void a(java.lang.Runnable,int)>;TimeUnit;SECONDS
v;3B7BB6186E5D143D386EAAD6C5A281CA3F16900EE0B00B0ADB89804530417A7D;schedule;<org.altbeacon.beacon.service.ScanJobScheduler: void schedule(android.content.Context,org.altbeacon.beacon.service.ScanState,boolean)>;Persistent;1
v;2ACA00A08B164DB5925958B56B4B3FE0A41553D5910A6C9B75E35B7848590629;schedule;<com.cm.base.infoc.base.ʽﾞ: void ﹶᵎ()>;Requires device idle;1
v;9086E639532157C942D1EB8646A51D4ACAC413C367A7D39C0C231CE419709DFF;schedule;<bigbobo.guard.DownloadService: int onStartCommand(android.content.Intent,int,int)>;Period after next execution in ms;1000L
v;BEA1AF029F189F5565F04408FED5132196C5CC02E27E905C9BBC291D1404E578;schedule;<org.altbeacon.beacon.service.ScanJobScheduler: void schedule(android.content.Context,org.altbeacon.beacon.service.ScanState,boolean)>;Persistent;1
v;3AF58CD540B937047244B0DAD3DBDB74A3FAC748217A0CDD8EC7655291BFC1AC;schedule;<com.oacrm.gman.activity.Activity_AddWorkLog: void setbc()>;Delay of execution in ms;5000L
v;E64E396AE0D6E39C2865F8946957CFDDDAF80B45B7262FE08D039204E7FB618F;schedule;<com.networkbench.agent.impl.k.d: void a(com.networkbench.agent.impl.harvest.HarvestConnection)>;TimeUnit;SECONDS
v;BF851182031394C3B747A8B91581F9DFE5A1FE6F1C12672C31DA21E7642EA973;schedule;<hm.Zf: void WH(com.mitake.android.taiwan.object.PH008Result)>;Period after next execution in ms;7000L
v;7AB762CBAAE758F91E5E381E6884AF88C45D672BE4FCC6D303BA59D4F1BAB14E;schedule;<org.appcelerator.kroll.util.TiTempFileHelper: void scheduleCleanTempDir(long,java.util.concurrent.TimeUnit)>;Time before execution;5L
v;502A05BA8330F14871D51AF517C5F4D9C7E93AC7DDBA54807D2A184904763858;scheduleAtFixedRate;<c.e.f0.o: void f()>;Period after next execution;86400L
v;40BA1438CC055F6A13B69282CA621CA70577F02B16C1020658B610AFB57AFEB7;schedule;<com.dmholdings.denonbtremote.a: void e()>;Delay of execution in ms;1000L
v;158AEC4ECFAE99CED93572F3B1A93E8D3E1C3788CD9C2D3FD543D6A53F093C31;schedule;<com.jdjr.risk.device.b.n: void a(java.lang.String,java.lang.String,int,int)>;Delay of execution in ms;200L
v;E1CF6A23A9A6378D14EAB4D9CF27F5AB9167EEB97E5C1396D4458BC0B17AF3AB;schedule;<org.altbeacon.beacon.service.ScanJobScheduler: void schedule(android.content.Context,org.altbeacon.beacon.service.ScanState,boolean)>;Persistent;1
v;23A45B363C5502C150BE6A047FFA88D993078A82DCD9567681DDF861C338D67C;schedule;<com.mingyan.library.media.MusicPlayer: void play()>;Period after next execution in ms;30L
v;E1D77E0E69EA38E2B475CEBDC7F6B808026730EBDA78291222F93E965B3CA7D7;schedule;<org.altbeacon.beacon.service.ScanJobScheduler: void schedule(android.content.Context,org.altbeacon.beacon.service.ScanState,boolean)>;Persistent;1
v;7AB762CBAAE758F91E5E381E6884AF88C45D672BE4FCC6D303BA59D4F1BAB14E;scheduleWithFixedDelay;<org.appcelerator.titanium.util.TiResponseCache: void <init>(java.io.File,org.appcelerator.titanium.TiApplication)>;Period after next execution;60000L
v;3A21E8AAB037D0FCF302189BE09A28C2E81EF55D902501514FA29F1E405D19A1;schedule;<com.qk.plugin.js.shell.SplashActivity: void startSplash()>;Delay of execution in ms;0L
v;061D15F59A17EF737FA62263C74E68DB10210BD0C9296359582FE599F701172F;schedule;<un7: void a(java.lang.Runnable,int)>;TimeUnit;SECONDS
v;7FAF7218515999F7407684412B62FF73993EE193CF58A7996F434AE9DE99B0B5;schedule;<com.xunmeng.pinduoduo.service.LifecycleReportService: void c(android.content.Context)>;Persistent;1
v;9EC57ECEE94AC88057FD043FDD2276B9C92A06593D55EAD10D173FD41B90B5DC;scheduleAtFixedRate;<Dp: void Wwwwwwwwwwwwwwwwwwwwwwwwwwwwwwwwww(boolean)>;TimeUnit;SECONDS
v;02CC3B8EA4A9F4DF4C03A5E94794973BABA679AA4B6888120BB23AF46A335927;schedule;<com.nathnetwork.xciptv.CategoriesActivity: void f(android.content.Context)>;Network type;1
v;0A8D23474BB85873E699226FC974A6A49709DB34C9FDF006FD0EFF0BA2A2E254;schedule;<c.h.a.f.f: void <init>(c.h.a.b.e.b)>;Delay of execution in ms;180000L
v;6B1B993660EAE3B5270D21E55B5E6CE1A9A72DD39DFE99EC707C08CFF6C993A3;schedule;<sogou.mobile.explorer.quicklaunch.f: void a(android.content.Context,sogou.mobile.explorer.quicklaunch.QuickLaunchItemData,boolean)>;TimeUnit;SECONDS
v;1FDDE7BC2B9F06B290D1B4E0978D6D1FF9847BB9B16B19FE4502308D55B4FB05;scheduleAtFixedRate;<com.appypie.snappy.radio.player.RadioService: void startTimer()>;Period after next execution in ms;1000L
x;29772B56EE5C6151F006430F09654A999F4D99E5ED33A9B282292DB44EB3A578;scheduleAtFixedRate;<com.sensorsdata.analytics.android.sdk.util.SensorsDataTimer: void timer(java.lang.Runnable,long,long)>;Period after next execution;Unknown
v;8DE581609137B4AF679C3787B7A2266D1AEE213EE2318C850139C40739A135AF;schedule;<com.nathnetwork.xciptv.CategoriesActivity: void f(android.content.Context)>;Persistent;1
v;18EE58F5480B4F41112045E116FB334F200D3C3C29F7191AFD3A4DF876B67A0F;scheduleWithFixedDelay;<org.appcelerator.titanium.util.TiResponseCache: void <init>(java.io.File,org.appcelerator.titanium.TiApplication)>;Time before execution;10000L
v;35BA7EFBDA1F0C909D162003099D5B574019DA166404E9C950958234771C4F6E;schedule;<org.altbeacon.beacon.service.ScanJobScheduler: void schedule(android.content.Context,org.altbeacon.beacon.service.ScanState,boolean)>;Persistent;1
v;02CC3B8EA4A9F4DF4C03A5E94794973BABA679AA4B6888120BB23AF46A335927;schedule;<com.nathnetwork.xciptv.CategoriesActivity: void f(android.content.Context)>;Required charging;1
v;EDCA63F45B5A695B10693847250E0812D976F09F4E2C9933BA4E070F36D71D77;schedule;<com.nasmob.nswitch.sdk.NSWTrackManager: void uploadTrack()>;TimeUnit;SECONDS
v;2ACBA3D6E364B8BDDE843CBD0E0736A780FF5D1A15E54A4D4D757457344351C7;schedule;<wowthree.DownloadService: int onStartCommand(android.content.Intent,int,int)>;Delay of execution in ms;1000L
v;E119EC680E9987F9DE6CCEF9192A10089379F2E769DF2C406822F30B587B8EF9;schedule;<org.altbeacon.beacon.service.ScanJobScheduler: void schedule(android.content.Context,org.altbeacon.beacon.service.ScanState,boolean)>;Persistent;1
v;AE96EAE9CC0239C0CAC394D5F6A1305B086E1D1DCE6AA560F5060986908D8C41;schedule;<com.app4joy.niger_free.FlagStart: void b()>;Delay of execution in ms;0L
v;29F5E607BF71D261FFAAD01546C77525736A25D0E9AA7A2B04E6D231EB6A6948;schedule;<org.altbeacon.beacon.service.ScanJobScheduler: void schedule(android.content.Context,org.altbeacon.beacon.service.ScanState,boolean)>;Persistent;1
v;9A120585FBE917C03D8CAFE704BB6BCB4D6086ABA1B036897C5C52CF6913EBBB;scheduleWithFixedDelay;<com.appyet.exoplayer.video.ExoUserPlayer: void setDefaultLoadModel()>;Period after next execution;900L
v;2486CC71A41EB96AA76439150A3D6A259928BCAB9ACB466002C9F7BDA441C2A9;schedule;<com.cm.base.infoc.base.ʻـ: void ﹶᐧ()>;Network type;1
v;E2239880854916F69F0B815B40E9B8325AB2AE9035E62630705E38AA8841EA0A;scheduleAtFixedRate;<com.appypie.snappy.radio.player.RadioService: void startTimer()>;Delay of execution in ms;0L
v;9CDDB718CB1AE587356AEB96FEF16AE5D2B35549CFA8C7B1CAF5F6B591707964;schedule;<com.qk.plugin.js.shell.SplashActivity: void startSplash()>;Delay of execution in ms;0L
v;4834AE289EE365CBD051BE50DE5A499C0ECA483520657D10E05AA8D4BDBB7314;schedule;<com.ncert.class7.english.solutions.SplActivity: void initializeLogic()>;Delay of execution in ms;3000L
v;F8F0534215B487AF9695B795E88BAE468581371BC4BFA348E78FDAD8F7641DD2;schedule;<dassthrh.odeohle.odeohle.etuapd.ierons: void cbostee()>;Persistent;1
v;A944D2DA02A2FFE0C14EA33B6852DB0C6C11E3611391373B76B35BCF66969A20;schedule;<org.appcelerator.kroll.util.TiTempFileHelper: void scheduleCleanTempDir(long,java.util.concurrent.TimeUnit)>;Time before execution;5L
v;33A57CFEBCFBD263F6FA2E3372450A2477DD78B4C9A4FCBCA59972533CC409E4;schedule;<com.trustlook.sdk.cloudscan.CloudScanClient: void h(com.trustlook.sdk.cloudscan.CloudScanClient)>;Network type;2
v;8DE581609137B4AF679C3787B7A2266D1AEE213EE2318C850139C40739A135AF;schedule;<com.nathnetwork.xciptv.CategoriesActivity: void f(android.content.Context)>;Network type;1
v;FB2D2D19996B1FD1928330E834E2EBB6D6B548EA597CB990821E50A34759520C;schedule;<f.f.b.d.i.f.f0: void a(com.google.android.gms.internal.firebase-perf.zzbw)>;TimeUnit;MILLISECONDS
v;65A6223F2838F61B0FC0DE50798941EE2E5B44443BE652E850C8147159C87378;scheduleWithFixedDelay;<org.appcelerator.titanium.util.TiResponseCache: void <init>(java.io.File,org.appcelerator.titanium.TiApplication)>;TimeUnit;MILLISECONDS
v;CEBA8A921C00A0963E396231129C689C5B6AD12AF02A93DBF4695F6FD6A79DF6;scheduleWithFixedDelay;<org.appcelerator.titanium.util.TiResponseCache: void <init>(java.io.File,org.appcelerator.titanium.TiApplication)>;TimeUnit;MILLISECONDS
v;C5CB7128CD14186991845AE64C403179C275A09DC52E171C9B07FFCB5CB432F6;schedule;<g.h.e.p.x: void e(long)>;TimeUnit;MILLISECONDS
v;A28516ADBDF72B0F4AF3F24F1E7BAE6E4595D40B15555B9BD13953D59DC818C7;scheduleAtFixedRate;<bs.n.e: void n()>;Period after next execution in ms;1000L
v;3EC712CE52848A948D6212D1284C9E690915A06A5F1634CF019A850FFEB50C2B;schedule;<com.xiaomi.push.ai: void a(java.lang.Runnable,int)>;TimeUnit;SECONDS
v;EA9E51C9CCF2FD2D23C410D92C4A0FE57926A3B666DBE0C3E538747625FECED1;scheduleAtFixedRate;<com.narvii.nvplayerview.controller.NVFullScreenVideoController: void init()>;Delay of execution in ms;0L
v;AA3C84330D6DB80D0C0292A56EFFFA070E36A02265FB0EF49C8367CD66C5DD52;scheduleAtFixedRate;<com.appypie.snappy.radio.player.RadioService: void startTimer()>;Delay of execution in ms;0L
v;47FF2BA76247851F277341AF13E74FF03481D604CCC05A3C28F6242F70E977A0;scheduleAtFixedRate;<com.tuya.smart.login.base.activity.VerificationCodeInputActivity: void c()>;Time before execution;0L
v;AB48591925DC6D05A426122A2B9CB177F0EF2CD2CEB91F07C4A52F3E33886182;scheduleWithFixedDelay;<org.appcelerator.titanium.util.TiResponseCache: void <init>(java.io.File,org.appcelerator.titanium.TiApplication)>;Time before execution;10000L
v;0B90E6F4EBC376E67015B97435BEAB93EE0C45F8FB51887950337B883918829B;schedule;<com.xiaomi.push.ai: void a(java.lang.Runnable,int)>;TimeUnit;SECONDS
v;F40E9BA29F7FABE36021BDBA7D307442592F8579C5ABDC03DE13EBF64DBAFC76;scheduleAtFixedRate;<com.appypie.snappy.radio.player.RadioService: void startTimer()>;Delay of execution in ms;0L
v;158AEC4ECFAE99CED93572F3B1A93E8D3E1C3788CD9C2D3FD543D6A53F093C31;schedule;<com.xiaomi.push.al: void a(java.lang.Runnable,int)>;TimeUnit;SECONDS
v;4ADA32EC81EC1D298F1AFA7F2B27AA1FDB9CD5A222EE1C0AFC33DC5A331F120B;schedule;<tv.yixia.bobo.install.j: void a(int,tv.yixia.bobo.install.AppInfo)>;Period after next execution in ms;2000L
v;CF77D5E05AA85AA0DF403CA72E7B1D37F3F10B8EA0826637D0A277FEDEB72264;schedule;<org.altbeacon.beacon.service.ScanJobScheduler: void schedule(android.content.Context,org.altbeacon.beacon.service.ScanState,boolean)>;Persistent;1
v;F4060DF9796F1EB7115116C194F017EF9191DCAEB498D0B71CDAECE808123562;schedule;<com.xm.xmlog.d.b: void a()>;Delay of execution in ms;0L
v;1EEEBC1D99D4E3F910AAE9900423C7B352A987A7F492C02513578BED23A36653;schedule;<com.b.a: void d(android.content.Context)>;Required charging;0
v;CCC8CD4CDF110FB61E685CA5F5B523D8E44BB12C2DD4C52BE07AA93EDA62E9B9;schedule;<org.altbeacon.beacon.service.ScanJobScheduler: void schedule(android.content.Context,org.altbeacon.beacon.service.ScanState,boolean)>;Persistent;1
v;84513D89DAA597BAA63088EC368515ADDC69031362E6BB244A3736CED9ADFE55;scheduleAtFixedRate;<com.appypie.snappy.radio.player.RadioService: void startTimer()>;Delay of execution in ms;0L
v;A79374E8A4DF1A0B27EFD7A178B52D046399208A610BC880AB35A2C8572B2FD7;schedule;<com.cm.base.infoc.base.ˎʾ: void ʿˑ()>;Network type;1
v;9CDDB718CB1AE587356AEB96FEF16AE5D2B35549CFA8C7B1CAF5F6B591707964;schedule;<com.qk.plugin.js.shell.SplashActivity: void startSplash()>;Period after next execution in ms;500L
v;6C7D324BD5461E95FF2635823570FCB5212B6E72D87C56B53A9136A7E4BFA69A;scheduleAtFixedRate;<com.tanwan.gamesdk.versionupdates.DownloadChangeObserver: void startDownloadProgress()>;TimeUnit;SECONDS
x;CD6330B2796513FDCD62DE359189DF4F3DC87CAB2AD24102C1CC88E32A4F25CB;schedule;<org.altbeacon.beacon.service.ScanJobScheduler: void schedule(android.content.Context,org.altbeacon.beacon.service.ScanState,boolean)>;Latency;Unknown
v;CFE2D1FF68EBC939AE381A4FF01CB8BF57BBDC2177E56FF34FD1AD7E5D5181F0;schedule;<org.altbeacon.beacon.service.ScanJobScheduler: void schedule(android.content.Context,org.altbeacon.beacon.service.ScanState,boolean)>;Persistent;1
v;44F29715FB5A639CA19868C05821BD3D3B963FBD5FC0BB6BCFF06101E5FB5AF1;schedule;<com.xiaomi.push.at: void a(java.lang.Runnable,int)>;TimeUnit;SECONDS
v;B766FFDFE7359776D5195C446EDB7846743865620F6A1E40D2FB2DE6A4B10EE1;scheduleAtFixedRate;<com.appypie.snappy.radio.player.RadioService: void startTimer()>;Period after next execution in ms;1000L
v;4154860695952510E1AD2D7859347A4DE22DC3E2D7CA8DF899D513B25822E628;schedule;<gpp: void c()>;Time before execution;0L
v;56D8A904DF2AFE85255559857A16505937D68708F485535C1183DBC20E70540E;schedule;<org.altbeacon.beacon.service.ScanJobScheduler: void schedule(android.content.Context,org.altbeacon.beacon.service.ScanState,boolean)>;Persistent;1
v;8A794396C0C6999F4ABDF29890E5A39238753EF53825EE18FDDDF1145FC7415F;schedule;<com.cm.base.infoc.base.ٴˎ: void ﹶﹶ()>;Required charging;1
x;3E6FDA6F4B39A840FED8E805A42EB7373425C4A481875D849051198CF47C5B7E;schedule;<com.appypie.snappy.advertisement.appyjump.AdserveView2: void startReloadTimer()>;Delay of execution in ms;Unknown
v;D5C31FDF0DD22C9D636F1C0A0498049E36D97476E72509DB017F73331F73D3C5;schedule;<com.soax.sdk.ArchSdk: void ˈ(android.content.Context)>;Persistent;1
v;1E75EB00598BF8F316A1B0E22F6F777E648D6C9405E5BCF3948C22B0DA697E80;schedule;<org.altbeacon.beacon.service.ScanJobScheduler: void schedule(android.content.Context,org.altbeacon.beacon.service.ScanState,boolean)>;Persistent;1
v;8DE581609137B4AF679C3787B7A2266D1AEE213EE2318C850139C40739A135AF;schedule;<com.nathnetwork.xciptv.CategoriesActivity: void f(android.content.Context)>;Periodic;3600000L
v;50B93121D43434746031A0E5B851E1BB006A8A80BF9F653092D60055EDE7371F;schedule;<anet.channel.strategy.utils.a: void a(java.lang.Runnable,long)>;TimeUnit;MILLISECONDS
v;A944D2DA02A2FFE0C14EA33B6852DB0C6C11E3611391373B76B35BCF66969A20;scheduleWithFixedDelay;<org.appcelerator.titanium.util.TiResponseCache: void <init>(java.io.File,org.appcelerator.titanium.TiApplication)>;TimeUnit;MILLISECONDS
v;6615C1865194685F990615A3A9AA08F8AF21D58C55560A8D654F8B586AEB287E;schedule;<org.thoughtcrime.securesms.gcm.FcmJobService: void schedule(android.content.Context)>;Network type;1
v;8E98C7C9396702700020AC8F749CEC3C1A9FDA65DB66899AFCA6E27B66012EAE;schedule;<com.qk.plugin.js.shell.SplashActivity: void startSplash()>;Delay of execution in ms;0L
v;47FF2BA76247851F277341AF13E74FF03481D604CCC05A3C28F6242F70E977A0;scheduleAtFixedRate;<com.tuya.smart.login.base.activity.VerificationCodeInputActivity: void c()>;TimeUnit;SECONDS
v;9D8744B04061F89405E0FA7EF5BB4C997BB8523CE0BD3167657ED5A6DF566CAF;schedule;<co.ronash.pushe.Pushe: void d(android.content.Context)>;Periodic;1800000L
v;F9DE39A810E1D6382F1737525AEC91FC57357225C48D0D3B2D9B8FE74F2B05A5;schedule;<com.jejubank.smart_a.ui.main.LoginActivityOnly: void iIIiiiiIiIiI()>;Delay of execution in ms;0L
