java.util.concurrent.RunnableScheduledFuture
java.util.concurrent.ExecutorService
java.util.concurrent.ExecutorCompletionService
java.util.concurrent.ScheduledExecutorService
java.util.concurrent.ScheduledThreadPoolExecutor
java.util.concurrent.AbstractExecutorService
java.util.concurrent.Executor
android.net.wifi.SynchronousExecutor
android.app.job.JobService
android.app.job.JobSchedulerImpl
android.app.job.JobScheduler
android.app.job.JobInfo
android.app.job.JobInfo$Builder
android.os.HandlerExecutor
android.media.soundtrigger.SoundTriggerDetector
com.android.server.job.JobSchedulerService
com.android.server.job.JobSchedulerShellCommand
com.android.server.job.JobServiceContext
com.android.systemui.util.concurrency.RepeatableExecutor
com.android.systemui.util.concurrency.RepeatableExecutorImpl
com.android.systemui.util.concurrency.ExecutorImpl
com.android.systemui.util.concurrency.DelayableExecutor
java.util.Timer
java.util.TimerTask
