android.app.job.JobSchedulerImpl
android.app.job.JobScheduler
android.media.soundtrigger.SoundTriggerDetector
android.net.wifi.SynchronousExecutor
android.os.HandlerExecutor
androidx.work.WorkManager
com.android.server.job.JobSchedulerService
com.android.server.job.JobSchedulerShellCommand
com.android.server.job.JobServiceContext
com.android.systemui.util.concurrency.DelayableExecutor
com.android.systemui.util.concurrency.ExecutorImpl
com.android.systemui.util.concurrency.RepeatableExecutorImpl
com.android.systemui.util.concurrency.RepeatableExecutor
java.util.Timer
java.util.concurrent.AbstractExecutorService
java.util.concurrent.CompletableFuture
java.util.concurrent.ExecutorCompletionService
java.util.concurrent.ExecutorService
java.util.concurrent.Executor
java.util.concurrent.ScheduledExecutorService
java.util.concurrent.ScheduledThreadPoolExecutor
