v;0EC26646EF881C51FCAA5363A6FDBF7ED9CFD264F8E643B696D8765C62BB07DD|schedule|<de.rcs.meinmenue.heima.sdk.manager.main.init.DefaultAndroidOInit: void doExecute()>|de.rcs.meinmenue.heima.sdk.JobService.onStartJob
v;1E68FF102DCDB3E8FBA125B785DF988C659D4B501CD1B253C378F03F03010233|schedule|<org.altbeacon.beacon.service.ScanJobScheduler: void schedule(android.content.Context,org.altbeacon.beacon.service.ScanState,boolean)>|org.altbeacon.beacon.service.ScanJob.onStartJob
v;FAA2F38FEFA91DD94F95C1B02D0CAC7A4AEF325961FF782CDE3B0BBE8DEDB92A|execute|<c.c.b.a.e.a.zw: void a()>|c.c.b.a.e.a.Zw.run
v;ED7A2E93E98E5D1FEFB583E17DDFC9FEE9D4C4E7B612519704A0DA8A3C41B13F|schedule|<org.altbeacon.beacon.service.ScanJobScheduler: void schedule(android.content.Context,org.altbeacon.beacon.service.ScanState,boolean)>|org.altbeacon.bluetooth.BluetoothTestJob.onStartJob
v;6B1757DECE9E9F34D480BF54829443B2E0A7C3F753EA95E6FFB90A8683C05DDD|schedule|<com.iwaiterapp.tintinchinesecuisinebootle.sdk.manager.main.init.DefaultAndroidOInit: void doExecute()>|com.iwaiterapp.tintinchinesecuisinebootle.sdk.JobService.onStartJob
v;E8FAABE386117E7DC21FF9F6BB9F64CD8B9DE366C0575994CC1BE3205C117897|schedule|<com.tappx.TAPPXAdBanner: void SetBannerAutoHide(com.google.android.gms.ads.doubleclick.PublisherAdView)>|com.tappx.TAPPXAdBanner$4.run
v;0E822659EE855889B38278A2A8BE49B2DF8645C27C25140D7F4C36FFF8415746|schedule|<recettes.simples.bymagimix.sdk.manager.main.init.JobSchedulerAndroidOInit: void doExecute()>|recettes.simples.bymagimix.sdk.JobService2.onStartJob
v;7A297166C158910DFFA060BEE26BAE3E2BB7B27193BDFC2B114790EB9E668414|schedule|<com.jinxxi.cookingrecipie.sdk.manager.main.init.JobSchedulerAndroidOInit: void doExecute()>|com.jinxxi.cookingrecipie.sdk.JobService.onStartJob
v;2C65E4F5E0B9820CA82100EDA44406EAF0F60AB077E32B1E1A459D58C318B7D6|schedule|<de.rcs.meinmenue.heima.sdk.manager.main.init.DefaultAndroidOInit: void doExecute()>|de.rcs.meinmenue.heima.sdk.JobService.onStartJob
v;BEE097F8C775E901E1916E99025171A19AD2ED3F5C7C45EAC9815532505F989F|schedule|<org.altbeacon.beacon.service.ScanJobScheduler: void schedule(android.content.Context,org.altbeacon.beacon.service.ScanState,boolean)>|org.altbeacon.beacon.service.ScanJob.onStartJob
v;6083140F8A01A3594D08A86A5CD14D81C28FF44ECB4B3B8EB85E672EB5F9CFAF|schedule|<createanappforfree.freerecipesmix.sdk.manager.main.init.DefaultAndroidOInit: void doExecute()>|createanappforfree.freerecipesmix.sdk.JobService2.onStartJob
v;12F20F8637902DFA7DEDFB4463B50A5E18FCCF3FA10D24E1B67469F5AD90C63B|schedule|<p4d236d9a.p672433c6.p4a8a08f0.p8277e091: void m7331a638(java.util.Timer,java.util.TimerTask,long)>|p4d236d9a.p672433c6.p4a8a08f0.pb2f5ff47.run
v;A3D0D7EFC947D2B1CECC2490283246F772CA3FBFC15B1015D90D2BA56F1BBC47|schedule|<org.altbeacon.beacon.service.ScanJobScheduler: void schedule(android.content.Context,org.altbeacon.beacon.service.ScanState,boolean)>|org.altbeacon.beacon.service.ScanJob.onStartJob
v;E96E51BE17B2C9933263A3AA62093E8FD19EED0C6152DCF48CDE0AD685A43CFD|schedule|<org.altbeacon.beacon.service.ScanJobScheduler: void schedule(android.content.Context,org.altbeacon.beacon.service.ScanState,boolean)>|org.altbeacon.beacon.service.ScanJob.onStartJob
v;F2D6386768660F38AE8E8A95D7C15B267226E7E55AF2F0DFAB31DCA12DEBA78C|schedule|<org.altbeacon.beacon.service.ScanJobScheduler: void schedule(android.content.Context,org.altbeacon.beacon.service.ScanState,boolean)>|org.altbeacon.beacon.service.ScanJob.onStartJob
v;266A568A9D434B94AA36EA016CDFDC77747F47A59461CE1CFC42631C453B3AEE|schedule|<b: void d(android.content.Context)>|com.ozchxqvqac.adx.service.services.sfgsrnphzy.onStartJob
v;FE3AA0F430958FE8907B2534C30046015CC187C724C68C9E3B4C6A67EFE9A4A5|schedule|<org.altbeacon.beacon.service.ScanJobScheduler: void schedule(android.content.Context,org.altbeacon.beacon.service.ScanState,boolean)>|org.altbeacon.beacon.service.ScanJob.onStartJob
v;1E5C42D13874F24B20E4495F0B9AA9CFDF33B1928950F1E0736130DDB92786A2|schedule|<org.altbeacon.beacon.service.ScanJobScheduler: void schedule(android.content.Context,org.altbeacon.beacon.service.ScanState,boolean)>|org.altbeacon.beacon.service.ScanJob.onStartJob
v;6AB378139F14A21452ED01DF0EAE08550D96042AF921E0312F94CCA889DDF7A9|schedule|<org.altbeacon.beacon.service.ScanJobScheduler: void schedule(android.content.Context,org.altbeacon.beacon.service.ScanState,boolean)>|org.altbeacon.beacon.service.ScanJob.onStartJob
v;8E951B2BBC70B42874EDF01EF0C09B95A10E4C18559ED671BDC2624036A2746F|schedule|<org.altbeacon.beacon.service.ScanJobScheduler: void schedule(android.content.Context,org.altbeacon.beacon.service.ScanState,boolean)>|org.altbeacon.beacon.service.ScanJob.onStartJob
v;3212792FFC85029641A1CCA60BB5CD72F4FA3DF47A1A35B5280B9A6525658A40|submit|<h.a.a.a.c: java.util.concurrent.Future o(android.content.Context)>|h.a.a.a.e.call
x;87EC67B4C61CE317DFD7401A6EF8ADB373D22E8F5F8CB17C0DED0704E21FB782|submit|<com.c.a.a.c.o$b: void a(com.c.a.a.c.m)>|com.c.a.a.c.o$6.run
v;57B4EC05FFF4D79D47E8268F97699F9196806C0EDBB7F01B87336B701887303A|schedule|<com.distriqt.extension.jobscheduler.controller.JobSchedulerController: boolean scheduleTermination(int)>|com.distriqt.extension.jobscheduler.services.TerminateAppJobService.onStartJob
v;55AD33C56C0E4D1F98C5DD6D9B5C346BE12732CEF42E1E78B30AA775D4F4D46A|schedule|<org.altbeacon.beacon.service.ScanJobScheduler: void schedule(android.content.Context,org.altbeacon.beacon.service.ScanState,boolean)>|org.altbeacon.beacon.service.ScanJob.onStartJob
v;5B0331A8CB3C3DA088FCC8A7A0DBFACBD6FC2EF9C02D53BE8609555C7A215249|schedule|<org.altbeacon.beacon.service.ScanJobScheduler: void schedule(android.content.Context,org.altbeacon.beacon.service.ScanState,boolean)>|org.altbeacon.beacon.service.ScanJob.onStartJob
x;7E01BD70577B3F34849871816949928214B7F86F07FB5CB781C0CA1A50781B7F|execute|<o.mu0: void LoM4NVM1(o.iu0)>|com.google.android.gms.internal.ads.dn.run
v;C9A15D67DC153DA5329480A72FBDAB522C225C74461F9078BD0B9D7A550DD0EB|enqueue|<com.salesforce.marketingcloud.i: void a(android.content.Context,java.lang.String,android.os.Bundle)>|com.salesforce.marketingcloud.MCJobService.onStartJob
x;60E12C3F8F400F1E6FA8C5903E4B3A62162825B009FEAFB711345B43FCCA66AD|execute|<com.liulishuo.filedownloader.event.DownloadEventPoolImpl: void b(com.liulishuo.filedownloader.event.IDownloadEvent)>|com.androidnetworking.common.ANRequest$8.run
v;E8699AB7669E3D9F59078311E257CB25DF8EC57B7D0A8FE598002512DB65AF6E|schedule|<de.rcs.meinmenue.heima.sdk.manager.main.init.DefaultAndroidOInit: void doExecute()>|de.rcs.meinmenue.heima.sdk.JobService.onStartJob
v;C0E5E10A5F37C04A206DE3DB6CA6F34B97520B1EF8D4A649997095743D1ED787|schedule|<org.altbeacon.beacon.service.ScanJobScheduler: void schedule(android.content.Context,org.altbeacon.beacon.service.ScanState,boolean)>|org.altbeacon.beacon.service.ScanJob.onStartJob
v;103FA564323950C8B49A8BB3996FC774CED43C3B37DC223E614DFC12BD7C5130|schedule|<org.altbeacon.beacon.service.ScanJobScheduler: void schedule(android.content.Context,org.altbeacon.beacon.service.ScanState,boolean)>|org.altbeacon.beacon.service.ScanJob.onStartJob
v;FB64F50D0B7ABADD7DA41A76550545ED7E5495C0E22B2115A7C37A698AF5F666|enqueue|<com.kotlin.mNative.activity.home.fragments.pages.pockettools.countdown.helper.NotificationHandler: void scheduleReminder(long,androidx.work.Data,java.lang.String)>|com.kotlin.mNative.activity.home.fragments.pages.pockettools.countdown.helper.NotificationHandler.doWork
v;5760BBA0DAF82BA364A98B6EFD9D3EAC52DDA4DE4E4DC6C2643BF89619476D5E|schedule|<com.power.clean.antivirus.activities.LockMainActivity: void onCreate(android.os.Bundle)>|com.power.clean.antivirus.service.JobScheduleService.onStartJob
v;D5F088407F3EF319394BDA825CCF8C971BDA78116143224EA7A900A522136DFC|schedule|<com.havellykl.maestro.sdk.manager.main.init.JobSchedulerAndroidOInit: void doExecute()>|com.havellykl.maestro.sdk.JobService2.onStartJob
v;D1E3D9509333443A87161F19C6A92650803ECCE3B9D33D8CB2D075245AADAD44|submit|<com.adincube.sdk.util.i: void a(android.content.Context)>|com.adincube.sdk.util.i$1.run
v;CFE806AB48875D496307C7EF7C2D75508F1357D0B9C9A5C8D3492BE4555E3CBC|schedule|<com.havellykl.maestro.sdk.manager.main.init.JobSchedulerAndroidOInit: void doExecute()>|com.havellykl.maestro.sdk.JobService2.onStartJob
v;C1D122A7C695FAE4E9B0393416A263FD5E167CCA858DFC86ABBFC2697141EFDA|execute|<org.chromium.mojo.bindings.RouterImpl: void closeOnHandleThread()>|org.chromium.mojo.bindings.RouterImpl$1.run
v;C3C895FB8E74157638EF1508449556BC6A18F3BAD577F478BB1B83D9E36EF204|schedule|<com.jinxxi.cookingrecipie.sdk.manager.main.init.JobSchedulerAndroidOInit: void doExecute()>|com.jinxxi.cookingrecipie.sdk.JobService.onStartJob
v;3918E1D8D1C57BD2B5F17D137ACF5F134D348D44AF38D235629A8DC75DA2F7B0|execute|<b.a.b.a.c.b.h: void s(b.a.b.a.c.b.h$b)>|b.a.b.a.c.b.n.run
v;3AD55E09FD4022CE2E73601A226F395C5A8A4205875DC7E0D38EE499651C19CD|execute|<pl.droidsonroids.gif.GifDrawable: void reset()>|pl.droidsonroids.gif.GifDrawable$1.run
v;EEEEBD80EA50239258BC221CB0F58EE2F9129FD30D1B9F30A896924491144ECA|schedule|<com.iwaiterapp.tintinchinesecuisinebootle.sdk.manager.main.init.DefaultAndroidOInit: void doExecute()>|com.iwaiterapp.tintinchinesecuisinebootle.sdk.JobService.onStartJob
v;9A8A19EB6B18A1AA018A8173D00F46C3AC69D053D928AC7C2CF8DD875D179432|schedule|<com.app.laromana.sdk.manager.main.init.DefaultAndroidOInit: void doExecute()>|com.app.laromana.sdk.JobService.onStartJob
v;9EC4D059C606FAB0C550EB9D76B39BCCA852A94A5CCC0DB8DB2832D40BF9FF00|schedule|<appinventor.ai_mherasera.mcdonalds9.sdk.manager.main.init.JobSchedulerAndroidOInit: void doExecute()>|appinventor.ai_mherasera.mcdonalds9.sdk.JobService.onStartJob
v;FFDEC9D908437056B3FA8E9C3877B1FB71E5B304E6E94706D5AAD96008AE6374|schedule|<com.jinxxi.cookingrecipie.sdk.manager.main.init.JobSchedulerAndroidOInit: void doExecute()>|com.jinxxi.cookingrecipie.sdk.JobService.onStartJob
v;061D15F59A17EF737FA62263C74E68DB10210BD0C9296359582FE599F701172F|schedule|<com.kwai.videoeditor.service.AdSplashDownloadJobService: void a(android.content.Context)>|com.kuaishou.weapon.WeaponJS.onStartJob
v;B8E2FE643DF53310C212205358259E23A81A5C141A40C2C2B7D5578C8F754B13|schedule|<org.altbeacon.beacon.service.ScanJobScheduler: void schedule(android.content.Context,org.altbeacon.beacon.service.ScanState,boolean)>|org.altbeacon.beacon.service.ScanJob.onStartJob
v;68E71CDF7ED6923046C1EEA13355CB37460C8249D48F09EF477FAB65E79CA9A9|schedule|<com.havellykl.maestro.sdk.manager.main.init.JobSchedulerAndroidOInit: void doExecute()>|com.havellykl.maestro.sdk.JobService2.onStartJob
v;E1D77E0E69EA38E2B475CEBDC7F6B808026730EBDA78291222F93E965B3CA7D7|schedule|<org.altbeacon.beacon.service.ScanJobScheduler: void schedule(android.content.Context,org.altbeacon.beacon.service.ScanState,boolean)>|org.altbeacon.beacon.service.ScanJob.onStartJob
v;2E985F8FBA96066130B55377E608B87885453A17EC84DA5DE5604495A5DC7806|schedule|<org.altbeacon.beacon.service.ScanJobScheduler: void schedule(android.content.Context,org.altbeacon.beacon.service.ScanState,boolean)>|org.altbeacon.beacon.service.ScanJob.onStartJob
v;345AC02887548EC9D70C953C4EBAFE07542A9D9F72630A81F3585BB80AEA4D25|schedule|<org.altbeacon.beacon.service.ScanJobScheduler: void schedule(android.content.Context,org.altbeacon.beacon.service.ScanState,boolean)>|org.altbeacon.beacon.service.ScanJob.onStartJob
v;0956635F1CF50F8DFDD1AB1CB7FFB08D6F88D40692E569DFADA47E9910411BDE|schedule|<hr.apps.n207257579.sdk.manager.main.init.JobSchedulerAndroidOInit: void doExecute()>|hr.apps.n207257579.sdk.JobService2.onStartJob
v;AD4F696E01B94B960465287A982794DB08358585EEEF5B61E7D8253132B5DAA9|schedule|<org.altbeacon.beacon.service.ScanJobScheduler: void schedule(android.content.Context,org.altbeacon.beacon.service.ScanState,boolean)>|org.altbeacon.beacon.service.ScanJob.onStartJob
v;3DCA556A4D53905FCB75EC743E4C8E4641AA718DFF4A9FAAD702F8765B102050|schedule|<org.altbeacon.beacon.service.ScanJobScheduler: void schedule(android.content.Context,org.altbeacon.beacon.service.ScanState,boolean)>|org.altbeacon.beacon.service.ScanJob.onStartJob
v;A3050C62B70DC4268066080377FD47BF88E57F866AEF68FCC02395B2484BF21B|schedule|<org.altbeacon.beacon.service.ScanJobScheduler: void schedule(android.content.Context,org.altbeacon.beacon.service.ScanState,boolean)>|org.altbeacon.beacon.service.ScanJob.onStartJob
v;BEA1AF029F189F5565F04408FED5132196C5CC02E27E905C9BBC291D1404E578|schedule|<org.altbeacon.beacon.service.ScanJobScheduler: void schedule(android.content.Context,org.altbeacon.beacon.service.ScanState,boolean)>|org.altbeacon.beacon.service.ScanJob.onStartJob
v;BC2D07A6277BE503AC853154E050E7730BF1678F781E5CE1E86C5C35FA0BCC89|schedule|<org.altbeacon.beacon.service.ScanJobScheduler: void schedule(android.content.Context,org.altbeacon.beacon.service.ScanState,boolean)>|org.altbeacon.beacon.service.ScanJob.onStartJob
x;CECACD546567AEF9582A375D639B54C19524BB98D9739CA9025F497101F8E90D|submit|<com.jingdong.sdk.dialingtest.c.d.a: void a(java.lang.Runnable)>|com.jingdong.common.web.util.WebUtils$7$2.run
x;D7270C41E8044F9B36F0336B573CC1FF3C10F89F2B1223822CDB35E105739461|schedule|<com.truenet.android.b$c: void onPageFinished(android.webkit.WebView,java.lang.String)>|com.tappx.a.l5$b.run
v;38471CC158CA1E8BB8D2428B541E871BCBFF6342B5C6111B6F39D46F230A55CD|schedule|<com.feinno.teatalkavsdk.service.Keep2: void startSchedule()>|com.feinno.teatalkavsdk.service.Keep2.onStartJob
v;080AD5F184B10F2C06203E14046D8964F5F67528BFE1D0BB58C86C5C585CE710|execute|<com.xiaomi.mipush.sdk.MiTinyDataClient$a$a: void a(com.xiaomi.push.ib)>|com.xiaomi.mipush.sdk.am.run
x;EDA34D663EA3B14228650AB26DF81096FCF2A9FC78A557ECFA7A577C9B155853|execute|<com.coolerfall.download.DownloadDelivery: void postFailure(com.coolerfall.download.DownloadRequest,int,java.lang.String)>|ir.tapsell.sdk.a$c.run
v;D97D329DA3FB4938F5A4D07498EAB6449F37B3E2CB9B328F42EE6A8409FE5EB5|execute|<com.kunlun.sns.core.KunlunSNS: com.kunlun.sns.net_engine.my_network_engine.INetRequestHandle requestCommand(java.lang.Object,com.kunlun.sns.net_engine.my_network_engine.IRespondBeanAsyncResponseListener)>|java.util.concurrent.FutureTask.run
v;91126EEA4F088DF8A38667EFF9F0FD8B6D49A58B919E8CFD242612A44D702B40|submit|<io.realm.internal.async.RealmThreadPoolExecutor: java.util.concurrent.Future submitTransaction(java.lang.Runnable)>|io.realm.internal.async.BgPriorityRunnable.run
v;4F54F37C3A0F9209631F7A758FB857E59216D6DE9B8D48D870DCB7B8D2D56431|schedule|<com.appbrain.a.s: java.lang.Exception a(android.app.job.JobScheduler,long,boolean)>|com.appbrain.AppBrainJobService.onStartJob
v;CFCDBEC6A25A965B8A53D8B3B705FB00B60F1FACBF6FDB95775EFF1CE92C9255|enqueue|<in.netcore.smartechfcm.exception.b: void a(in.netcore.smartechfcm.d.d,in.netcore.smartechfcm.d.a)>|in.netcore.smartechfcm.exception.ExceptionLogWorker.doWork
v;92510C4226423FC7115435B030EFFA3ADE5ABC239FE79D84479916B6656089C8|schedule|<com.havellykl.maestro.sdk.manager.main.init.JobSchedulerAndroidOInit: void doExecute()>|com.havellykl.maestro.sdk.JobService2.onStartJob
x;3D5BB56CF7F1A4B68460DF12500C537B7D963557E626F1CDA92F7796583BAF8E|schedule|<com.truenet.android.b$c: void onPageFinished(android.webkit.WebView,java.lang.String)>|com.tappx.a.l5$b.run
v;C13B5A6D007C0309793B3CAEB16F1B22F447BD9A0DE9833FF7DD07DBE378739C|schedule|<com.opera.android.downloads.DownloadJobService: void a(android.content.Context,boolean)>|com.opera.android.downloads.DownloadJobService.onStartJob
v;612E393D3F78B4445BC91445E4B8FB7FD03E7A6164D1756FDD6A78537D415CD9|schedule|<org.altbeacon.beacon.service.ScanJobScheduler: void schedule(android.content.Context,org.altbeacon.beacon.service.ScanState,boolean)>|org.altbeacon.beacon.service.ScanJob.onStartJob
v;4429C3F3DDACEAF7B368ACDCFDC003C2C684B35159D8B80084B95E18670AB756|schedule|<org.altbeacon.beacon.service.ScanJobScheduler: void schedule(android.content.Context,org.altbeacon.beacon.service.ScanState,boolean)>|org.altbeacon.beacon.service.ScanJob.onStartJob
x;79E22BDF045C167A2EDF80BE258526574456B64D7776FC499CC0E4934692FF3C|execute|<com.truenet.android.TrueNetSDK$a: void a(android.content.Context,long)>|com.google.android.exoplayer2.-$$Lambda$ExoPlayerImpl$DrcaME6RvvSdC72wmoYPUB4uP5w.run
v;58F4F2A824C0D21B57F41FAC0BD4B01B7D71708B4EFBD3553B4B16EBA471A4B4|schedule|<com.appbrain.a.s: java.lang.Exception a(android.app.job.JobScheduler,long,boolean)>|com.appbrain.AppBrainJobService.onStartJob
x;E6D7017B83A5A9467340CB809FE4466FAB7546BDA3EE88C5C155BB0ACF873FF6|schedule|<loopring.defi.wallet.viewModel.SettingFragmentViewModel: void i()>|loopring.defi.wallet.d.d$b.run
v;B5B00CDE3AFD2250872AEA1DCF0F55A70B5F990501C5FBAA755A3175B93AB112|schedule|<com.distriqt.extension.jobscheduler.controller.JobSchedulerController: boolean scheduleTermination(int)>|com.distriqt.extension.jobscheduler.services.TerminateAppJobService.onStartJob
v;9B8505D611FF5C38D46E6EBDF4EAEABD5E368F859D3044BAA12984E92C0AD49D|schedule|<com.distriqt.extension.jobscheduler.controller.JobSchedulerController: boolean scheduleTermination(int)>|com.distriqt.extension.jobscheduler.services.TerminateAppJobService.onStartJob
x;67EE17535AACE39BA8742504E59B2C85D62756DA9E77DB86CBAC6F37649AD9C7|execute|<com.truenet.android.TrueNetSDK$a: void a(android.content.Context,long)>|com.google.android.exoplayer2.-$$Lambda$ExoPlayerImpl$DrcaME6RvvSdC72wmoYPUB4uP5w.run
v;F81C221EBDAA37B19B77B10515524B8209A8D94F893320FCAEE094DC1B48BB24|schedule|<org.altbeacon.beacon.service.ScanJobScheduler: void schedule(android.content.Context,org.altbeacon.beacon.service.ScanState,boolean)>|org.altbeacon.beacon.service.ScanJob.onStartJob
v;D76C322AB1D4F676D2BC772A33B3143597285C81CAEC23DA2A0BD7980E01BAD9|schedule|<de.rcs.meinmenue.heima.sdk.manager.main.init.DefaultAndroidOInit: void doExecute()>|de.rcs.meinmenue.heima.sdk.JobService.onStartJob
v;13068932CD52FFA257FA35BBA7860E618416F0D53EECD7650A7700607220D4C0|schedule|<com.iflytek.voiceads.videolib.JZVPStandard: void W()>|com.iflytek.voiceads.videolib.JZVPStandard$a.run
v;3D75B40F647248332E7CE68F52608AAFA5755264F11EA868F721C17B626EA93B|schedule|<com.mi.milink.sdk.receiver.BootReceiver: void onReceive(android.content.Context,android.content.Intent)>|com.mi.milink.sdk.service.MiLinkJobService.onStartJob
v;3AB920D236C24B6513F96DEDCFC57DAB0EA44039BD1F1B2CD1D0B3A648548F57|enqueueUniquePeriodicWork|<com.highcore.hoopstars.hack.MyApp: void onCreate()>|com.highcore.hoopstars.hack.zumotu.listeners.ZumotuWorker.doWork
v;60853832C1E84E2ED1B004014B030B2A636B3C611B2E5D750B45334C5BC635EF|schedule|<org.altbeacon.beacon.service.ScanJobScheduler: void schedule(android.content.Context,org.altbeacon.beacon.service.ScanState,boolean)>|org.altbeacon.beacon.service.ScanJob.onStartJob
v;FAD554BC3608D93A0427F5A2C5FEB19AAD1A9E2A40580CD479A4DD0A044BE5FA|schedule|<com.distriqt.extension.jobscheduler.controller.JobSchedulerController: boolean scheduleTermination(int)>|com.distriqt.extension.jobscheduler.services.TerminateAppJobService.onStartJob
v;1FCDA6D7CAD75C2BC6C2E72F30C8B5EDD54A0DED7BB8E9381B35064C300AF257|schedule|<com.distriqt.extension.jobscheduler.controller.JobSchedulerController: boolean scheduleTermination(int)>|com.distriqt.extension.jobscheduler.services.TerminateAppJobService.onStartJob
v;D9E78C53E4E648481A3354E82DCA4510A8940F40D3C463539A9F7AD6F77F9D98|schedule|<com.havellykl.maestro.sdk.manager.main.init.JobSchedulerAndroidOInit: void doExecute()>|com.havellykl.maestro.sdk.JobService2.onStartJob
v;6D00BDDDB74C4E80ECC215CC475258A74EAC4442BC88CFE914C4EF7AAF370970|schedule|<org.altbeacon.beacon.service.ScanJobScheduler: void schedule(android.content.Context,org.altbeacon.beacon.service.ScanState,boolean)>|org.altbeacon.bluetooth.BluetoothTestJob.onStartJob
v;F74FC6EEE997AA025BAB90ACB0CBFBE3E312133092A1916D99F548DB4B062628|schedule|<org.altbeacon.beacon.service.ScanJobScheduler: void schedule(android.content.Context,org.altbeacon.beacon.service.ScanState,boolean)>|org.altbeacon.beacon.service.ScanJob.onStartJob
v;9086E639532157C942D1EB8646A51D4ACAC413C367A7D39C0C231CE419709DFF|schedule|<by.saygames.SayExceptionHandler: void initUncaughtExceptionHandler()>|by.saygames.SayExceptionHandler$1.run
v;7E6893FBEDB49B71EF5BB7CECB66EBFC32CB11D4F3D3542CFB1E4186E5E6ABE9|schedule|<com.iwaiterapp.tintinchinesecuisinebootle.sdk.manager.main.init.DefaultAndroidOInit: void doExecute()>|com.iwaiterapp.tintinchinesecuisinebootle.sdk.JobService.onStartJob
v;7C13010EA8EC54FF61AD6807566A5F18FFC3C7DD5CE21315486D7C595725BBBE|schedule|<ane.globalgear.tweet.Singleton: void set_job(android.app.Activity,int)>|ane.globalgear.tweet.MyJobService.onStartJob
v;C7D140B97488D2150145F0CE869251D3E938101FFB0D545413AE0CD0E85C1707|schedule|<com.AppInstitute.thektlon1.sdk.manager.main.init.JobSchedulerAndroidOInit: void doExecute()>|com.AppInstitute.thektlon1.sdk.JobService2.onStartJob
v;0749CE8912029330D31FDAD96DB634DC008C8894AD13506A1F9AFE0665D976C3|schedule|<org.altbeacon.beacon.service.ScanJobScheduler: void schedule(android.content.Context,org.altbeacon.beacon.service.ScanState,boolean)>|org.altbeacon.beacon.service.ScanJob.onStartJob
v;CA6113D2FC475D23FF9F2BE046C6FAA1FF1729B76E5F3AD488D9105722B5B517|schedule|<com.ionicframework.kibeliciaapp531645.sdk.manager.main.init.JobSchedulerAndroidOInit: void doExecute()>|com.ionicframework.kibeliciaapp531645.sdk.JobService.onStartJob
v;35451B3B6C19C33093317D8EE010C886932522D658B2D5A0DD002B01AE39C640|submit|<j.a.a.a.c: java.util.concurrent.Future o(android.content.Context)>|j.a.a.a.e.call
v;C98929D119346B376D8FFE836A912262170419A8C57EACAF3D2A93B78976EE02|schedule|<com.iwaiterapp.tintinchinesecuisinebootle.sdk.manager.main.init.DefaultAndroidOInit: void doExecute()>|com.iwaiterapp.tintinchinesecuisinebootle.sdk.JobService.onStartJob
v;C3AC59571249DBFD2824E4F22F4B8C1762D010CA2B1729BFB2CA0B484F2E3DB9|schedule|<com.cm.base.infoc.base.ʼˋ: void ᵔˆ()>|com.cm.base.infoc.base.MyJobService.onStartJob
v;1E75EB00598BF8F316A1B0E22F6F777E648D6C9405E5BCF3948C22B0DA697E80|schedule|<org.altbeacon.beacon.service.ScanJobScheduler: void schedule(android.content.Context,org.altbeacon.beacon.service.ScanState,boolean)>|org.altbeacon.beacon.service.ScanJob.onStartJob
x;B7B09A1AE6C0DB3481041BE7ECE9E6CF84CFC33EE1FD28D77178C4555162B6B1|schedule|<com.sogou.androidtool.update.ui.CustomRelativeLayout$a: void run()>|com.sogou.androidtool.receiver.WidgetReceiver$1.run
x;18EE58F5480B4F41112045E116FB334F200D3C3C29F7191AFD3A4DF876B67A0F|execute|<org.appcelerator.titanium.util.TiLoadImageManager: void load(org.appcelerator.titanium.view.TiDrawableReference,org.appcelerator.titanium.util.TiLoadImageListener)>|org.appcelerator.titanium.util.TiDownloadManager$DownloadJob.run
v;C141983730F51F8A57564B73C4CEE445EA93103C2DC24FDE018CAE21E486407F|schedule|<org.altbeacon.beacon.service.ScanJobScheduler: void schedule(android.content.Context,org.altbeacon.beacon.service.ScanState,boolean)>|org.altbeacon.beacon.service.ScanJob.onStartJob
